ARM GAS  C:\Users\LENOVO~1\AppData\Local\Temp\ccTOTgdX.s 			page 1


   1              		.syntax unified
   2              		.cpu cortex-m3
   3              		.fpu softvfp
   4              		.eabi_attribute 20, 1
   5              		.eabi_attribute 21, 1
   6              		.eabi_attribute 23, 3
   7              		.eabi_attribute 24, 1
   8              		.eabi_attribute 25, 1
   9              		.eabi_attribute 26, 1
  10              		.eabi_attribute 30, 1
  11              		.eabi_attribute 34, 1
  12              		.eabi_attribute 18, 4
  13              		.thumb
  14              		.syntax unified
  15              		.file	"cymetadata.c"
  16              		.text
  17              	.Ltext0:
  18              		.cfi_sections	.debug_frame
  19              		.global	cy_metadata
  20              		.global	cy_meta_flashprotect
  21              		.global	cy_meta_wonvl
  22              		.global	cy_meta_custnvl
  23              		.global	cy_meta_configecc
  24              		.section	.cyconfigecc,"a",%progbits
  25              		.align	2
  26              		.type	cy_meta_configecc, %object
  27              		.size	cy_meta_configecc, 852
  28              	cy_meta_configecc:
  29 0000 02       		.byte	2
  30 0001 52       		.byte	82
  31 0002 00       		.byte	0
  32 0003 40       		.byte	64
  33 0004 03       		.byte	3
  34 0005 65       		.byte	101
  35 0006 00       		.byte	0
  36 0007 40       		.byte	64
  37 0008 01       		.byte	1
  38 0009 07       		.byte	7
  39 000a 01       		.byte	1
  40 000b 40       		.byte	64
  41 000c 01       		.byte	1
  42 000d 09       		.byte	9
  43 000e 01       		.byte	1
  44 000f 40       		.byte	64
  45 0010 14       		.byte	20
  46 0011 18       		.byte	24
  47 0012 01       		.byte	1
  48 0013 40       		.byte	64
  49 0014 45       		.byte	69
  50 0015 19       		.byte	25
  51 0016 01       		.byte	1
  52 0017 40       		.byte	64
  53 0018 71       		.byte	113
  54 0019 1A       		.byte	26
  55 001a 01       		.byte	1
  56 001b 40       		.byte	64
  57 001c 51       		.byte	81
ARM GAS  C:\Users\LENOVO~1\AppData\Local\Temp\ccTOTgdX.s 			page 2


  58 001d 1B       		.byte	27
  59 001e 01       		.byte	1
  60 001f 40       		.byte	64
  61 0020 02       		.byte	2
  62 0021 40       		.byte	64
  63 0022 01       		.byte	1
  64 0023 40       		.byte	64
  65 0024 01       		.byte	1
  66 0025 41       		.byte	65
  67 0026 01       		.byte	1
  68 0027 40       		.byte	64
  69 0028 01       		.byte	1
  70 0029 42       		.byte	66
  71 002a 01       		.byte	1
  72 002b 40       		.byte	64
  73 002c 02       		.byte	2
  74 002d 43       		.byte	67
  75 002e 01       		.byte	1
  76 002f 40       		.byte	64
  77 0030 02       		.byte	2
  78 0031 46       		.byte	70
  79 0032 01       		.byte	1
  80 0033 40       		.byte	64
  81 0034 01       		.byte	1
  82 0035 47       		.byte	71
  83 0036 01       		.byte	1
  84 0037 40       		.byte	64
  85 0038 01       		.byte	1
  86 0039 4C       		.byte	76
  87 003a 01       		.byte	1
  88 003b 40       		.byte	64
  89 003c 07       		.byte	7
  90 003d 4D       		.byte	77
  91 003e 01       		.byte	1
  92 003f 40       		.byte	64
  93 0040 02       		.byte	2
  94 0041 50       		.byte	80
  95 0042 01       		.byte	1
  96 0043 40       		.byte	64
  97 0044 01       		.byte	1
  98 0045 51       		.byte	81
  99 0046 01       		.byte	1
 100 0047 40       		.byte	64
 101 0048 61       		.byte	97
 102 0049 80       		.byte	-128
 103 004a 64       		.byte	100
 104 004b 40       		.byte	64
 105 004c 88       		.byte	-120
 106 004d 72       		.byte	114
 107 004e 89       		.byte	-119
 108 004f 38       		.byte	56
 109 0050 8B       		.byte	-117
 110 0051 0F       		.byte	15
 111 0052 EE       		.byte	-18
 112 0053 04       		.byte	4
 113 0054 EE       		.byte	-18
 114 0055 04       		.byte	4
ARM GAS  C:\Users\LENOVO~1\AppData\Local\Temp\ccTOTgdX.s 			page 3


 115 0056 86       		.byte	-122
 116 0057 02       		.byte	2
 117 0058 88       		.byte	-120
 118 0059 04       		.byte	4
 119 005a 95       		.byte	-107
 120 005b 01       		.byte	1
 121 005c 9A       		.byte	-102
 122 005d 08       		.byte	8
 123 005e A2       		.byte	-94
 124 005f 02       		.byte	2
 125 0060 A4       		.byte	-92
 126 0061 01       		.byte	1
 127 0062 A8       		.byte	-88
 128 0063 01       		.byte	1
 129 0064 AC       		.byte	-84
 130 0065 01       		.byte	1
 131 0066 B0       		.byte	-80
 132 0067 02       		.byte	2
 133 0068 B2       		.byte	-78
 134 0069 08       		.byte	8
 135 006a B4       		.byte	-76
 136 006b 01       		.byte	1
 137 006c B5       		.byte	-75
 138 006d 01       		.byte	1
 139 006e B6       		.byte	-74
 140 006f 04       		.byte	4
 141 0070 BE       		.byte	-66
 142 0071 41       		.byte	65
 143 0072 BF       		.byte	-65
 144 0073 10       		.byte	16
 145 0074 D4       		.byte	-44
 146 0075 18       		.byte	24
 147 0076 D8       		.byte	-40
 148 0077 04       		.byte	4
 149 0078 D9       		.byte	-39
 150 0079 04       		.byte	4
 151 007a DB       		.byte	-37
 152 007b 04       		.byte	4
 153 007c DF       		.byte	-33
 154 007d 01       		.byte	1
 155 007e 01       		.byte	1
 156 007f 20       		.byte	32
 157 0080 02       		.byte	2
 158 0081 20       		.byte	32
 159 0082 04       		.byte	4
 160 0083 08       		.byte	8
 161 0084 05       		.byte	5
 162 0085 11       		.byte	17
 163 0086 06       		.byte	6
 164 0087 02       		.byte	2
 165 0088 08       		.byte	8
 166 0089 20       		.byte	32
 167 008a 0C       		.byte	12
 168 008b 40       		.byte	64
 169 008c 0D       		.byte	13
 170 008d 08       		.byte	8
 171 008e 0E       		.byte	14
ARM GAS  C:\Users\LENOVO~1\AppData\Local\Temp\ccTOTgdX.s 			page 4


 172 008f 26       		.byte	38
 173 0090 10       		.byte	16
 174 0091 A2       		.byte	-94
 175 0092 11       		.byte	17
 176 0093 10       		.byte	16
 177 0094 14       		.byte	20
 178 0095 80       		.byte	-128
 179 0096 16       		.byte	22
 180 0097 81       		.byte	-127
 181 0098 17       		.byte	23
 182 0099 24       		.byte	36
 183 009a 18       		.byte	24
 184 009b 08       		.byte	8
 185 009c 1A       		.byte	26
 186 009d 09       		.byte	9
 187 009e 1B       		.byte	27
 188 009f 25       		.byte	37
 189 00a0 1C       		.byte	28
 190 00a1 10       		.byte	16
 191 00a2 1D       		.byte	29
 192 00a3 21       		.byte	33
 193 00a4 1E       		.byte	30
 194 00a5 06       		.byte	6
 195 00a6 23       		.byte	35
 196 00a7 08       		.byte	8
 197 00a8 25       		.byte	37
 198 00a9 08       		.byte	8
 199 00aa 26       		.byte	38
 200 00ab 20       		.byte	32
 201 00ac 27       		.byte	39
 202 00ad 01       		.byte	1
 203 00ae 29       		.byte	41
 204 00af 10       		.byte	16
 205 00b0 2B       		.byte	43
 206 00b1 08       		.byte	8
 207 00b2 2E       		.byte	46
 208 00b3 42       		.byte	66
 209 00b4 2F       		.byte	47
 210 00b5 28       		.byte	40
 211 00b6 30       		.byte	48
 212 00b7 08       		.byte	8
 213 00b8 34       		.byte	52
 214 00b9 40       		.byte	64
 215 00ba 35       		.byte	53
 216 00bb 01       		.byte	1
 217 00bc 36       		.byte	54
 218 00bd 10       		.byte	16
 219 00be 37       		.byte	55
 220 00bf 04       		.byte	4
 221 00c0 3A       		.byte	58
 222 00c1 01       		.byte	1
 223 00c2 3B       		.byte	59
 224 00c3 01       		.byte	1
 225 00c4 3E       		.byte	62
 226 00c5 A0       		.byte	-96
 227 00c6 3F       		.byte	63
 228 00c7 09       		.byte	9
ARM GAS  C:\Users\LENOVO~1\AppData\Local\Temp\ccTOTgdX.s 			page 5


 229 00c8 44       		.byte	68
 230 00c9 40       		.byte	64
 231 00ca 45       		.byte	69
 232 00cb 20       		.byte	32
 233 00cc 47       		.byte	71
 234 00cd 40       		.byte	64
 235 00ce 4C       		.byte	76
 236 00cf 80       		.byte	-128
 237 00d0 4E       		.byte	78
 238 00d1 04       		.byte	4
 239 00d2 4F       		.byte	79
 240 00d3 40       		.byte	64
 241 00d4 57       		.byte	87
 242 00d5 02       		.byte	2
 243 00d6 5B       		.byte	91
 244 00d7 01       		.byte	1
 245 00d8 5C       		.byte	92
 246 00d9 10       		.byte	16
 247 00da 60       		.byte	96
 248 00db 04       		.byte	4
 249 00dc 63       		.byte	99
 250 00dd 02       		.byte	2
 251 00de 6C       		.byte	108
 252 00df 22       		.byte	34
 253 00e0 6D       		.byte	109
 254 00e1 10       		.byte	16
 255 00e2 6E       		.byte	110
 256 00e3 08       		.byte	8
 257 00e4 76       		.byte	118
 258 00e5 21       		.byte	33
 259 00e6 77       		.byte	119
 260 00e7 24       		.byte	36
 261 00e8 86       		.byte	-122
 262 00e9 01       		.byte	1
 263 00ea 8A       		.byte	-118
 264 00eb 20       		.byte	32
 265 00ec 8B       		.byte	-117
 266 00ed 40       		.byte	64
 267 00ee 8D       		.byte	-115
 268 00ef 20       		.byte	32
 269 00f0 8E       		.byte	-114
 270 00f1 40       		.byte	64
 271 00f2 C0       		.byte	-64
 272 00f3 F6       		.byte	-10
 273 00f4 C2       		.byte	-62
 274 00f5 E2       		.byte	-30
 275 00f6 C4       		.byte	-60
 276 00f7 FF       		.byte	-1
 277 00f8 CA       		.byte	-54
 278 00f9 F0       		.byte	-16
 279 00fa CC       		.byte	-52
 280 00fb F2       		.byte	-14
 281 00fc CE       		.byte	-50
 282 00fd F0       		.byte	-16
 283 00fe D0       		.byte	-48
 284 00ff B0       		.byte	-80
 285 0100 D2       		.byte	-46
ARM GAS  C:\Users\LENOVO~1\AppData\Local\Temp\ccTOTgdX.s 			page 6


 286 0101 30       		.byte	48
 287 0102 D6       		.byte	-42
 288 0103 21       		.byte	33
 289 0104 D8       		.byte	-40
 290 0105 0C       		.byte	12
 291 0106 E0       		.byte	-32
 292 0107 08       		.byte	8
 293 0108 00       		.byte	0
 294 0109 10       		.byte	16
 295 010a 02       		.byte	2
 296 010b 40       		.byte	64
 297 010c 06       		.byte	6
 298 010d 03       		.byte	3
 299 010e 09       		.byte	9
 300 010f 80       		.byte	-128
 301 0110 0B       		.byte	11
 302 0111 13       		.byte	19
 303 0112 0C       		.byte	12
 304 0113 0C       		.byte	12
 305 0114 0E       		.byte	14
 306 0115 71       		.byte	113
 307 0116 13       		.byte	19
 308 0117 0C       		.byte	12
 309 0118 14       		.byte	20
 310 0119 14       		.byte	20
 311 011a 15       		.byte	21
 312 011b 2C       		.byte	44
 313 011c 17       		.byte	23
 314 011d 43       		.byte	67
 315 011e 18       		.byte	24
 316 011f 10       		.byte	16
 317 0120 19       		.byte	25
 318 0121 71       		.byte	113
 319 0122 1A       		.byte	26
 320 0123 AC       		.byte	-84
 321 0124 1B       		.byte	27
 322 0125 06       		.byte	6
 323 0126 1C       		.byte	28
 324 0127 09       		.byte	9
 325 0128 1E       		.byte	30
 326 0129 D0       		.byte	-48
 327 012a 1F       		.byte	31
 328 012b 08       		.byte	8
 329 012c 26       		.byte	38
 330 012d 20       		.byte	32
 331 012e 28       		.byte	40
 332 012f DC       		.byte	-36
 333 0130 2A       		.byte	42
 334 0131 22       		.byte	34
 335 0132 2D       		.byte	45
 336 0133 71       		.byte	113
 337 0134 2F       		.byte	47
 338 0135 0E       		.byte	14
 339 0136 30       		.byte	48
 340 0137 E0       		.byte	-32
 341 0138 31       		.byte	49
 342 0139 C0       		.byte	-64
ARM GAS  C:\Users\LENOVO~1\AppData\Local\Temp\ccTOTgdX.s 			page 7


 343 013a 33       		.byte	51
 344 013b 0F       		.byte	15
 345 013c 34       		.byte	52
 346 013d 1F       		.byte	31
 347 013e 35       		.byte	53
 348 013f 30       		.byte	48
 349 0140 39       		.byte	57
 350 0141 22       		.byte	34
 351 0142 3A       		.byte	58
 352 0143 02       		.byte	2
 353 0144 3B       		.byte	59
 354 0145 08       		.byte	8
 355 0146 3F       		.byte	63
 356 0147 10       		.byte	16
 357 0148 40       		.byte	64
 358 0149 02       		.byte	2
 359 014a 45       		.byte	69
 360 014b 40       		.byte	64
 361 014c 49       		.byte	73
 362 014d FF       		.byte	-1
 363 014e 4A       		.byte	74
 364 014f 07       		.byte	7
 365 0150 4B       		.byte	75
 366 0151 FF       		.byte	-1
 367 0152 4C       		.byte	76
 368 0153 40       		.byte	64
 369 0154 4D       		.byte	77
 370 0155 20       		.byte	32
 371 0156 4E       		.byte	78
 372 0157 F0       		.byte	-16
 373 0158 4F       		.byte	79
 374 0159 05       		.byte	5
 375 015a 50       		.byte	80
 376 015b 08       		.byte	8
 377 015c 58       		.byte	88
 378 015d 04       		.byte	4
 379 015e 59       		.byte	89
 380 015f 04       		.byte	4
 381 0160 5A       		.byte	90
 382 0161 04       		.byte	4
 383 0162 5F       		.byte	95
 384 0163 01       		.byte	1
 385 0164 60       		.byte	96
 386 0165 40       		.byte	64
 387 0166 61       		.byte	97
 388 0167 A8       		.byte	-88
 389 0168 62       		.byte	98
 390 0169 40       		.byte	64
 391 016a 63       		.byte	99
 392 016b 20       		.byte	32
 393 016c 80       		.byte	-128
 394 016d 13       		.byte	19
 395 016e 81       		.byte	-127
 396 016f 08       		.byte	8
 397 0170 82       		.byte	-126
 398 0171 04       		.byte	4
 399 0172 83       		.byte	-125
ARM GAS  C:\Users\LENOVO~1\AppData\Local\Temp\ccTOTgdX.s 			page 8


 400 0173 14       		.byte	20
 401 0174 84       		.byte	-124
 402 0175 20       		.byte	32
 403 0176 86       		.byte	-122
 404 0177 C0       		.byte	-64
 405 0178 87       		.byte	-121
 406 0179 20       		.byte	32
 407 017a 88       		.byte	-120
 408 017b 13       		.byte	19
 409 017c 89       		.byte	-119
 410 017d 18       		.byte	24
 411 017e 8A       		.byte	-118
 412 017f 0C       		.byte	12
 413 0180 8C       		.byte	-116
 414 0181 80       		.byte	-128
 415 0182 8E       		.byte	-114
 416 0183 20       		.byte	32
 417 0184 93       		.byte	-109
 418 0185 01       		.byte	1
 419 0186 94       		.byte	-108
 420 0187 0A       		.byte	10
 421 0188 95       		.byte	-107
 422 0189 18       		.byte	24
 423 018a 96       		.byte	-106
 424 018b 14       		.byte	20
 425 018c 98       		.byte	-104
 426 018d E0       		.byte	-32
 427 018e 9B       		.byte	-101
 428 018f 01       		.byte	1
 429 0190 9C       		.byte	-100
 430 0191 03       		.byte	3
 431 0192 9D       		.byte	-99
 432 0193 10       		.byte	16
 433 0194 9E       		.byte	-98
 434 0195 14       		.byte	20
 435 0196 9F       		.byte	-97
 436 0197 0C       		.byte	12
 437 0198 A1       		.byte	-95
 438 0199 01       		.byte	1
 439 019a A2       		.byte	-94
 440 019b 08       		.byte	8
 441 019c A5       		.byte	-91
 442 019d 01       		.byte	1
 443 019e A6       		.byte	-90
 444 019f 15       		.byte	21
 445 01a0 A8       		.byte	-88
 446 01a1 E0       		.byte	-32
 447 01a2 AB       		.byte	-85
 448 01a3 02       		.byte	2
 449 01a4 AC       		.byte	-84
 450 01a5 40       		.byte	64
 451 01a6 AE       		.byte	-82
 452 01a7 20       		.byte	32
 453 01a8 AF       		.byte	-81
 454 01a9 20       		.byte	32
 455 01aa B0       		.byte	-80
 456 01ab 10       		.byte	16
ARM GAS  C:\Users\LENOVO~1\AppData\Local\Temp\ccTOTgdX.s 			page 9


 457 01ac B1       		.byte	-79
 458 01ad 06       		.byte	6
 459 01ae B2       		.byte	-78
 460 01af E0       		.byte	-32
 461 01b0 B3       		.byte	-77
 462 01b1 01       		.byte	1
 463 01b2 B4       		.byte	-76
 464 01b3 0F       		.byte	15
 465 01b4 B5       		.byte	-75
 466 01b5 20       		.byte	32
 467 01b6 B7       		.byte	-73
 468 01b7 18       		.byte	24
 469 01b8 B9       		.byte	-71
 470 01b9 08       		.byte	8
 471 01ba BA       		.byte	-70
 472 01bb 20       		.byte	32
 473 01bc BE       		.byte	-66
 474 01bd 01       		.byte	1
 475 01be BF       		.byte	-65
 476 01bf 11       		.byte	17
 477 01c0 C0       		.byte	-64
 478 01c1 23       		.byte	35
 479 01c2 C1       		.byte	-63
 480 01c3 05       		.byte	5
 481 01c4 C5       		.byte	-59
 482 01c5 0B       		.byte	11
 483 01c6 C6       		.byte	-58
 484 01c7 0C       		.byte	12
 485 01c8 C7       		.byte	-57
 486 01c9 0E       		.byte	14
 487 01ca C8       		.byte	-56
 488 01cb 15       		.byte	21
 489 01cc C9       		.byte	-55
 490 01cd FF       		.byte	-1
 491 01ce CA       		.byte	-54
 492 01cf FF       		.byte	-1
 493 01d0 CB       		.byte	-53
 494 01d1 FF       		.byte	-1
 495 01d2 CE       		.byte	-50
 496 01d3 F0       		.byte	-16
 497 01d4 CF       		.byte	-49
 498 01d5 44       		.byte	68
 499 01d6 D0       		.byte	-48
 500 01d7 0C       		.byte	12
 501 01d8 D4       		.byte	-44
 502 01d9 01       		.byte	1
 503 01da D8       		.byte	-40
 504 01db 04       		.byte	4
 505 01dc D9       		.byte	-39
 506 01dd 04       		.byte	4
 507 01de DA       		.byte	-38
 508 01df 04       		.byte	4
 509 01e0 DB       		.byte	-37
 510 01e1 04       		.byte	4
 511 01e2 DF       		.byte	-33
 512 01e3 01       		.byte	1
 513 01e4 E6       		.byte	-26
ARM GAS  C:\Users\LENOVO~1\AppData\Local\Temp\ccTOTgdX.s 			page 10


 514 01e5 C0       		.byte	-64
 515 01e6 EA       		.byte	-22
 516 01e7 40       		.byte	64
 517 01e8 EB       		.byte	-21
 518 01e9 02       		.byte	2
 519 01ea 01       		.byte	1
 520 01eb 82       		.byte	-126
 521 01ec 03       		.byte	3
 522 01ed 20       		.byte	32
 523 01ee 05       		.byte	5
 524 01ef 14       		.byte	20
 525 01f0 06       		.byte	6
 526 01f1 80       		.byte	-128
 527 01f2 07       		.byte	7
 528 01f3 01       		.byte	1
 529 01f4 09       		.byte	9
 530 01f5 20       		.byte	32
 531 01f6 0A       		.byte	10
 532 01f7 22       		.byte	34
 533 01f8 0D       		.byte	13
 534 01f9 88       		.byte	-120
 535 01fa 0E       		.byte	14
 536 01fb 08       		.byte	8
 537 01fc 12       		.byte	18
 538 01fd 18       		.byte	24
 539 01fe 15       		.byte	21
 540 01ff 12       		.byte	18
 541 0200 16       		.byte	22
 542 0201 12       		.byte	18
 543 0202 19       		.byte	25
 544 0203 20       		.byte	32
 545 0204 1B       		.byte	27
 546 0205 21       		.byte	33
 547 0206 1D       		.byte	29
 548 0207 34       		.byte	52
 549 0208 1E       		.byte	30
 550 0209 40       		.byte	64
 551 020a 1F       		.byte	31
 552 020b 08       		.byte	8
 553 020c 21       		.byte	33
 554 020d 19       		.byte	25
 555 020e 22       		.byte	34
 556 020f 09       		.byte	9
 557 0210 24       		.byte	36
 558 0211 04       		.byte	4
 559 0212 25       		.byte	37
 560 0213 04       		.byte	4
 561 0214 26       		.byte	38
 562 0215 80       		.byte	-128
 563 0216 27       		.byte	39
 564 0217 41       		.byte	65
 565 0218 29       		.byte	41
 566 0219 80       		.byte	-128
 567 021a 2A       		.byte	42
 568 021b 80       		.byte	-128
 569 021c 2B       		.byte	43
 570 021d 01       		.byte	1
ARM GAS  C:\Users\LENOVO~1\AppData\Local\Temp\ccTOTgdX.s 			page 11


 571 021e 2C       		.byte	44
 572 021f 40       		.byte	64
 573 0220 2E       		.byte	46
 574 0221 04       		.byte	4
 575 0222 2F       		.byte	47
 576 0223 0A       		.byte	10
 577 0224 30       		.byte	48
 578 0225 80       		.byte	-128
 579 0226 31       		.byte	49
 580 0227 18       		.byte	24
 581 0228 32       		.byte	50
 582 0229 01       		.byte	1
 583 022a 34       		.byte	52
 584 022b 80       		.byte	-128
 585 022c 35       		.byte	53
 586 022d 01       		.byte	1
 587 022e 36       		.byte	54
 588 022f 94       		.byte	-108
 589 0230 38       		.byte	56
 590 0231 20       		.byte	32
 591 0232 3D       		.byte	61
 592 0233 18       		.byte	24
 593 0234 3E       		.byte	62
 594 0235 02       		.byte	2
 595 0236 41       		.byte	65
 596 0237 10       		.byte	16
 597 0238 45       		.byte	69
 598 0239 20       		.byte	32
 599 023a 46       		.byte	70
 600 023b 10       		.byte	16
 601 023c 48       		.byte	72
 602 023d 80       		.byte	-128
 603 023e 49       		.byte	73
 604 023f 02       		.byte	2
 605 0240 4D       		.byte	77
 606 0241 80       		.byte	-128
 607 0242 4E       		.byte	78
 608 0243 10       		.byte	16
 609 0244 50       		.byte	80
 610 0245 10       		.byte	16
 611 0246 52       		.byte	82
 612 0247 10       		.byte	16
 613 0248 54       		.byte	84
 614 0249 08       		.byte	8
 615 024a 55       		.byte	85
 616 024b 80       		.byte	-128
 617 024c 56       		.byte	86
 618 024d 40       		.byte	64
 619 024e 5E       		.byte	94
 620 024f 40       		.byte	64
 621 0250 5F       		.byte	95
 622 0251 19       		.byte	25
 623 0252 86       		.byte	-122
 624 0253 40       		.byte	64
 625 0254 87       		.byte	-121
 626 0255 10       		.byte	16
 627 0256 88       		.byte	-120
ARM GAS  C:\Users\LENOVO~1\AppData\Local\Temp\ccTOTgdX.s 			page 12


 628 0257 20       		.byte	32
 629 0258 8A       		.byte	-118
 630 0259 02       		.byte	2
 631 025a 8C       		.byte	-116
 632 025b 08       		.byte	8
 633 025c 8F       		.byte	-113
 634 025d 01       		.byte	1
 635 025e 91       		.byte	-111
 636 025f 10       		.byte	16
 637 0260 92       		.byte	-110
 638 0261 04       		.byte	4
 639 0262 94       		.byte	-108
 640 0263 04       		.byte	4
 641 0264 98       		.byte	-104
 642 0265 40       		.byte	64
 643 0266 99       		.byte	-103
 644 0267 01       		.byte	1
 645 0268 9B       		.byte	-101
 646 0269 08       		.byte	8
 647 026a 9C       		.byte	-100
 648 026b A0       		.byte	-96
 649 026c 9D       		.byte	-99
 650 026d 20       		.byte	32
 651 026e 9E       		.byte	-98
 652 026f 02       		.byte	2
 653 0270 9F       		.byte	-97
 654 0271 40       		.byte	64
 655 0272 A2       		.byte	-94
 656 0273 14       		.byte	20
 657 0274 A3       		.byte	-93
 658 0275 02       		.byte	2
 659 0276 A4       		.byte	-92
 660 0277 08       		.byte	8
 661 0278 A7       		.byte	-89
 662 0279 08       		.byte	8
 663 027a C0       		.byte	-64
 664 027b FD       		.byte	-3
 665 027c C2       		.byte	-62
 666 027d E7       		.byte	-25
 667 027e C4       		.byte	-60
 668 027f F6       		.byte	-10
 669 0280 CA       		.byte	-54
 670 0281 F8       		.byte	-8
 671 0282 CC       		.byte	-52
 672 0283 FF       		.byte	-1
 673 0284 CE       		.byte	-50
 674 0285 E4       		.byte	-28
 675 0286 D0       		.byte	-48
 676 0287 64       		.byte	100
 677 0288 D2       		.byte	-46
 678 0289 10       		.byte	16
 679 028a D6       		.byte	-42
 680 028b F0       		.byte	-16
 681 028c 33       		.byte	51
 682 028d 20       		.byte	32
 683 028e CC       		.byte	-52
 684 028f 10       		.byte	16
ARM GAS  C:\Users\LENOVO~1\AppData\Local\Temp\ccTOTgdX.s 			page 13


 685 0290 A7       		.byte	-89
 686 0291 20       		.byte	32
 687 0292 A7       		.byte	-89
 688 0293 20       		.byte	32
 689 0294 AB       		.byte	-85
 690 0295 20       		.byte	32
 691 0296 EE       		.byte	-18
 692 0297 20       		.byte	32
 693 0298 1B       		.byte	27
 694 0299 04       		.byte	4
 695 029a C6       		.byte	-58
 696 029b 08       		.byte	8
 697 029c AB       		.byte	-85
 698 029d 04       		.byte	4
 699 029e 87       		.byte	-121
 700 029f 10       		.byte	16
 701 02a0 10       		.byte	16
 702 02a1 40       		.byte	64
 703 02a2 73       		.byte	115
 704 02a3 10       		.byte	16
 705 02a4 88       		.byte	-120
 706 02a5 40       		.byte	64
 707 02a6 93       		.byte	-109
 708 02a7 10       		.byte	16
 709 02a8 C4       		.byte	-60
 710 02a9 08       		.byte	8
 711 02aa DC       		.byte	-36
 712 02ab 01       		.byte	1
 713 02ac E2       		.byte	-30
 714 02ad 01       		.byte	1
 715 02ae 10       		.byte	16
 716 02af 01       		.byte	1
 717 02b0 1C       		.byte	28
 718 02b1 01       		.byte	1
 719 02b2 00       		.byte	0
 720 02b3 03       		.byte	3
 721 02b4 1F       		.byte	31
 722 02b5 10       		.byte	16
 723 02b6 20       		.byte	32
 724 02b7 00       		.byte	0
 725 02b8 00       		.byte	0
 726 02b9 00       		.byte	0
 727 02ba 23       		.byte	35
 728 02bb 04       		.byte	4
 729 02bc 03       		.byte	3
 730 02bd 18       		.byte	24
 731 02be 00       		.byte	0
 732 02bf 00       		.byte	0
 733 02c0 01       		.byte	1
 734 02c1 80       		.byte	-128
 735 02c2 00       		.byte	0
 736 02c3 00       		.byte	0
 737 02c4 00       		.byte	0
 738 02c5 1C       		.byte	28
 739 02c6 00       		.byte	0
 740 02c7 E1       		.byte	-31
 741 02c8 1C       		.byte	28
ARM GAS  C:\Users\LENOVO~1\AppData\Local\Temp\ccTOTgdX.s 			page 14


 742 02c9 08       		.byte	8
 743 02ca 23       		.byte	35
 744 02cb 00       		.byte	0
 745 02cc 33       		.byte	51
 746 02cd 3C       		.byte	60
 747 02ce 0C       		.byte	12
 748 02cf C2       		.byte	-62
 749 02d0 3F       		.byte	63
 750 02d1 FF       		.byte	-1
 751 02d2 00       		.byte	0
 752 02d3 00       		.byte	0
 753 02d4 02       		.byte	2
 754 02d5 44       		.byte	68
 755 02d6 00       		.byte	0
 756 02d7 00       		.byte	0
 757 02d8 04       		.byte	4
 758 02d9 00       		.byte	0
 759 02da 00       		.byte	0
 760 02db E3       		.byte	-29
 761 02dc 0C       		.byte	12
 762 02dd C0       		.byte	-64
 763 02de 00       		.byte	0
 764 02df 00       		.byte	0
 765 02e0 08       		.byte	8
 766 02e1 E7       		.byte	-25
 767 02e2 00       		.byte	0
 768 02e3 18       		.byte	24
 769 02e4 2C       		.byte	44
 770 02e5 00       		.byte	0
 771 02e6 10       		.byte	16
 772 02e7 1F       		.byte	31
 773 02e8 0F       		.byte	15
 774 02e9 38       		.byte	56
 775 02ea 00       		.byte	0
 776 02eb C0       		.byte	-64
 777 02ec 00       		.byte	0
 778 02ed 00       		.byte	0
 779 02ee A2       		.byte	-94
 780 02ef 08       		.byte	8
 781 02f0 00       		.byte	0
 782 02f1 00       		.byte	0
 783 02f2 04       		.byte	4
 784 02f3 00       		.byte	0
 785 02f4 26       		.byte	38
 786 02f5 04       		.byte	4
 787 02f6 05       		.byte	5
 788 02f7 00       		.byte	0
 789 02f8 01       		.byte	1
 790 02f9 C0       		.byte	-64
 791 02fa 00       		.byte	0
 792 02fb E0       		.byte	-32
 793 02fc 22       		.byte	34
 794 02fd FF       		.byte	-1
 795 02fe FF       		.byte	-1
 796 02ff FF       		.byte	-1
 797 0300 62       		.byte	98
 798 0301 A0       		.byte	-96
ARM GAS  C:\Users\LENOVO~1\AppData\Local\Temp\ccTOTgdX.s 			page 15


 799 0302 F0       		.byte	-16
 800 0303 41       		.byte	65
 801 0304 0C       		.byte	12
 802 0305 00       		.byte	0
 803 0306 00       		.byte	0
 804 0307 00       		.byte	0
 805 0308 00       		.byte	0
 806 0309 00       		.byte	0
 807 030a 02       		.byte	2
 808 030b 11       		.byte	17
 809 030c 04       		.byte	4
 810 030d 04       		.byte	4
 811 030e 04       		.byte	4
 812 030f 04       		.byte	4
 813 0310 00       		.byte	0
 814 0311 00       		.byte	0
 815 0312 00       		.byte	0
 816 0313 01       		.byte	1
 817 0314 00       		.byte	0
 818 0315 00       		.byte	0
 819 0316 00       		.byte	0
 820 0317 00       		.byte	0
 821 0318 00       		.byte	0
 822 0319 00       		.byte	0
 823 031a 40       		.byte	64
 824 031b 02       		.byte	2
 825 031c 00       		.byte	0
 826 031d 10       		.byte	16
 827 031e 30       		.byte	48
 828 031f 10       		.byte	16
 829 0320 00       		.byte	0
 830 0321 10       		.byte	16
 831 0322 10       		.byte	16
 832 0323 12       		.byte	18
 833 0324 00       		.byte	0
 834 0325 00       		.byte	0
 835 0326 00       		.byte	0
 836 0327 00       		.byte	0
 837 0328 00       		.byte	0
 838 0329 00       		.byte	0
 839 032a 00       		.byte	0
 840 032b 00       		.byte	0
 841 032c 00       		.byte	0
 842 032d 00       		.byte	0
 843 032e 00       		.byte	0
 844 032f 00       		.byte	0
 845 0330 00       		.byte	0
 846 0331 00       		.byte	0
 847 0332 00       		.byte	0
 848 0333 00       		.byte	0
 849 0334 00       		.byte	0
 850 0335 00       		.byte	0
 851 0336 00       		.byte	0
 852 0337 00       		.byte	0
 853 0338 00       		.byte	0
 854 0339 00       		.byte	0
 855 033a 40       		.byte	64
ARM GAS  C:\Users\LENOVO~1\AppData\Local\Temp\ccTOTgdX.s 			page 16


 856 033b 00       		.byte	0
 857 033c 80       		.byte	-128
 858 033d 00       		.byte	0
 859 033e 40       		.byte	64
 860 033f 80       		.byte	-128
 861 0340 80       		.byte	-128
 862 0341 00       		.byte	0
 863 0342 80       		.byte	-128
 864 0343 00       		.byte	0
 865 0344 00       		.byte	0
 866 0345 00       		.byte	0
 867 0346 00       		.byte	0
 868 0347 00       		.byte	0
 869 0348 00       		.byte	0
 870 0349 0B       		.byte	11
 871 034a 0B       		.byte	11
 872 034b 00       		.byte	0
 873 034c 00       		.byte	0
 874 034d 00       		.byte	0
 875 034e 00       		.byte	0
 876 034f 00       		.byte	0
 877 0350 0E       		.byte	14
 878 0351 00       		.byte	0
 879 0352 18       		.byte	24
 880 0353 01       		.byte	1
 881              		.section	.cywolatch,"a",%progbits
 882              		.align	2
 883              		.type	cy_meta_wonvl, %object
 884              		.size	cy_meta_wonvl, 4
 885              	cy_meta_wonvl:
 886 0000 BC       		.byte	-68
 887 0001 90       		.byte	-112
 888 0002 AC       		.byte	-84
 889 0003 AF       		.byte	-81
 890              		.section	.cycustnvl,"a",%progbits
 891              		.align	2
 892              		.type	cy_meta_custnvl, %object
 893              		.size	cy_meta_custnvl, 4
 894              	cy_meta_custnvl:
 895 0000 00       		.byte	0
 896 0001 00       		.byte	0
 897 0002 40       		.byte	64
 898 0003 05       		.byte	5
 899              		.section	.cymeta,"a",%progbits
 900              		.align	2
 901              		.type	cy_metadata, %object
 902              		.size	cy_metadata, 12
 903              	cy_metadata:
 904 0000 00       		.byte	0
 905 0001 01       		.byte	1
 906 0002 2E       		.byte	46
 907 0003 16       		.byte	22
 908 0004 10       		.byte	16
 909 0005 69       		.byte	105
 910 0006 00       		.byte	0
 911 0007 01       		.byte	1
 912 0008 00       		.byte	0
ARM GAS  C:\Users\LENOVO~1\AppData\Local\Temp\ccTOTgdX.s 			page 17


 913 0009 00       		.byte	0
 914 000a 00       		.byte	0
 915 000b 00       		.byte	0
 916              		.section	.cyflashprotect,"a",%progbits
 917              		.align	2
 918              		.type	cy_meta_flashprotect, %object
 919              		.size	cy_meta_flashprotect, 256
 920              	cy_meta_flashprotect:
 921 0000 00000000 		.space	256
 921      00000000 
 921      00000000 
 921      00000000 
 921      00000000 
 922              		.text
 923              	.Letext0:
 924              		.file 1 "c:\\program files (x86)\\cypress\\psoc creator\\4.4\\psoc creator\\import\\gnu\\arm\\5.4.
 925              		.file 2 "c:\\program files (x86)\\cypress\\psoc creator\\4.4\\psoc creator\\import\\gnu\\arm\\5.4.
 926              		.file 3 "Generated_Source\\PSoC5\\cymetadata.c"
 927              		.section	.debug_info,"",%progbits
 928              	.Ldebug_info0:
 929 0000 31010000 		.4byte	0x131
 930 0004 0400     		.2byte	0x4
 931 0006 00000000 		.4byte	.Ldebug_abbrev0
 932 000a 04       		.byte	0x4
 933 000b 01       		.uleb128 0x1
 934 000c 24000000 		.4byte	.LASF17
 935 0010 0C       		.byte	0xc
 936 0011 BD010000 		.4byte	.LASF18
 937 0015 F9000000 		.4byte	.LASF19
 938 0019 00000000 		.4byte	.Ldebug_line0
 939 001d 02       		.uleb128 0x2
 940 001e 01       		.byte	0x1
 941 001f 06       		.byte	0x6
 942 0020 B1010000 		.4byte	.LASF0
 943 0024 03       		.uleb128 0x3
 944 0025 00000000 		.4byte	.LASF9
 945 0029 01       		.byte	0x1
 946 002a 1D       		.byte	0x1d
 947 002b 2F000000 		.4byte	0x2f
 948 002f 02       		.uleb128 0x2
 949 0030 01       		.byte	0x1
 950 0031 08       		.byte	0x8
 951 0032 16000000 		.4byte	.LASF1
 952 0036 02       		.uleb128 0x2
 953 0037 02       		.byte	0x2
 954 0038 05       		.byte	0x5
 955 0039 9E010000 		.4byte	.LASF2
 956 003d 02       		.uleb128 0x2
 957 003e 02       		.byte	0x2
 958 003f 07       		.byte	0x7
 959 0040 C4000000 		.4byte	.LASF3
 960 0044 02       		.uleb128 0x2
 961 0045 04       		.byte	0x4
 962 0046 05       		.byte	0x5
 963 0047 A8010000 		.4byte	.LASF4
 964 004b 02       		.uleb128 0x2
 965 004c 04       		.byte	0x4
ARM GAS  C:\Users\LENOVO~1\AppData\Local\Temp\ccTOTgdX.s 			page 18


 966 004d 07       		.byte	0x7
 967 004e B2000000 		.4byte	.LASF5
 968 0052 02       		.uleb128 0x2
 969 0053 08       		.byte	0x8
 970 0054 05       		.byte	0x5
 971 0055 90010000 		.4byte	.LASF6
 972 0059 02       		.uleb128 0x2
 973 005a 08       		.byte	0x8
 974 005b 07       		.byte	0x7
 975 005c 45010000 		.4byte	.LASF7
 976 0060 04       		.uleb128 0x4
 977 0061 04       		.byte	0x4
 978 0062 05       		.byte	0x5
 979 0063 696E7400 		.ascii	"int\000"
 980 0067 02       		.uleb128 0x2
 981 0068 04       		.byte	0x4
 982 0069 07       		.byte	0x7
 983 006a 38010000 		.4byte	.LASF8
 984 006e 03       		.uleb128 0x3
 985 006f 5C010000 		.4byte	.LASF10
 986 0073 02       		.byte	0x2
 987 0074 18       		.byte	0x18
 988 0075 24000000 		.4byte	0x24
 989 0079 05       		.uleb128 0x5
 990 007a 91000000 		.4byte	0x91
 991 007e 8A000000 		.4byte	0x8a
 992 0082 06       		.uleb128 0x6
 993 0083 8A000000 		.4byte	0x8a
 994 0087 5303     		.2byte	0x353
 995 0089 00       		.byte	0
 996 008a 02       		.uleb128 0x2
 997 008b 04       		.byte	0x4
 998 008c 07       		.byte	0x7
 999 008d 87010000 		.4byte	.LASF11
 1000 0091 07       		.uleb128 0x7
 1001 0092 6E000000 		.4byte	0x6e
 1002 0096 08       		.uleb128 0x8
 1003 0097 E7000000 		.4byte	.LASF12
 1004 009b 03       		.byte	0x3
 1005 009c 1F       		.byte	0x1f
 1006 009d A7000000 		.4byte	0xa7
 1007 00a1 05       		.uleb128 0x5
 1008 00a2 03       		.byte	0x3
 1009 00a3 00000000 		.4byte	cy_meta_configecc
 1010 00a7 07       		.uleb128 0x7
 1011 00a8 79000000 		.4byte	0x79
 1012 00ac 05       		.uleb128 0x5
 1013 00ad 91000000 		.4byte	0x91
 1014 00b1 BC000000 		.4byte	0xbc
 1015 00b5 09       		.uleb128 0x9
 1016 00b6 8A000000 		.4byte	0x8a
 1017 00ba 03       		.byte	0x3
 1018 00bb 00       		.byte	0
 1019 00bc 08       		.uleb128 0x8
 1020 00bd D7000000 		.4byte	.LASF13
 1021 00c1 03       		.byte	0x3
 1022 00c2 97       		.byte	0x97
ARM GAS  C:\Users\LENOVO~1\AppData\Local\Temp\ccTOTgdX.s 			page 19


 1023 00c3 CD000000 		.4byte	0xcd
 1024 00c7 05       		.uleb128 0x5
 1025 00c8 03       		.byte	0x3
 1026 00c9 00000000 		.4byte	cy_meta_custnvl
 1027 00cd 07       		.uleb128 0x7
 1028 00ce AC000000 		.4byte	0xac
 1029 00d2 08       		.uleb128 0x8
 1030 00d3 79010000 		.4byte	.LASF14
 1031 00d7 03       		.byte	0x3
 1032 00d8 A5       		.byte	0xa5
 1033 00d9 E3000000 		.4byte	0xe3
 1034 00dd 05       		.uleb128 0x5
 1035 00de 03       		.byte	0x3
 1036 00df 00000000 		.4byte	cy_meta_wonvl
 1037 00e3 07       		.uleb128 0x7
 1038 00e4 AC000000 		.4byte	0xac
 1039 00e8 05       		.uleb128 0x5
 1040 00e9 91000000 		.4byte	0x91
 1041 00ed F8000000 		.4byte	0xf8
 1042 00f1 09       		.uleb128 0x9
 1043 00f2 8A000000 		.4byte	0x8a
 1044 00f6 FF       		.byte	0xff
 1045 00f7 00       		.byte	0
 1046 00f8 08       		.uleb128 0x8
 1047 00f9 64010000 		.4byte	.LASF15
 1048 00fd 03       		.byte	0x3
 1049 00fe B3       		.byte	0xb3
 1050 00ff 09010000 		.4byte	0x109
 1051 0103 05       		.uleb128 0x5
 1052 0104 03       		.byte	0x3
 1053 0105 00000000 		.4byte	cy_meta_flashprotect
 1054 0109 07       		.uleb128 0x7
 1055 010a E8000000 		.4byte	0xe8
 1056 010e 05       		.uleb128 0x5
 1057 010f 91000000 		.4byte	0x91
 1058 0113 1E010000 		.4byte	0x11e
 1059 0117 09       		.uleb128 0x9
 1060 0118 8A000000 		.4byte	0x8a
 1061 011c 0B       		.byte	0xb
 1062 011d 00       		.byte	0
 1063 011e 08       		.uleb128 0x8
 1064 011f 0A000000 		.4byte	.LASF16
 1065 0123 03       		.byte	0x3
 1066 0124 E0       		.byte	0xe0
 1067 0125 2F010000 		.4byte	0x12f
 1068 0129 05       		.uleb128 0x5
 1069 012a 03       		.byte	0x3
 1070 012b 00000000 		.4byte	cy_metadata
 1071 012f 07       		.uleb128 0x7
 1072 0130 0E010000 		.4byte	0x10e
 1073 0134 00       		.byte	0
 1074              		.section	.debug_abbrev,"",%progbits
 1075              	.Ldebug_abbrev0:
 1076 0000 01       		.uleb128 0x1
 1077 0001 11       		.uleb128 0x11
 1078 0002 01       		.byte	0x1
 1079 0003 25       		.uleb128 0x25
ARM GAS  C:\Users\LENOVO~1\AppData\Local\Temp\ccTOTgdX.s 			page 20


 1080 0004 0E       		.uleb128 0xe
 1081 0005 13       		.uleb128 0x13
 1082 0006 0B       		.uleb128 0xb
 1083 0007 03       		.uleb128 0x3
 1084 0008 0E       		.uleb128 0xe
 1085 0009 1B       		.uleb128 0x1b
 1086 000a 0E       		.uleb128 0xe
 1087 000b 10       		.uleb128 0x10
 1088 000c 17       		.uleb128 0x17
 1089 000d 00       		.byte	0
 1090 000e 00       		.byte	0
 1091 000f 02       		.uleb128 0x2
 1092 0010 24       		.uleb128 0x24
 1093 0011 00       		.byte	0
 1094 0012 0B       		.uleb128 0xb
 1095 0013 0B       		.uleb128 0xb
 1096 0014 3E       		.uleb128 0x3e
 1097 0015 0B       		.uleb128 0xb
 1098 0016 03       		.uleb128 0x3
 1099 0017 0E       		.uleb128 0xe
 1100 0018 00       		.byte	0
 1101 0019 00       		.byte	0
 1102 001a 03       		.uleb128 0x3
 1103 001b 16       		.uleb128 0x16
 1104 001c 00       		.byte	0
 1105 001d 03       		.uleb128 0x3
 1106 001e 0E       		.uleb128 0xe
 1107 001f 3A       		.uleb128 0x3a
 1108 0020 0B       		.uleb128 0xb
 1109 0021 3B       		.uleb128 0x3b
 1110 0022 0B       		.uleb128 0xb
 1111 0023 49       		.uleb128 0x49
 1112 0024 13       		.uleb128 0x13
 1113 0025 00       		.byte	0
 1114 0026 00       		.byte	0
 1115 0027 04       		.uleb128 0x4
 1116 0028 24       		.uleb128 0x24
 1117 0029 00       		.byte	0
 1118 002a 0B       		.uleb128 0xb
 1119 002b 0B       		.uleb128 0xb
 1120 002c 3E       		.uleb128 0x3e
 1121 002d 0B       		.uleb128 0xb
 1122 002e 03       		.uleb128 0x3
 1123 002f 08       		.uleb128 0x8
 1124 0030 00       		.byte	0
 1125 0031 00       		.byte	0
 1126 0032 05       		.uleb128 0x5
 1127 0033 01       		.uleb128 0x1
 1128 0034 01       		.byte	0x1
 1129 0035 49       		.uleb128 0x49
 1130 0036 13       		.uleb128 0x13
 1131 0037 01       		.uleb128 0x1
 1132 0038 13       		.uleb128 0x13
 1133 0039 00       		.byte	0
 1134 003a 00       		.byte	0
 1135 003b 06       		.uleb128 0x6
 1136 003c 21       		.uleb128 0x21
ARM GAS  C:\Users\LENOVO~1\AppData\Local\Temp\ccTOTgdX.s 			page 21


 1137 003d 00       		.byte	0
 1138 003e 49       		.uleb128 0x49
 1139 003f 13       		.uleb128 0x13
 1140 0040 2F       		.uleb128 0x2f
 1141 0041 05       		.uleb128 0x5
 1142 0042 00       		.byte	0
 1143 0043 00       		.byte	0
 1144 0044 07       		.uleb128 0x7
 1145 0045 26       		.uleb128 0x26
 1146 0046 00       		.byte	0
 1147 0047 49       		.uleb128 0x49
 1148 0048 13       		.uleb128 0x13
 1149 0049 00       		.byte	0
 1150 004a 00       		.byte	0
 1151 004b 08       		.uleb128 0x8
 1152 004c 34       		.uleb128 0x34
 1153 004d 00       		.byte	0
 1154 004e 03       		.uleb128 0x3
 1155 004f 0E       		.uleb128 0xe
 1156 0050 3A       		.uleb128 0x3a
 1157 0051 0B       		.uleb128 0xb
 1158 0052 3B       		.uleb128 0x3b
 1159 0053 0B       		.uleb128 0xb
 1160 0054 49       		.uleb128 0x49
 1161 0055 13       		.uleb128 0x13
 1162 0056 3F       		.uleb128 0x3f
 1163 0057 19       		.uleb128 0x19
 1164 0058 02       		.uleb128 0x2
 1165 0059 18       		.uleb128 0x18
 1166 005a 00       		.byte	0
 1167 005b 00       		.byte	0
 1168 005c 09       		.uleb128 0x9
 1169 005d 21       		.uleb128 0x21
 1170 005e 00       		.byte	0
 1171 005f 49       		.uleb128 0x49
 1172 0060 13       		.uleb128 0x13
 1173 0061 2F       		.uleb128 0x2f
 1174 0062 0B       		.uleb128 0xb
 1175 0063 00       		.byte	0
 1176 0064 00       		.byte	0
 1177 0065 00       		.byte	0
 1178              		.section	.debug_aranges,"",%progbits
 1179 0000 14000000 		.4byte	0x14
 1180 0004 0200     		.2byte	0x2
 1181 0006 00000000 		.4byte	.Ldebug_info0
 1182 000a 04       		.byte	0x4
 1183 000b 00       		.byte	0
 1184 000c 0000     		.2byte	0
 1185 000e 0000     		.2byte	0
 1186 0010 00000000 		.4byte	0
 1187 0014 00000000 		.4byte	0
 1188              		.section	.debug_line,"",%progbits
 1189              	.Ldebug_line0:
 1190 0000 3D010000 		.section	.debug_str,"MS",%progbits,1
 1190      02003701 
 1190      00000201 
 1190      FB0E0D00 
ARM GAS  C:\Users\LENOVO~1\AppData\Local\Temp\ccTOTgdX.s 			page 22


 1190      01010101 
 1191              	.LASF9:
 1192 0000 5F5F7569 		.ascii	"__uint8_t\000"
 1192      6E74385F 
 1192      7400
 1193              	.LASF16:
 1194 000a 63795F6D 		.ascii	"cy_metadata\000"
 1194      65746164 
 1194      61746100 
 1195              	.LASF1:
 1196 0016 756E7369 		.ascii	"unsigned char\000"
 1196      676E6564 
 1196      20636861 
 1196      7200
 1197              	.LASF17:
 1198 0024 474E5520 		.ascii	"GNU C11 5.4.1 20160609 (release) [ARM/embedded-5-br"
 1198      43313120 
 1198      352E342E 
 1198      31203230 
 1198      31363036 
 1199 0057 616E6368 		.ascii	"anch revision 237715] -mcpu=cortex-m3 -mthumb -g -O"
 1199      20726576 
 1199      6973696F 
 1199      6E203233 
 1199      37373135 
 1200 008a 67202D66 		.ascii	"g -ffunction-sections -ffat-lto-objects\000"
 1200      66756E63 
 1200      74696F6E 
 1200      2D736563 
 1200      74696F6E 
 1201              	.LASF5:
 1202 00b2 6C6F6E67 		.ascii	"long unsigned int\000"
 1202      20756E73 
 1202      69676E65 
 1202      6420696E 
 1202      7400
 1203              	.LASF3:
 1204 00c4 73686F72 		.ascii	"short unsigned int\000"
 1204      7420756E 
 1204      7369676E 
 1204      65642069 
 1204      6E7400
 1205              	.LASF13:
 1206 00d7 63795F6D 		.ascii	"cy_meta_custnvl\000"
 1206      6574615F 
 1206      63757374 
 1206      6E766C00 
 1207              	.LASF12:
 1208 00e7 63795F6D 		.ascii	"cy_meta_configecc\000"
 1208      6574615F 
 1208      636F6E66 
 1208      69676563 
 1208      6300
 1209              	.LASF19:
 1210 00f9 433A5C55 		.ascii	"C:\\Users\\Lenovo-PC\\Downloads\\Trabajo analogica\\"
 1210      73657273 
 1210      5C4C656E 
ARM GAS  C:\Users\LENOVO~1\AppData\Local\Temp\ccTOTgdX.s 			page 23


 1210      6F766F2D 
 1210      50435C44 
 1211 0128 50536F43 		.ascii	"PSoC\\PSoC.cydsn\000"
 1211      5C50536F 
 1211      432E6379 
 1211      64736E00 
 1212              	.LASF8:
 1213 0138 756E7369 		.ascii	"unsigned int\000"
 1213      676E6564 
 1213      20696E74 
 1213      00
 1214              	.LASF7:
 1215 0145 6C6F6E67 		.ascii	"long long unsigned int\000"
 1215      206C6F6E 
 1215      6720756E 
 1215      7369676E 
 1215      65642069 
 1216              	.LASF10:
 1217 015c 75696E74 		.ascii	"uint8_t\000"
 1217      385F7400 
 1218              	.LASF15:
 1219 0164 63795F6D 		.ascii	"cy_meta_flashprotect\000"
 1219      6574615F 
 1219      666C6173 
 1219      6870726F 
 1219      74656374 
 1220              	.LASF14:
 1221 0179 63795F6D 		.ascii	"cy_meta_wonvl\000"
 1221      6574615F 
 1221      776F6E76 
 1221      6C00
 1222              	.LASF11:
 1223 0187 73697A65 		.ascii	"sizetype\000"
 1223      74797065 
 1223      00
 1224              	.LASF6:
 1225 0190 6C6F6E67 		.ascii	"long long int\000"
 1225      206C6F6E 
 1225      6720696E 
 1225      7400
 1226              	.LASF2:
 1227 019e 73686F72 		.ascii	"short int\000"
 1227      7420696E 
 1227      7400
 1228              	.LASF4:
 1229 01a8 6C6F6E67 		.ascii	"long int\000"
 1229      20696E74 
 1229      00
 1230              	.LASF0:
 1231 01b1 7369676E 		.ascii	"signed char\000"
 1231      65642063 
 1231      68617200 
 1232              	.LASF18:
 1233 01bd 47656E65 		.ascii	"Generated_Source\\PSoC5\\cymetadata.c\000"
 1233      72617465 
 1233      645F536F 
 1233      75726365 
ARM GAS  C:\Users\LENOVO~1\AppData\Local\Temp\ccTOTgdX.s 			page 24


 1233      5C50536F 
 1234              		.ident	"GCC: (GNU Tools for ARM Embedded Processors) 5.4.1 20160609 (release) [ARM/embedded-5-bran
