Loading plugins phase: Elapsed time ==> 0s.284ms
<CYPRESSTAG name="CyDsfit arguments...">
cydsfit arguments: -.fdsnotice -.fdswarpdepfile=warp_dependencies.txt -.fdselabdepfile=elab_dependencies.txt -.fdsbldfile=generated_files.txt -.fdsreffile=referenced_files.txt -p C:\Users\laura\Downloads\Practica 9\Practica 9\Practica 9\Practica 9_TemperaturaYHumedad.cydsn\Practica 9_TemperaturaYHumedad.cyprj -d CY8C5888LTI-LP097 -s C:\Users\laura\Downloads\Practica 9\Practica 9\Practica 9\Practica 9_TemperaturaYHumedad.cydsn\Generated_Source\PSoC5 -- -yv2 -q10 -ygs -o2 -v3 -.fftcfgtype=LE
</CYPRESSTAG>
<CYPRESSTAG name="Design elaboration results...">
</CYPRESSTAG>
Elaboration phase: Elapsed time ==> 2s.159ms
<CYPRESSTAG name="HDL generation results...">
</CYPRESSTAG>
HDL generation phase: Elapsed time ==> 0s.089ms
<CYPRESSTAG name="Synthesis results...">

     | | | | | | |
   _________________
  -|               |-
  -|               |-
  -|               |-
  -|    CYPRESS    |-
  -|               |-
  -|               |-   Warp Verilog Synthesis Compiler: Version 6.3 IR 41
  -|               |-   Copyright (C) 1991-2001 Cypress Semiconductor
   |_______________|
     | | | | | | |

======================================================================
Compiling:  Practica 9_TemperaturaYHumedad.v
Program  :   C:\Program Files (x86)\Cypress\PSoC Creator\4.4\PSoC Creator\warp\bin\warp.exe
Options  :    -yv2 -q10 -ygs -o2 -v3 -.fftcfgtype=LE -ya -.fftprj=C:\Users\laura\Downloads\Practica 9\Practica 9\Practica 9\Practica 9_TemperaturaYHumedad.cydsn\Practica 9_TemperaturaYHumedad.cyprj -dcpsoc3 Practica 9_TemperaturaYHumedad.v -verilog
======================================================================

======================================================================
Compiling:  Practica 9_TemperaturaYHumedad.v
Program  :   C:\Program Files (x86)\Cypress\PSoC Creator\4.4\PSoC Creator\warp\bin\warp.exe
Options  :    -yv2 -q10 -ygs -o2 -v3 -.fftcfgtype=LE -ya -.fftprj=C:\Users\laura\Downloads\Practica 9\Practica 9\Practica 9\Practica 9_TemperaturaYHumedad.cydsn\Practica 9_TemperaturaYHumedad.cyprj -dcpsoc3 Practica 9_TemperaturaYHumedad.v -verilog
======================================================================

======================================================================
Compiling:  Practica 9_TemperaturaYHumedad.v
Program  :   vlogfe
Options  :    -yv2 -q10 -ygs -o2 -v3 -.fftcfgtype=LE -ya -.fftprj=C:\Users\laura\Downloads\Practica 9\Practica 9\Practica 9\Practica 9_TemperaturaYHumedad.cydsn\Practica 9_TemperaturaYHumedad.cyprj -dcpsoc3 -verilog Practica 9_TemperaturaYHumedad.v
======================================================================

vlogfe V6.3 IR 41:  Verilog parser
Sat Aug 28 17:55:49 2021


======================================================================
Compiling:  Practica 9_TemperaturaYHumedad.v
Program  :   vpp
Options  :    -yv2 -q10 Practica 9_TemperaturaYHumedad.v
======================================================================

vpp V6.3 IR 41:  Verilog Pre-Processor
Sat Aug 28 17:55:49 2021

Flattening file 'C:\Program Files (x86)\Cypress\PSoC Creator\4.4\PSoC Creator\psoc\content\CyPrimitives\cyprimitives.cylib\cy_virtualmux_v1_0\cy_virtualmux_v1_0.v'
Flattening file 'C:\Program Files (x86)\Cypress\PSoC Creator\4.4\PSoC Creator\psoc\content\CyPrimitives\cyprimitives.cylib\ZeroTerminal\ZeroTerminal.v'
Flattening file 'C:\Program Files (x86)\Cypress\PSoC Creator\4.4\PSoC Creator\psoc\content\CyPrimitives\cyprimitives.cylib\OneTerminal\OneTerminal.v'
Flattening file 'C:\Program Files (x86)\Cypress\PSoC Creator\4.4\PSoC Creator\psoc\content\CyComponentLibrary\CyComponentLibrary.cylib\B_Timer_v2_80\B_Timer_v2_80.v'
Flattening file 'C:\Program Files (x86)\Cypress\PSoC Creator\4.4\PSoC Creator\warp\lib\common\cypress.v'
Flattening file 'C:\Program Files (x86)\Cypress\PSoC Creator\4.4\PSoC Creator\warp\lib\common\cy_psoc3_inc.v'

vpp:  No errors.

Library 'work' => directory 'lcpsoc3'
General_symbol_table
General_symbol_table
Linking 'C:\Program Files (x86)\Cypress\PSoC Creator\4.4\PSoC Creator\warp\lib\common\std.vhd'.
Linking 'C:\Program Files (x86)\Cypress\PSoC Creator\4.4\PSoC Creator\warp\lib\common\cypress.vhd'.
Linking 'C:\Program Files (x86)\Cypress\PSoC Creator\4.4\PSoC Creator\warp\lib\common\work\cypress.vif'.
Linking 'C:\Program Files (x86)\Cypress\PSoC Creator\4.4\PSoC Creator\warp\lib\ieee\work\stdlogic.vif'.
Linking 'C:\Program Files (x86)\Cypress\PSoC Creator\4.4\PSoC Creator\warp\lib\common\stdlogic\lpmpkg.vif'.
Linking 'C:\Program Files (x86)\Cypress\PSoC Creator\4.4\PSoC Creator\warp\lib\common\stdlogic\rtlpkg.vif'.
Linking 'C:\Program Files (x86)\Cypress\PSoC Creator\4.4\PSoC Creator\warp\lib\common\stdlogic\mod_cnst.vif'.
Linking 'C:\Program Files (x86)\Cypress\PSoC Creator\4.4\PSoC Creator\warp\lib\common\stdlogic\mod_mthv.vif'.
Linking 'C:\Program Files (x86)\Cypress\PSoC Creator\4.4\PSoC Creator\warp\lib\common\stdlogic\mod_genv.vif'.
Using control file 'Practica 9_TemperaturaYHumedad.ctl'.
C:\Program Files (x86)\Cypress\PSoC Creator\4.4\PSoC Creator\psoc\content\CyComponentLibrary\CyComponentLibrary.cylib\B_Timer_v2_80\B_Timer_v2_80.v (line 368, col 46):  Note: Substituting module 'cmp_vv_vv' for '='.
C:\Program Files (x86)\Cypress\PSoC Creator\4.4\PSoC Creator\psoc\content\CyComponentLibrary\CyComponentLibrary.cylib\B_Timer_v2_80\B_Timer_v2_80.v (line 374, col 62):  Note: Substituting module 'add_vv_vv' for '+'.
Linking 'C:\Program Files (x86)\Cypress\PSoC Creator\4.4\PSoC Creator\warp\lib\common\stdlogic\cy_psoc3pkg.vif'.
Linking 'C:\Program Files (x86)\Cypress\PSoC Creator\4.4\PSoC Creator\warp\lib\common\stdlogic\cy_psoc3.vif'.

vlogfe:  No errors.


======================================================================
Compiling:  Practica 9_TemperaturaYHumedad.v
Program  :   tovif
Options  :    -yv2 -q10 -ygs -o2 -v3 -.fftcfgtype=LE -ya -.fftprj=C:\Users\laura\Downloads\Practica 9\Practica 9\Practica 9\Practica 9_TemperaturaYHumedad.cydsn\Practica 9_TemperaturaYHumedad.cyprj -dcpsoc3 -verilog Practica 9_TemperaturaYHumedad.v
======================================================================

tovif V6.3 IR 41:  High-level synthesis
Sat Aug 28 17:55:51 2021

Linking 'C:\Program Files (x86)\Cypress\PSoC Creator\4.4\PSoC Creator\warp\lib\common\std.vhd'.
Linking 'C:\Program Files (x86)\Cypress\PSoC Creator\4.4\PSoC Creator\warp\lib\common\cypress.vhd'.
Linking 'C:\Program Files (x86)\Cypress\PSoC Creator\4.4\PSoC Creator\warp\lib\common\work\cypress.vif'.
Linking 'C:\Program Files (x86)\Cypress\PSoC Creator\4.4\PSoC Creator\warp\lib\ieee\work\stdlogic.vif'.
Linking 'C:\Program Files (x86)\Cypress\PSoC Creator\4.4\PSoC Creator\warp\lib\common\stdlogic\lpmpkg.vif'.
Linking 'C:\Program Files (x86)\Cypress\PSoC Creator\4.4\PSoC Creator\warp\lib\common\stdlogic\rtlpkg.vif'.
Linking 'C:\Program Files (x86)\Cypress\PSoC Creator\4.4\PSoC Creator\warp\lib\common\stdlogic\mod_cnst.vif'.
Linking 'C:\Program Files (x86)\Cypress\PSoC Creator\4.4\PSoC Creator\warp\lib\common\stdlogic\mod_mthv.vif'.
Linking 'C:\Program Files (x86)\Cypress\PSoC Creator\4.4\PSoC Creator\warp\lib\common\stdlogic\mod_genv.vif'.
Linking 'C:\Users\laura\Downloads\Practica 9\Practica 9\Practica 9\Practica 9_TemperaturaYHumedad.cydsn\codegentemp\Practica 9_TemperaturaYHumedad.ctl'.
Linking 'C:\Program Files (x86)\Cypress\PSoC Creator\4.4\PSoC Creator\psoc\content\CyPrimitives\cyprimitives.cylib\cy_virtualmux_v1_0\cy_virtualmux_v1_0.v'.
Linking 'C:\Users\laura\Downloads\Practica 9\Practica 9\Practica 9\Practica 9_TemperaturaYHumedad.cydsn\codegentemp\Practica 9_TemperaturaYHumedad.v'.
Linking 'C:\Program Files (x86)\Cypress\PSoC Creator\4.4\PSoC Creator\psoc\content\CyPrimitives\cyprimitives.cylib\ZeroTerminal\ZeroTerminal.v'.
Linking 'C:\Program Files (x86)\Cypress\PSoC Creator\4.4\PSoC Creator\psoc\content\CyPrimitives\cyprimitives.cylib\OneTerminal\OneTerminal.v'.
Linking 'C:\Program Files (x86)\Cypress\PSoC Creator\4.4\PSoC Creator\psoc\content\CyComponentLibrary\CyComponentLibrary.cylib\B_Timer_v2_80\B_Timer_v2_80.v'.
Linking 'C:\Program Files (x86)\Cypress\PSoC Creator\4.4\PSoC Creator\warp\lib\common\cypress.v'.
Linking 'C:\Program Files (x86)\Cypress\PSoC Creator\4.4\PSoC Creator\warp\lib\common\cy_psoc3_inc.v'.
Linking 'C:\Program Files (x86)\Cypress\PSoC Creator\4.4\PSoC Creator\warp\lib\common\stdlogic\cy_psoc3pkg.vif'.
Linking 'C:\Program Files (x86)\Cypress\PSoC Creator\4.4\PSoC Creator\warp\lib\common\stdlogic\cy_psoc3.vif'.
Linking 'C:\Program Files (x86)\Cypress\PSoC Creator\4.4\PSoC Creator\warp\lib\common\stdlogic\mcompare.vif'.
Linking 'C:\Program Files (x86)\Cypress\PSoC Creator\4.4\PSoC Creator\warp\lib\lcpsoc3\stdlogic\mod_cnst.vif'.

tovif:  No errors.


======================================================================
Compiling:  Practica 9_TemperaturaYHumedad.v
Program  :   topld
Options  :    -yv2 -q10 -ygs -o2 -v3 -.fftcfgtype=LE -ya -.fftprj=C:\Users\laura\Downloads\Practica 9\Practica 9\Practica 9\Practica 9_TemperaturaYHumedad.cydsn\Practica 9_TemperaturaYHumedad.cyprj -dcpsoc3 -verilog Practica 9_TemperaturaYHumedad.v
======================================================================

topld V6.3 IR 41:  Synthesis and optimization
Sat Aug 28 17:55:52 2021

Linking 'C:\Program Files (x86)\Cypress\PSoC Creator\4.4\PSoC Creator\warp\lib\common\std.vhd'.
Linking 'C:\Program Files (x86)\Cypress\PSoC Creator\4.4\PSoC Creator\warp\lib\common\cypress.vhd'.
Linking 'C:\Program Files (x86)\Cypress\PSoC Creator\4.4\PSoC Creator\warp\lib\common\work\cypress.vif'.
Linking 'C:\Program Files (x86)\Cypress\PSoC Creator\4.4\PSoC Creator\warp\lib\ieee\work\stdlogic.vif'.
Linking 'C:\Program Files (x86)\Cypress\PSoC Creator\4.4\PSoC Creator\warp\lib\common\stdlogic\lpmpkg.vif'.
Linking 'C:\Program Files (x86)\Cypress\PSoC Creator\4.4\PSoC Creator\warp\lib\common\stdlogic\rtlpkg.vif'.
Linking 'C:\Program Files (x86)\Cypress\PSoC Creator\4.4\PSoC Creator\warp\lib\common\stdlogic\mod_cnst.vif'.
Linking 'C:\Program Files (x86)\Cypress\PSoC Creator\4.4\PSoC Creator\warp\lib\common\stdlogic\mod_mthv.vif'.
Linking 'C:\Program Files (x86)\Cypress\PSoC Creator\4.4\PSoC Creator\warp\lib\common\stdlogic\mod_genv.vif'.
Linking 'C:\Users\laura\Downloads\Practica 9\Practica 9\Practica 9\Practica 9_TemperaturaYHumedad.cydsn\codegentemp\Practica 9_TemperaturaYHumedad.ctl'.
Linking 'C:\Program Files (x86)\Cypress\PSoC Creator\4.4\PSoC Creator\psoc\content\CyPrimitives\cyprimitives.cylib\cy_virtualmux_v1_0\cy_virtualmux_v1_0.v'.
Linking 'C:\Users\laura\Downloads\Practica 9\Practica 9\Practica 9\Practica 9_TemperaturaYHumedad.cydsn\codegentemp\Practica 9_TemperaturaYHumedad.v'.
Linking 'C:\Program Files (x86)\Cypress\PSoC Creator\4.4\PSoC Creator\psoc\content\CyPrimitives\cyprimitives.cylib\ZeroTerminal\ZeroTerminal.v'.
Linking 'C:\Program Files (x86)\Cypress\PSoC Creator\4.4\PSoC Creator\psoc\content\CyPrimitives\cyprimitives.cylib\OneTerminal\OneTerminal.v'.
Linking 'C:\Program Files (x86)\Cypress\PSoC Creator\4.4\PSoC Creator\psoc\content\CyComponentLibrary\CyComponentLibrary.cylib\B_Timer_v2_80\B_Timer_v2_80.v'.
Linking 'C:\Program Files (x86)\Cypress\PSoC Creator\4.4\PSoC Creator\warp\lib\common\cypress.v'.
Linking 'C:\Program Files (x86)\Cypress\PSoC Creator\4.4\PSoC Creator\warp\lib\common\cy_psoc3_inc.v'.
Linking 'C:\Program Files (x86)\Cypress\PSoC Creator\4.4\PSoC Creator\warp\lib\common\stdlogic\cy_psoc3pkg.vif'.
Linking 'C:\Program Files (x86)\Cypress\PSoC Creator\4.4\PSoC Creator\warp\lib\common\stdlogic\cy_psoc3.vif'.
Linking 'C:\Program Files (x86)\Cypress\PSoC Creator\4.4\PSoC Creator\warp\lib\common\stdlogic\mcompare.vif'.
Linking 'C:\Program Files (x86)\Cypress\PSoC Creator\4.4\PSoC Creator\warp\lib\lcpsoc3\stdlogic\mod_cnst.vif'.
Linking 'C:\Program Files (x86)\Cypress\PSoC Creator\4.4\PSoC Creator\warp\lib\lcpsoc3\stdlogic\cpsoc3.vif'.

----------------------------------------------------------
Detecting unused logic.
----------------------------------------------------------
    User names
	Net_6
	\Contador_1:Net_89\
	\Contador_1:Net_95\
	\Contador_1:Net_102\
	\Timer:Net_260\
	Net_18
	\Timer:Net_53\
	\Timer:TimerUDB:ctrl_ten\
	\Timer:TimerUDB:ctrl_tmode_1\
	\Timer:TimerUDB:ctrl_tmode_0\
	Net_14
	\Timer:TimerUDB:sIntCapCount:MODULE_1:g1:a0:gx:u0:albi_1\
	\Timer:TimerUDB:sIntCapCount:MODULE_1:g1:a0:gx:u0:agbi_1\
	\Timer:TimerUDB:sIntCapCount:MODULE_1:g1:a0:gx:u0:lt_0\
	\Timer:TimerUDB:sIntCapCount:MODULE_1:g1:a0:gx:u0:gt_0\
	\Timer:TimerUDB:sIntCapCount:MODULE_1:g1:a0:gx:u0:lt_1\
	\Timer:TimerUDB:sIntCapCount:MODULE_1:g1:a0:gx:u0:gt_1\
	\Timer:TimerUDB:sIntCapCount:MODULE_1:g1:a0:gx:u0:lti_0\
	\Timer:TimerUDB:sIntCapCount:MODULE_1:g1:a0:gx:u0:gti_0\
	\Timer:TimerUDB:sIntCapCount:MODULE_1:g1:a0:gx:u0:albi_0\
	\Timer:TimerUDB:sIntCapCount:MODULE_1:g1:a0:gx:u0:agbi_0\
	\Timer:TimerUDB:sIntCapCount:MODULE_1:g1:a0:xneq\
	\Timer:TimerUDB:sIntCapCount:MODULE_1:g1:a0:xlt\
	\Timer:TimerUDB:sIntCapCount:MODULE_1:g1:a0:xlte\
	\Timer:TimerUDB:sIntCapCount:MODULE_1:g1:a0:xgt\
	\Timer:TimerUDB:sIntCapCount:MODULE_1:g1:a0:xgte\
	\Timer:TimerUDB:sIntCapCount:MODULE_1:lt\
	\Timer:TimerUDB:sIntCapCount:MODULE_1:gt\
	\Timer:TimerUDB:sIntCapCount:MODULE_1:gte\
	\Timer:TimerUDB:sIntCapCount:MODULE_1:lte\
	\Timer:TimerUDB:sIntCapCount:MODULE_1:neq\
	\Timer:TimerUDB:sIntCapCount:MODULE_2:g2:a0:b_1\
	\Timer:TimerUDB:sIntCapCount:MODULE_2:g2:a0:b_0\
	\Timer:TimerUDB:zeros_3\
	\Timer:TimerUDB:zeros_2\
	\Timer:Net_102\
	\Timer:Net_266\


Deleted 37 User equations/components.
Deleted 0 Synthesized equations/components.

------------------------------------------------------
Alias Detection
------------------------------------------------------
Aliasing \Contador_1:Net_91\ to \Contador_1:Net_82\
Aliasing zero to \Contador_1:Net_82\
Aliasing Net_29 to \Contador_1:Net_82\
Aliasing \Timer:TimerUDB:ctrl_cmode_1\ to one
Aliasing \Timer:TimerUDB:ctrl_cmode_0\ to \Contador_1:Net_82\
Aliasing \Timer:TimerUDB:trigger_enable\ to one
Aliasing \Timer:TimerUDB:sIntCapCount:MODULE_1:g1:a0:gx:u0:aeqb_0\ to one
Aliasing \Timer:TimerUDB:sIntCapCount:MODIN3_1\ to \Timer:TimerUDB:sIntCapCount:MODIN1_1\
Aliasing \Timer:TimerUDB:sIntCapCount:MODIN3_0\ to \Timer:TimerUDB:sIntCapCount:MODIN1_0\
Aliasing \Timer:TimerUDB:sIntCapCount:MODULE_2:g2:a0:g1:z1:s0:g1:u0:b_0\ to one
Aliasing \Timer:TimerUDB:status_6\ to \Contador_1:Net_82\
Aliasing \Timer:TimerUDB:status_5\ to \Contador_1:Net_82\
Aliasing \Timer:TimerUDB:status_4\ to \Contador_1:Net_82\
Aliasing \Timer:TimerUDB:status_0\ to \Timer:TimerUDB:tc_i\
Aliasing \LCD:tmpOE__LCDPort_net_6\ to one
Aliasing \LCD:tmpOE__LCDPort_net_5\ to one
Aliasing \LCD:tmpOE__LCDPort_net_4\ to one
Aliasing \LCD:tmpOE__LCDPort_net_3\ to one
Aliasing \LCD:tmpOE__LCDPort_net_2\ to one
Aliasing \LCD:tmpOE__LCDPort_net_1\ to one
Aliasing \LCD:tmpOE__LCDPort_net_0\ to one
Aliasing tmpOE__DATA_net_0 to one
Aliasing tmpOE__LED_net_0 to one
Aliasing \Timer:TimerUDB:hwEnable_reg\\D\ to \Timer:TimerUDB:run_mode\
Removing Lhs of wire \Contador_1:Net_91\[3] = \Contador_1:Net_82\[2]
Removing Rhs of wire zero[4] = \Contador_1:Net_82\[2]
Removing Rhs of wire Net_27[9] = \Contador_1:Net_48\[5]
Removing Lhs of wire Net_29[17] = zero[4]
Removing Rhs of wire Net_85[19] = \Timer:Net_55\[20]
Removing Lhs of wire \Timer:TimerUDB:ctrl_enable\[37] = \Timer:TimerUDB:control_7\[29]
Removing Lhs of wire \Timer:TimerUDB:ctrl_cmode_1\[39] = one[24]
Removing Lhs of wire \Timer:TimerUDB:ctrl_cmode_0\[40] = zero[4]
Removing Lhs of wire \Timer:TimerUDB:ctrl_ic_1\[43] = \Timer:TimerUDB:control_1\[35]
Removing Lhs of wire \Timer:TimerUDB:ctrl_ic_0\[44] = \Timer:TimerUDB:control_0\[36]
Removing Rhs of wire \Timer:TimerUDB:timer_enable\[49] = \Timer:TimerUDB:runmode_enable\[122]
Removing Rhs of wire \Timer:TimerUDB:run_mode\[50] = \Timer:TimerUDB:hwEnable\[51]
Removing Lhs of wire \Timer:TimerUDB:run_mode\[50] = \Timer:TimerUDB:control_7\[29]
Removing Lhs of wire \Timer:TimerUDB:trigger_enable\[53] = one[24]
Removing Lhs of wire \Timer:TimerUDB:tc_i\[55] = \Timer:TimerUDB:status_tc\[52]
Removing Lhs of wire \Timer:TimerUDB:sIntCapCount:cmp_vv_vv_MODGEN_1\[61] = \Timer:TimerUDB:sIntCapCount:MODULE_1:g1:a0:xeq\[100]
Removing Lhs of wire \Timer:TimerUDB:sIntCapCount:add_vv_vv_MODGEN_2_1\[62] = \Timer:TimerUDB:sIntCapCount:MODULE_2:g2:a0:s_1\[117]
Removing Lhs of wire \Timer:TimerUDB:sIntCapCount:add_vv_vv_MODGEN_2_0\[64] = \Timer:TimerUDB:sIntCapCount:MODULE_2:g2:a0:s_0\[118]
Removing Lhs of wire \Timer:TimerUDB:capt_fifo_load_int\[66] = \Timer:TimerUDB:capt_int_temp\[65]
Removing Lhs of wire \Timer:TimerUDB:sIntCapCount:MODULE_1:g1:a0:newa_1\[67] = \Timer:TimerUDB:sIntCapCount:MODIN1_1\[68]
Removing Lhs of wire \Timer:TimerUDB:sIntCapCount:MODIN1_1\[68] = \Timer:TimerUDB:int_capt_count_1\[60]
Removing Lhs of wire \Timer:TimerUDB:sIntCapCount:MODULE_1:g1:a0:newa_0\[69] = \Timer:TimerUDB:sIntCapCount:MODIN1_0\[70]
Removing Lhs of wire \Timer:TimerUDB:sIntCapCount:MODIN1_0\[70] = \Timer:TimerUDB:int_capt_count_0\[63]
Removing Lhs of wire \Timer:TimerUDB:sIntCapCount:MODULE_1:g1:a0:newb_1\[71] = \Timer:TimerUDB:sIntCapCount:MODIN2_1\[72]
Removing Lhs of wire \Timer:TimerUDB:sIntCapCount:MODIN2_1\[72] = \Timer:TimerUDB:control_1\[35]
Removing Lhs of wire \Timer:TimerUDB:sIntCapCount:MODULE_1:g1:a0:newb_0\[73] = \Timer:TimerUDB:sIntCapCount:MODIN2_0\[74]
Removing Lhs of wire \Timer:TimerUDB:sIntCapCount:MODIN2_0\[74] = \Timer:TimerUDB:control_0\[36]
Removing Lhs of wire \Timer:TimerUDB:sIntCapCount:MODULE_1:g1:a0:dataa_1\[75] = \Timer:TimerUDB:int_capt_count_1\[60]
Removing Lhs of wire \Timer:TimerUDB:sIntCapCount:MODULE_1:g1:a0:dataa_0\[76] = \Timer:TimerUDB:int_capt_count_0\[63]
Removing Lhs of wire \Timer:TimerUDB:sIntCapCount:MODULE_1:g1:a0:datab_1\[77] = \Timer:TimerUDB:control_1\[35]
Removing Lhs of wire \Timer:TimerUDB:sIntCapCount:MODULE_1:g1:a0:datab_0\[78] = \Timer:TimerUDB:control_0\[36]
Removing Lhs of wire \Timer:TimerUDB:sIntCapCount:MODULE_1:g1:a0:gx:u0:a_1\[79] = \Timer:TimerUDB:int_capt_count_1\[60]
Removing Lhs of wire \Timer:TimerUDB:sIntCapCount:MODULE_1:g1:a0:gx:u0:a_0\[80] = \Timer:TimerUDB:int_capt_count_0\[63]
Removing Lhs of wire \Timer:TimerUDB:sIntCapCount:MODULE_1:g1:a0:gx:u0:b_1\[81] = \Timer:TimerUDB:control_1\[35]
Removing Lhs of wire \Timer:TimerUDB:sIntCapCount:MODULE_1:g1:a0:gx:u0:b_0\[82] = \Timer:TimerUDB:control_0\[36]
Removing Lhs of wire \Timer:TimerUDB:sIntCapCount:MODULE_1:g1:a0:gx:u0:aeqb_0\[85] = one[24]
Removing Lhs of wire \Timer:TimerUDB:sIntCapCount:MODULE_1:g1:a0:gx:u0:eq_0\[86] = \Timer:TimerUDB:sIntCapCount:MODULE_1:g1:a0:gx:u0:xnor_array_0\[84]
Removing Lhs of wire \Timer:TimerUDB:sIntCapCount:MODULE_1:g1:a0:gx:u0:eqi_0\[88] = \Timer:TimerUDB:sIntCapCount:MODULE_1:g1:a0:gx:u0:eq_1\[87]
Removing Rhs of wire \Timer:TimerUDB:sIntCapCount:MODULE_1:g1:a0:xeq\[100] = \Timer:TimerUDB:sIntCapCount:MODULE_1:g1:a0:gx:u0:aeqb_1\[89]
Removing Lhs of wire \Timer:TimerUDB:sIntCapCount:MODULE_2:g2:a0:a_1\[111] = \Timer:TimerUDB:int_capt_count_1\[60]
Removing Lhs of wire \Timer:TimerUDB:sIntCapCount:MODIN3_1\[112] = \Timer:TimerUDB:int_capt_count_1\[60]
Removing Lhs of wire \Timer:TimerUDB:sIntCapCount:MODULE_2:g2:a0:a_0\[113] = \Timer:TimerUDB:int_capt_count_0\[63]
Removing Lhs of wire \Timer:TimerUDB:sIntCapCount:MODIN3_0\[114] = \Timer:TimerUDB:int_capt_count_0\[63]
Removing Lhs of wire \Timer:TimerUDB:sIntCapCount:MODULE_2:g2:a0:g1:z1:s0:g1:u0:c_0\[120] = one[24]
Removing Lhs of wire \Timer:TimerUDB:sIntCapCount:MODULE_2:g2:a0:g1:z1:s0:g1:u0:b_0\[121] = one[24]
Removing Lhs of wire \Timer:TimerUDB:status_6\[124] = zero[4]
Removing Lhs of wire \Timer:TimerUDB:status_5\[125] = zero[4]
Removing Lhs of wire \Timer:TimerUDB:status_4\[126] = zero[4]
Removing Lhs of wire \Timer:TimerUDB:status_0\[127] = \Timer:TimerUDB:status_tc\[52]
Removing Lhs of wire \Timer:TimerUDB:status_1\[128] = \Timer:TimerUDB:capt_int_temp\[65]
Removing Rhs of wire \Timer:TimerUDB:status_2\[129] = \Timer:TimerUDB:fifo_full\[130]
Removing Rhs of wire \Timer:TimerUDB:status_3\[131] = \Timer:TimerUDB:fifo_nempty\[132]
Removing Lhs of wire \Timer:TimerUDB:cs_addr_2\[134] = zero[4]
Removing Lhs of wire \Timer:TimerUDB:cs_addr_1\[135] = \Timer:TimerUDB:trig_reg\[123]
Removing Lhs of wire \Timer:TimerUDB:cs_addr_0\[136] = \Timer:TimerUDB:per_zero\[54]
Removing Lhs of wire \LCD:tmpOE__LCDPort_net_6\[220] = one[24]
Removing Lhs of wire \LCD:tmpOE__LCDPort_net_5\[221] = one[24]
Removing Lhs of wire \LCD:tmpOE__LCDPort_net_4\[222] = one[24]
Removing Lhs of wire \LCD:tmpOE__LCDPort_net_3\[223] = one[24]
Removing Lhs of wire \LCD:tmpOE__LCDPort_net_2\[224] = one[24]
Removing Lhs of wire \LCD:tmpOE__LCDPort_net_1\[225] = one[24]
Removing Lhs of wire \LCD:tmpOE__LCDPort_net_0\[226] = one[24]
Removing Lhs of wire tmpOE__DATA_net_0[244] = one[24]
Removing Lhs of wire tmpOE__LED_net_0[249] = one[24]
Removing Lhs of wire \Timer:TimerUDB:capture_last\\D\[255] = Net_13[46]
Removing Lhs of wire \Timer:TimerUDB:tc_reg_i\\D\[256] = \Timer:TimerUDB:status_tc\[52]
Removing Lhs of wire \Timer:TimerUDB:hwEnable_reg\\D\[257] = \Timer:TimerUDB:control_7\[29]
Removing Lhs of wire \Timer:TimerUDB:capture_out_reg_i\\D\[258] = \Timer:TimerUDB:capt_fifo_load\[48]

------------------------------------------------------
Aliased 0 equations, 68 wires.
------------------------------------------------------

----------------------------------------------------------
Circuit simplification
----------------------------------------------------------

Substituting virtuals - pass 1:

Note:  Expanding virtual equation for 'zero' (cost = 0):
zero <=  ('0') ;

Note:  Expanding virtual equation for 'one' (cost = 0):
one <=  ('1') ;

Note:  Expanding virtual equation for '\Timer:TimerUDB:fifo_load_polarized\' (cost = 1):
\Timer:TimerUDB:fifo_load_polarized\ <= ((not Net_13 and \Timer:TimerUDB:capture_last\));

Note:  Expanding virtual equation for '\Timer:TimerUDB:timer_enable\' (cost = 0):
\Timer:TimerUDB:timer_enable\ <= (\Timer:TimerUDB:control_7\);

Note:  Expanding virtual equation for '\Timer:TimerUDB:sIntCapCount:MODULE_1:g1:a0:gx:u0:xnor_array_1\' (cost = 2):
\Timer:TimerUDB:sIntCapCount:MODULE_1:g1:a0:gx:u0:xnor_array_1\ <= ((not \Timer:TimerUDB:control_1\ and not \Timer:TimerUDB:int_capt_count_1\)
	OR (\Timer:TimerUDB:control_1\ and \Timer:TimerUDB:int_capt_count_1\));

Note:  Expanding virtual equation for '\Timer:TimerUDB:sIntCapCount:MODULE_1:g1:a0:gx:u0:xnor_array_0\' (cost = 4):
\Timer:TimerUDB:sIntCapCount:MODULE_1:g1:a0:gx:u0:xnor_array_0\ <= ((not \Timer:TimerUDB:control_0\ and not \Timer:TimerUDB:int_capt_count_0\)
	OR (\Timer:TimerUDB:control_0\ and \Timer:TimerUDB:int_capt_count_0\));

Note:  Expanding virtual equation for '\Timer:TimerUDB:sIntCapCount:MODULE_1:g1:a0:gx:u0:eq_1\' (cost = 4):
\Timer:TimerUDB:sIntCapCount:MODULE_1:g1:a0:gx:u0:eq_1\ <= ((not \Timer:TimerUDB:control_1\ and not \Timer:TimerUDB:control_0\ and not \Timer:TimerUDB:int_capt_count_1\ and not \Timer:TimerUDB:int_capt_count_0\)
	OR (not \Timer:TimerUDB:control_1\ and not \Timer:TimerUDB:int_capt_count_1\ and \Timer:TimerUDB:control_0\ and \Timer:TimerUDB:int_capt_count_0\)
	OR (not \Timer:TimerUDB:control_0\ and not \Timer:TimerUDB:int_capt_count_0\ and \Timer:TimerUDB:control_1\ and \Timer:TimerUDB:int_capt_count_1\)
	OR (\Timer:TimerUDB:control_1\ and \Timer:TimerUDB:control_0\ and \Timer:TimerUDB:int_capt_count_1\ and \Timer:TimerUDB:int_capt_count_0\));

Note:  Expanding virtual equation for '\Timer:TimerUDB:sIntCapCount:MODULE_1:g1:a0:xeq\' (cost = 60):
\Timer:TimerUDB:sIntCapCount:MODULE_1:g1:a0:xeq\ <= ((not \Timer:TimerUDB:control_1\ and not \Timer:TimerUDB:control_0\ and not \Timer:TimerUDB:int_capt_count_1\ and not \Timer:TimerUDB:int_capt_count_0\)
	OR (not \Timer:TimerUDB:control_1\ and not \Timer:TimerUDB:int_capt_count_1\ and \Timer:TimerUDB:control_0\ and \Timer:TimerUDB:int_capt_count_0\)
	OR (not \Timer:TimerUDB:control_0\ and not \Timer:TimerUDB:int_capt_count_0\ and \Timer:TimerUDB:control_1\ and \Timer:TimerUDB:int_capt_count_1\)
	OR (\Timer:TimerUDB:control_1\ and \Timer:TimerUDB:control_0\ and \Timer:TimerUDB:int_capt_count_1\ and \Timer:TimerUDB:int_capt_count_0\));

Note:  Expanding virtual equation for '\Timer:TimerUDB:sIntCapCount:MODULE_2:g2:a0:g1:z1:s0:g1:u0:c_1\' (cost = 0):
\Timer:TimerUDB:sIntCapCount:MODULE_2:g2:a0:g1:z1:s0:g1:u0:c_1\ <= (\Timer:TimerUDB:int_capt_count_0\);

Note:  Expanding virtual equation for '\Timer:TimerUDB:sIntCapCount:MODULE_2:g2:a0:s_0\' (cost = 0):
\Timer:TimerUDB:sIntCapCount:MODULE_2:g2:a0:s_0\ <= (not \Timer:TimerUDB:int_capt_count_0\);


Substituting virtuals - pass 2:

Note:  Virtual signal \Timer:TimerUDB:capt_fifo_load\ with ( cost: 96 or cost_inv: 3)  > 90 or with size: 1 > 102 has been made a (soft) node.
\Timer:TimerUDB:capt_fifo_load\ <= ((not Net_13 and \Timer:TimerUDB:control_7\ and \Timer:TimerUDB:capture_last\));

Note:  Expanding virtual equation for '\Timer:TimerUDB:sIntCapCount:MODULE_2:g2:a0:s_1\' (cost = 8):
\Timer:TimerUDB:sIntCapCount:MODULE_2:g2:a0:s_1\ <= ((not \Timer:TimerUDB:int_capt_count_0\ and \Timer:TimerUDB:int_capt_count_1\)
	OR (not \Timer:TimerUDB:int_capt_count_1\ and \Timer:TimerUDB:int_capt_count_0\));


Substituting virtuals - pass 3:


----------------------------------------------------------
Circuit simplification results:

	Expanded 11 signals.
	Turned 1 signals into soft nodes.
	Maximum default expansion cost was set at 3.
----------------------------------------------------------

------------------------------------------------------
Alias Detection
------------------------------------------------------
Removing Lhs of wire \Timer:TimerUDB:trig_reg\[123] = \Timer:TimerUDB:control_7\[29]

------------------------------------------------------
Aliased 0 equations, 1 wires.
------------------------------------------------------

----------------------------------------------------------
Circuit simplification
----------------------------------------------------------

Eliminating unused logic - pass 1:


Eliminating unused logic - pass 2:


Substituting virtuals - pass 1:


----------------------------------------------------------
Circuit simplification results:

	Expanded 0 signals.
	Turned 0 signals into soft nodes.
	Maximum default expansion cost was set at 3.
----------------------------------------------------------

topld:  No errors.

CYPRESS_DIR    : C:\Program Files (x86)\Cypress\PSoC Creator\4.4\PSoC Creator\warp
Warp Program   : C:\Program Files (x86)\Cypress\PSoC Creator\4.4\PSoC Creator\warp\bin\warp.exe
Warp Arguments : -yv2 -q10 -ygs -o2 -v3 -.fftcfgtype=LE -ya "-.fftprj=C:\Users\laura\Downloads\Practica 9\Practica 9\Practica 9\Practica 9_TemperaturaYHumedad.cydsn\Practica 9_TemperaturaYHumedad.cyprj" -dcpsoc3 "Practica 9_TemperaturaYHumedad.v" -verilog
</CYPRESSTAG>
Warp synthesis phase: Elapsed time ==> 4s.852ms
<CYPRESSTAG name="Fitter results...">
<CYPRESSTAG name="Fitter startup details...">
cyp3fit: V4.4.0.80, Family: PSoC3, Started at: Saturday, 28 August 2021 17:55:52
Options: -yv2 -q10 -ygs -o2 -v3 -.fftcfgtype=LE -ya -.fftprj=C:\Users\laura\Downloads\Practica 9\Practica 9\Practica 9\Practica 9_TemperaturaYHumedad.cydsn\Practica 9_TemperaturaYHumedad.cyprj -d CY8C5888LTI-LP097 Practica 9_TemperaturaYHumedad.v -verilog
</CYPRESSTAG>
<CYPRESSTAG name="Design parsing">
Design parsing phase: Elapsed time ==> 0s.018ms
</CYPRESSTAG>
<CYPRESSTAG name="Tech Mapping">
<CYPRESSTAG name="Initial Mapping" icon="FILE_RPT_TECHM">
<CYPRESSTAG name="Global Clock Selection" icon="FILE_RPT_TECHM">
    Digital Clock 0: Automatic-assigning  clock 'Clock_1'. Fanout=1, Signal=Net_15
    Digital Clock 1: Automatic-assigning  clock 'timer_clock'. Fanout=2, Signal=Net_11
</CYPRESSTAG>

Removing unused cells resulting from optimization
Done removing unused cells.
<CYPRESSTAG name="UDB Clock/Enable Remapping Results">
    UDB Clk/Enable \Timer:TimerUDB:clock_enable_block\: with output requested to be synchronous
        ClockIn: timer_clock was determined to be a global clock that is synchronous to BUS_CLK
        EnableIn: Constant 1 was determined to be synchronous to ClockIn
        ClockOut: timer_clock, EnableOut: Constant 1
    UDB Clk/Enable \Timer:TimerUDB:sCTRLReg:SyncCtl:cy_psoc3_udb_Ctl_Clk_Sync\: with output requested to be synchronous
        ClockIn: timer_clock was determined to be a global clock that is synchronous to BUS_CLK
        EnableIn: Constant 1 was determined to be synchronous to ClockIn
        ClockOut: timer_clock, EnableOut: Constant 1
</CYPRESSTAG>

Removing unused cells resulting from optimization
Done removing unused cells.
<CYPRESSTAG name="Duplicate Macrocell detection">
</CYPRESSTAG>
</CYPRESSTAG>
<CYPRESSTAG name="Duplicate Macrocell detection">
</CYPRESSTAG>
<CYPRESSTAG name="Design Equations" icon="FILE_RPT_EQUATION">

------------------------------------------------------------
Design Equations
------------------------------------------------------------
    <CYPRESSTAG name="Pin listing">

    ------------------------------------------------------------
    Pin listing
    ------------------------------------------------------------

    Pin : Name = \LCD:LCDPort(0)\
        Attributes:
            In Group/Port: True
            In Sync Option: AUTO
            Out Sync Option: NOSYNC
            Interrupt generated: False
            Interrupt mode: NONE
            Drive mode: CMOS_OUT
            VTrip: EITHER
            Slew: FAST
            Input Sync needed: False
            Output Sync needed: False
            SC shield enabled: False
            POR State: ANY
            LCD Mode: COMMON
            Register Mode: RegComb
            CaSense Mode: NEITHER
            Treat as pin: False
            Is OE Registered: False
            Uses Analog: False
            Can contain Digital: True
            Is SIO: False
            SIO Output Buf: NONREGULATED
            SIO Input Buf: SINGLE_ENDED
            SIO HiFreq: LOW
            SIO Hyst: DISABLED
            SIO Vtrip: MULTIPLIER_0_5
            SIO Multiplier Index: 0
            SIO RefSel: VCC_IO
            Required Capabilities: DIGITAL
            Initial Value: 0
            IO Voltage: 0
        PORT MAP (
            pa_out => \LCD:LCDPort(0)\__PA ,
            pad => \LCD:LCDPort(0)_PAD\ );
        Properties:
        {
        }

    Pin : Name = \LCD:LCDPort(1)\
        Attributes:
            In Group/Port: True
            In Sync Option: AUTO
            Out Sync Option: NOSYNC
            Interrupt generated: False
            Interrupt mode: NONE
            Drive mode: CMOS_OUT
            VTrip: EITHER
            Slew: FAST
            Input Sync needed: False
            Output Sync needed: False
            SC shield enabled: False
            POR State: ANY
            LCD Mode: COMMON
            Register Mode: RegComb
            CaSense Mode: NEITHER
            Treat as pin: False
            Is OE Registered: False
            Uses Analog: False
            Can contain Digital: True
            Is SIO: False
            SIO Output Buf: NONREGULATED
            SIO Input Buf: SINGLE_ENDED
            SIO HiFreq: LOW
            SIO Hyst: DISABLED
            SIO Vtrip: MULTIPLIER_0_5
            SIO Multiplier Index: 0
            SIO RefSel: VCC_IO
            Required Capabilities: DIGITAL
            Initial Value: 0
            IO Voltage: 0
        PORT MAP (
            pa_out => \LCD:LCDPort(1)\__PA ,
            pad => \LCD:LCDPort(1)_PAD\ );
        Properties:
        {
        }

    Pin : Name = \LCD:LCDPort(2)\
        Attributes:
            In Group/Port: True
            In Sync Option: AUTO
            Out Sync Option: NOSYNC
            Interrupt generated: False
            Interrupt mode: NONE
            Drive mode: CMOS_OUT
            VTrip: EITHER
            Slew: FAST
            Input Sync needed: False
            Output Sync needed: False
            SC shield enabled: False
            POR State: ANY
            LCD Mode: COMMON
            Register Mode: RegComb
            CaSense Mode: NEITHER
            Treat as pin: False
            Is OE Registered: False
            Uses Analog: False
            Can contain Digital: True
            Is SIO: False
            SIO Output Buf: NONREGULATED
            SIO Input Buf: SINGLE_ENDED
            SIO HiFreq: LOW
            SIO Hyst: DISABLED
            SIO Vtrip: MULTIPLIER_0_5
            SIO Multiplier Index: 0
            SIO RefSel: VCC_IO
            Required Capabilities: DIGITAL
            Initial Value: 0
            IO Voltage: 0
        PORT MAP (
            pa_out => \LCD:LCDPort(2)\__PA ,
            pad => \LCD:LCDPort(2)_PAD\ );
        Properties:
        {
        }

    Pin : Name = \LCD:LCDPort(3)\
        Attributes:
            In Group/Port: True
            In Sync Option: AUTO
            Out Sync Option: NOSYNC
            Interrupt generated: False
            Interrupt mode: NONE
            Drive mode: CMOS_OUT
            VTrip: EITHER
            Slew: FAST
            Input Sync needed: False
            Output Sync needed: False
            SC shield enabled: False
            POR State: ANY
            LCD Mode: COMMON
            Register Mode: RegComb
            CaSense Mode: NEITHER
            Treat as pin: False
            Is OE Registered: False
            Uses Analog: False
            Can contain Digital: True
            Is SIO: False
            SIO Output Buf: NONREGULATED
            SIO Input Buf: SINGLE_ENDED
            SIO HiFreq: LOW
            SIO Hyst: DISABLED
            SIO Vtrip: MULTIPLIER_0_5
            SIO Multiplier Index: 0
            SIO RefSel: VCC_IO
            Required Capabilities: DIGITAL
            Initial Value: 0
            IO Voltage: 0
        PORT MAP (
            pa_out => \LCD:LCDPort(3)\__PA ,
            pad => \LCD:LCDPort(3)_PAD\ );
        Properties:
        {
        }

    Pin : Name = \LCD:LCDPort(4)\
        Attributes:
            In Group/Port: True
            In Sync Option: AUTO
            Out Sync Option: NOSYNC
            Interrupt generated: False
            Interrupt mode: NONE
            Drive mode: CMOS_OUT
            VTrip: EITHER
            Slew: FAST
            Input Sync needed: False
            Output Sync needed: False
            SC shield enabled: False
            POR State: ANY
            LCD Mode: COMMON
            Register Mode: RegComb
            CaSense Mode: NEITHER
            Treat as pin: False
            Is OE Registered: False
            Uses Analog: False
            Can contain Digital: True
            Is SIO: False
            SIO Output Buf: NONREGULATED
            SIO Input Buf: SINGLE_ENDED
            SIO HiFreq: LOW
            SIO Hyst: DISABLED
            SIO Vtrip: MULTIPLIER_0_5
            SIO Multiplier Index: 0
            SIO RefSel: VCC_IO
            Required Capabilities: DIGITAL
            Initial Value: 0
            IO Voltage: 0
        PORT MAP (
            pa_out => \LCD:LCDPort(4)\__PA ,
            pad => \LCD:LCDPort(4)_PAD\ );
        Properties:
        {
        }

    Pin : Name = \LCD:LCDPort(5)\
        Attributes:
            In Group/Port: True
            In Sync Option: AUTO
            Out Sync Option: NOSYNC
            Interrupt generated: False
            Interrupt mode: NONE
            Drive mode: CMOS_OUT
            VTrip: EITHER
            Slew: FAST
            Input Sync needed: False
            Output Sync needed: False
            SC shield enabled: False
            POR State: ANY
            LCD Mode: COMMON
            Register Mode: RegComb
            CaSense Mode: NEITHER
            Treat as pin: False
            Is OE Registered: False
            Uses Analog: False
            Can contain Digital: True
            Is SIO: False
            SIO Output Buf: NONREGULATED
            SIO Input Buf: SINGLE_ENDED
            SIO HiFreq: LOW
            SIO Hyst: DISABLED
            SIO Vtrip: MULTIPLIER_0_5
            SIO Multiplier Index: 0
            SIO RefSel: VCC_IO
            Required Capabilities: DIGITAL
            Initial Value: 0
            IO Voltage: 0
        PORT MAP (
            pa_out => \LCD:LCDPort(5)\__PA ,
            pad => \LCD:LCDPort(5)_PAD\ );
        Properties:
        {
        }

    Pin : Name = \LCD:LCDPort(6)\
        Attributes:
            In Group/Port: True
            In Sync Option: AUTO
            Out Sync Option: NOSYNC
            Interrupt generated: False
            Interrupt mode: NONE
            Drive mode: CMOS_OUT
            VTrip: EITHER
            Slew: FAST
            Input Sync needed: False
            Output Sync needed: False
            SC shield enabled: False
            POR State: ANY
            LCD Mode: COMMON
            Register Mode: RegComb
            CaSense Mode: NEITHER
            Treat as pin: False
            Is OE Registered: False
            Uses Analog: False
            Can contain Digital: True
            Is SIO: False
            SIO Output Buf: NONREGULATED
            SIO Input Buf: SINGLE_ENDED
            SIO HiFreq: LOW
            SIO Hyst: DISABLED
            SIO Vtrip: MULTIPLIER_0_5
            SIO Multiplier Index: 0
            SIO RefSel: VCC_IO
            Required Capabilities: DIGITAL
            Initial Value: 0
            IO Voltage: 0
        PORT MAP (
            pa_out => \LCD:LCDPort(6)\__PA ,
            pad => \LCD:LCDPort(6)_PAD\ );
        Properties:
        {
        }

    Pin : Name = DATA(0)
        Attributes:
            In Group/Port: True
            In Sync Option: NOSYNC
            Out Sync Option: NOSYNC
            Interrupt generated: False
            Interrupt mode: NONE
            Drive mode: RES_PULL_UP
            VTrip: CMOS
            Slew: FAST
            Input Sync needed: False
            Output Sync needed: False
            SC shield enabled: False
            POR State: ANY
            LCD Mode: COMMON
            Register Mode: RegComb
            CaSense Mode: NEITHER
            Treat as pin: True
            Is OE Registered: False
            Uses Analog: False
            Can contain Digital: True
            Is SIO: False
            SIO Output Buf: NONREGULATED
            SIO Input Buf: SINGLE_ENDED
            SIO HiFreq: LOW
            SIO Hyst: DISABLED
            SIO Vtrip: MULTIPLIER_0_5
            SIO Multiplier Index: 0
            SIO RefSel: VCC_IO
            Required Capabilities: DIGITAL, ROUTABLE
            Initial Value: 1
            IO Voltage: 0
        PORT MAP (
            pa_out => DATA(0)__PA ,
            fb => Net_13 ,
            pad => DATA(0)_PAD );
        Properties:
        {
        }

    Pin : Name = LED(0)
        Attributes:
            In Group/Port: True
            In Sync Option: AUTO
            Out Sync Option: NOSYNC
            Interrupt generated: False
            Interrupt mode: NONE
            Drive mode: CMOS_OUT
            VTrip: EITHER
            Slew: FAST
            Input Sync needed: False
            Output Sync needed: False
            SC shield enabled: False
            POR State: ANY
            LCD Mode: COMMON
            Register Mode: RegComb
            CaSense Mode: NEITHER
            Treat as pin: True
            Is OE Registered: False
            Uses Analog: False
            Can contain Digital: True
            Is SIO: False
            SIO Output Buf: NONREGULATED
            SIO Input Buf: SINGLE_ENDED
            SIO HiFreq: LOW
            SIO Hyst: DISABLED
            SIO Vtrip: MULTIPLIER_0_5
            SIO Multiplier Index: 0
            SIO RefSel: VCC_IO
            Required Capabilities: DIGITAL
            Initial Value: 0
            IO Voltage: 0
        PORT MAP (
            pa_out => LED(0)__PA ,
            pad => LED(0)_PAD );
        Properties:
        {
        }
    </CYPRESSTAG>
    <CYPRESSTAG name="Macrocell listing" icon="FILE_RPT_EQUATION">

    ------------------------------------------------------------
    Macrocell listing
    ------------------------------------------------------------

    MacroCell: Name=\Timer:TimerUDB:capt_fifo_load\, Mode=(Combinatorial)
        Total # of inputs        : 3
        Total # of product terms : 1
            Clock Enable: True
        Main Equation            : 1 pterm
        (
              \Timer:TimerUDB:control_7\ * !Net_13 * 
              \Timer:TimerUDB:capture_last\
        );
        Output = \Timer:TimerUDB:capt_fifo_load\ (fanout=5)
        Properties               : 
        {
            soft = 1
        }

    MacroCell: Name=\Timer:TimerUDB:status_tc\, Mode=(Combinatorial)
        Total # of inputs        : 2
        Total # of product terms : 1
            Clock Enable: True
        Main Equation            : 1 pterm
        (
              \Timer:TimerUDB:control_7\ * \Timer:TimerUDB:per_zero\
        );
        Output = \Timer:TimerUDB:status_tc\ (fanout=1)

    MacroCell: Name=__ZERO__, Mode=(Combinatorial)
        Total # of inputs        : 0
        Total # of product terms : 0
            Clock Enable: True
        Main Equation            : 0 pterms
        (
            0
        );
        Output = __ZERO__ (fanout=1)

    MacroCell: Name=\Timer:TimerUDB:capture_last\, Mode=(D-Register)
        Total # of inputs        : 1
        Total # of product terms : 1
        List of special equations: 
            Clock  = (Net_11) => Global
            Clock Enable: True
        Main Equation            : 1 pterm
        (
              Net_13
        );
        Output = \Timer:TimerUDB:capture_last\ (fanout=1)

    MacroCell: Name=\Timer:TimerUDB:int_capt_count_1\, Mode=(T-Register)
        Total # of inputs        : 5
        Total # of product terms : 4
        List of special equations: 
            Clock  = (Net_11) => Global
            Clock Enable: True
        Main Equation            : 4 pterms
        (
              \Timer:TimerUDB:control_1\ * !\Timer:TimerUDB:control_0\ * 
              \Timer:TimerUDB:capt_fifo_load\ * 
              \Timer:TimerUDB:int_capt_count_1\
            + \Timer:TimerUDB:control_1\ * \Timer:TimerUDB:capt_fifo_load\ * 
              \Timer:TimerUDB:int_capt_count_0\
            + !\Timer:TimerUDB:control_0\ * \Timer:TimerUDB:capt_fifo_load\ * 
              \Timer:TimerUDB:int_capt_count_0\
            + \Timer:TimerUDB:capt_fifo_load\ * 
              \Timer:TimerUDB:int_capt_count_1\ * 
              \Timer:TimerUDB:int_capt_count_0\
        );
        Output = \Timer:TimerUDB:int_capt_count_1\ (fanout=3)

    MacroCell: Name=\Timer:TimerUDB:int_capt_count_0\, Mode=(T-Register)
        Total # of inputs        : 5
        Total # of product terms : 3
        List of special equations: 
            Clock  = (Net_11) => Global
            Clock Enable: True
        Main Equation            : 3 pterms
        !(
              !\Timer:TimerUDB:control_1\ * !\Timer:TimerUDB:control_0\ * 
              !\Timer:TimerUDB:int_capt_count_1\ * 
              !\Timer:TimerUDB:int_capt_count_0\
            + \Timer:TimerUDB:control_1\ * !\Timer:TimerUDB:control_0\ * 
              \Timer:TimerUDB:int_capt_count_1\ * 
              !\Timer:TimerUDB:int_capt_count_0\
            + !\Timer:TimerUDB:capt_fifo_load\
        );
        Output = \Timer:TimerUDB:int_capt_count_0\ (fanout=3)

    MacroCell: Name=\Timer:TimerUDB:capt_int_temp\, Mode=(D-Register)
        Total # of inputs        : 5
        Total # of product terms : 4
        List of special equations: 
            Clock  = (Net_11) => Global
            Clock Enable: True
        Main Equation            : 4 pterms
        (
              !\Timer:TimerUDB:control_1\ * !\Timer:TimerUDB:control_0\ * 
              \Timer:TimerUDB:capt_fifo_load\ * 
              !\Timer:TimerUDB:int_capt_count_1\ * 
              !\Timer:TimerUDB:int_capt_count_0\
            + !\Timer:TimerUDB:control_1\ * \Timer:TimerUDB:control_0\ * 
              \Timer:TimerUDB:capt_fifo_load\ * 
              !\Timer:TimerUDB:int_capt_count_1\ * 
              \Timer:TimerUDB:int_capt_count_0\
            + \Timer:TimerUDB:control_1\ * !\Timer:TimerUDB:control_0\ * 
              \Timer:TimerUDB:capt_fifo_load\ * 
              \Timer:TimerUDB:int_capt_count_1\ * 
              !\Timer:TimerUDB:int_capt_count_0\
            + \Timer:TimerUDB:control_1\ * \Timer:TimerUDB:control_0\ * 
              \Timer:TimerUDB:capt_fifo_load\ * 
              \Timer:TimerUDB:int_capt_count_1\ * 
              \Timer:TimerUDB:int_capt_count_0\
        );
        Output = \Timer:TimerUDB:capt_int_temp\ (fanout=1)
    </CYPRESSTAG>
    <CYPRESSTAG name="Datapath listing">

    ------------------------------------------------------------
    Datapath listing
    ------------------------------------------------------------

    datapathcell: Name =\Timer:TimerUDB:sT16:timerdp:u0\
        PORT MAP (
            clock => Net_11 ,
            cs_addr_1 => \Timer:TimerUDB:control_7\ ,
            cs_addr_0 => \Timer:TimerUDB:per_zero\ ,
            f0_load => \Timer:TimerUDB:capt_fifo_load\ ,
            chain_out => \Timer:TimerUDB:sT16:timerdp:carry\ );
        Properties:
        {
            a0_init = "00000000"
            a1_init = "00000000"
            ce0_sync = 1
            ce1_sync = 1
            cl0_sync = 1
            cl1_sync = 1
            cmsb_sync = 1
            co_msb_sync = 1
            cy_dpconfig = "0000000001000000000000000100000001000000010000000000000010000000000000001000000000000000100000000000000010000000000000001000000011111111000000001111111111111111000000000000000000000001000000000000000000011000"
            d0_init = "00000000"
            d1_init = "00000000"
            f0_blk_sync = 1
            f0_bus_sync = 1
            f1_blk_sync = 1
            f1_bus_sync = 1
            ff0_sync = 1
            ff1_sync = 1
            ov_msb_sync = 1
            so_sync = 1
            z0_sync = 1
            z1_sync = 1
        }
        Clock Polarity: Active High
        Clock Enable: True
        Next in chain : \Timer:TimerUDB:sT16:timerdp:u1\

    datapathcell: Name =\Timer:TimerUDB:sT16:timerdp:u1\
        PORT MAP (
            clock => Net_11 ,
            cs_addr_1 => \Timer:TimerUDB:control_7\ ,
            cs_addr_0 => \Timer:TimerUDB:per_zero\ ,
            f0_load => \Timer:TimerUDB:capt_fifo_load\ ,
            z0_comb => \Timer:TimerUDB:per_zero\ ,
            f0_bus_stat_comb => \Timer:TimerUDB:status_3\ ,
            f0_blk_stat_comb => \Timer:TimerUDB:status_2\ ,
            chain_in => \Timer:TimerUDB:sT16:timerdp:carry\ );
        Properties:
        {
            a0_init = "00000000"
            a1_init = "00000000"
            ce0_sync = 1
            ce1_sync = 1
            cl0_sync = 1
            cl1_sync = 1
            cmsb_sync = 1
            co_msb_sync = 1
            cy_dpconfig = "0000000001000000000000000100000001000000010000000000000010000000000000001000000000000000100000000000000010000000000000001000000011111111000000001111111111111111100000110000000000000001000000110000000000011000"
            d0_init = "00000000"
            d1_init = "00000000"
            f0_blk_sync = 1
            f0_bus_sync = 1
            f1_blk_sync = 1
            f1_bus_sync = 1
            ff0_sync = 1
            ff1_sync = 1
            ov_msb_sync = 1
            so_sync = 1
            z0_sync = 1
            z1_sync = 1
        }
        Clock Polarity: Active High
        Clock Enable: True
        Previous in chain : \Timer:TimerUDB:sT16:timerdp:u0\
    </CYPRESSTAG>
    <CYPRESSTAG name="Status register listing">
    </CYPRESSTAG>
    <CYPRESSTAG name="StatusI register listing">

    ------------------------------------------------------------
    StatusI register listing
    ------------------------------------------------------------

    statusicell: Name =\Timer:TimerUDB:rstSts:stsreg\
        PORT MAP (
            clock => Net_11 ,
            status_3 => \Timer:TimerUDB:status_3\ ,
            status_2 => \Timer:TimerUDB:status_2\ ,
            status_1 => \Timer:TimerUDB:capt_int_temp\ ,
            status_0 => \Timer:TimerUDB:status_tc\ ,
            interrupt => Net_85 );
        Properties:
        {
            cy_force_order = 1
            cy_int_mask = "1111111"
            cy_md_select = "0000011"
        }
        Clock Polarity: Active High
        Clock Enable: True
    </CYPRESSTAG>
    <CYPRESSTAG name="Sync listing">
    </CYPRESSTAG>
    <CYPRESSTAG name="Control register listing">

    ------------------------------------------------------------
    Control register listing
    ------------------------------------------------------------

    controlcell: Name =\Timer:TimerUDB:sCTRLReg:SyncCtl:ctrlreg\
        PORT MAP (
            clock => Net_11 ,
            control_7 => \Timer:TimerUDB:control_7\ ,
            control_6 => \Timer:TimerUDB:control_6\ ,
            control_5 => \Timer:TimerUDB:control_5\ ,
            control_4 => \Timer:TimerUDB:control_4\ ,
            control_3 => \Timer:TimerUDB:control_3\ ,
            control_2 => \Timer:TimerUDB:control_2\ ,
            control_1 => \Timer:TimerUDB:control_1\ ,
            control_0 => \Timer:TimerUDB:control_0\ );
        Properties:
        {
            cy_ctrl_mode_0 = "11111111"
            cy_ctrl_mode_1 = "00000000"
            cy_ext_reset = 0
            cy_force_order = 1
            cy_init_value = "00000000"
        }
        Clock Polarity: Active High
        Clock Enable: True
    </CYPRESSTAG>
    <CYPRESSTAG name="Count7 listing">
    </CYPRESSTAG>
    <CYPRESSTAG name="DRQ listing">
    </CYPRESSTAG>
    <CYPRESSTAG name="Interrupt listing">

    ------------------------------------------------------------
    Interrupt listing
    ------------------------------------------------------------

    interrupt: Name =isr_counter
        PORT MAP (
            interrupt => Net_27 );
        Properties:
        {
            int_type = "00"
            is_nmi = 0
        }

    interrupt: Name =isr_timer
        PORT MAP (
            interrupt => Net_85 );
        Properties:
        {
            int_type = "00"
            is_nmi = 0
        }
    </CYPRESSTAG>
</CYPRESSTAG>
<CYPRESSTAG name="Technology mapping summary" expanded>

------------------------------------------------------------
Technology mapping summary
------------------------------------------------------------

Resource Type                 : Used : Free :  Max :  % Used
============================================================
Digital Clocks                :    2 :    6 :    8 : 25.00 %
Analog Clocks                 :    0 :    4 :    4 :  0.00 %
CapSense Buffers              :    0 :    2 :    2 :  0.00 %
Digital Filter Block          :    0 :    1 :    1 :  0.00 %
Interrupts                    :    2 :   30 :   32 :  6.25 %
IO                            :   12 :   36 :   48 : 25.00 %
Segment LCD                   :    0 :    1 :    1 :  0.00 %
CAN 2.0b                      :    0 :    1 :    1 :  0.00 %
I2C                           :    0 :    1 :    1 :  0.00 %
USB                           :    0 :    1 :    1 :  0.00 %
DMA Channels                  :    0 :   24 :   24 :  0.00 %
Timer                         :    1 :    3 :    4 : 25.00 %
UDB                           :      :      :      :        
  Macrocells                  :    7 :  185 :  192 :  3.65 %
  Unique P-terms              :   14 :  370 :  384 :  3.65 %
  Total P-terms               :   14 :      :      :        
  Datapath Cells              :    2 :   22 :   24 :  8.33 %
  Status Cells                :    1 :   23 :   24 :  4.17 %
    StatusI Registers         :    1 :      :      :        
  Control Cells               :    1 :   23 :   24 :  4.17 %
    Control Registers         :    1 :      :      :        
Opamp                         :    0 :    4 :    4 :  0.00 %
Comparator                    :    0 :    4 :    4 :  0.00 %
Delta-Sigma ADC               :    0 :    1 :    1 :  0.00 %
LPF                           :    0 :    2 :    2 :  0.00 %
SAR ADC                       :    0 :    2 :    2 :  0.00 %
Analog (SC/CT) Blocks         :    0 :    4 :    4 :  0.00 %
DAC                           :      :      :      :        
  VIDAC                       :    0 :    4 :    4 :  0.00 %
</CYPRESSTAG>
Technology Mapping: Elapsed time ==> 0s.175ms
Tech Mapping phase: Elapsed time ==> 0s.322ms
</CYPRESSTAG>
<CYPRESSTAG name="Analog Placement">
Initial Analog Placement Results:
IO_2@[IOP=(1)][IoId=(2)] : DATA(0) (fixed)
IO_0@[IOP=(12)][IoId=(0)] : LED(0) (fixed)
IO_0@[IOP=(2)][IoId=(0)] : \LCD:LCDPort(0)\ (fixed)
IO_1@[IOP=(2)][IoId=(1)] : \LCD:LCDPort(1)\ (fixed)
IO_2@[IOP=(2)][IoId=(2)] : \LCD:LCDPort(2)\ (fixed)
IO_3@[IOP=(2)][IoId=(3)] : \LCD:LCDPort(3)\ (fixed)
IO_4@[IOP=(2)][IoId=(4)] : \LCD:LCDPort(4)\ (fixed)
IO_5@[IOP=(2)][IoId=(5)] : \LCD:LCDPort(5)\ (fixed)
IO_6@[IOP=(2)][IoId=(6)] : \LCD:LCDPort(6)\ (fixed)
Analog Placement phase: Elapsed time ==> 0s.088ms
</CYPRESSTAG>
<CYPRESSTAG name="Analog Routing">
Analog Routing phase: Elapsed time ==> 0s.000ms
</CYPRESSTAG>
<CYPRESSTAG name="Analog Code Generation">
============ Analog Final Answer Routes ============
Dump of CyAnalogRoutingResultsDB
Map of net to items {
}
Map of item to net {
}
Mux Info {
}
Dump of CyP35AnalogRoutingResultsDB
IsVddaHalfUsedForComp = False
IsVddaHalfUsedForSar0 = False
IsVddaHalfUsedForSar1 = False
Analog Code Generation phase: Elapsed time ==> 0s.344ms
</CYPRESSTAG>
<CYPRESSTAG name="Digital Placement">
<CYPRESSTAG name="Detailed placement messages">
I2076: Total run-time: 1.1 sec.

</CYPRESSTAG>
<CYPRESSTAG name="PLD Packing">
<CYPRESSTAG name="PLD Packing Summary" expanded>

------------------------------------------------------------
PLD Packing Summary
------------------------------------------------------------
            Resource Type : Used : Free :  Max :  % Used
    ====================================================
                     PLDs :    3 :   45 :   48 :   6.25%

<CYPRESSTAG name="PLD Statistics">

        PLD Resource Type :     Average/LAB
    =======================================
                   Inputs :            4.67
                   Pterms :            4.67
               Macrocells :            2.33
</CYPRESSTAG>
<CYPRESSTAG name="Packed PLD Contents">
Packed PLD Contents not displayed at this verbose level.</CYPRESSTAG>
</CYPRESSTAG>
PLD Packing: Elapsed time ==> 0s.005ms
</CYPRESSTAG>
<CYPRESSTAG name="Partitioning">
<CYPRESSTAG name="Initial Partitioning Summary">
Initial Partitioning Summary not displayed at this verbose level.</CYPRESSTAG>
<CYPRESSTAG name="Final Partitioning Summary">
Final Partitioning Summary not displayed at this verbose level.</CYPRESSTAG>
Partitioning: Elapsed time ==> 0s.046ms
</CYPRESSTAG>
<CYPRESSTAG name="Final Placement Summary">

------------------------------------------------------------
Final Placement Summary
------------------------------------------------------------

       Resource Type :      Count : Avg Inputs : Avg Outputs
    ========================================================
                 UDB :          3 :       3.00 :       2.33
<CYPRESSTAG name="Final Placement Details">
<CYPRESSTAG name="Component Details">

------------------------------------------------------------
Component Placement Details
------------------------------------------------------------
UDB [UDB=(0,0)] is empty.
UDB [UDB=(0,1)] is empty.
UDB [UDB=(0,2)] is empty.
UDB [UDB=(0,3)] contents:
datapathcell: Name =\Timer:TimerUDB:sT16:timerdp:u0\
    PORT MAP (
        clock => Net_11 ,
        cs_addr_1 => \Timer:TimerUDB:control_7\ ,
        cs_addr_0 => \Timer:TimerUDB:per_zero\ ,
        f0_load => \Timer:TimerUDB:capt_fifo_load\ ,
        chain_out => \Timer:TimerUDB:sT16:timerdp:carry\ );
    Properties:
    {
        a0_init = "00000000"
        a1_init = "00000000"
        ce0_sync = 1
        ce1_sync = 1
        cl0_sync = 1
        cl1_sync = 1
        cmsb_sync = 1
        co_msb_sync = 1
        cy_dpconfig = "0000000001000000000000000100000001000000010000000000000010000000000000001000000000000000100000000000000010000000000000001000000011111111000000001111111111111111000000000000000000000001000000000000000000011000"
        d0_init = "00000000"
        d1_init = "00000000"
        f0_blk_sync = 1
        f0_bus_sync = 1
        f1_blk_sync = 1
        f1_bus_sync = 1
        ff0_sync = 1
        ff1_sync = 1
        ov_msb_sync = 1
        so_sync = 1
        z0_sync = 1
        z1_sync = 1
    }
    Clock Polarity: Active High
    Clock Enable: True
    Next in chain : \Timer:TimerUDB:sT16:timerdp:u1\

UDB [UDB=(0,4)] is empty.
UDB [UDB=(0,5)] is empty.
UDB [UDB=(1,0)] is empty.
UDB [UDB=(1,1)] is empty.
UDB [UDB=(1,2)] is empty.
UDB [UDB=(1,3)] contents:
LAB@[UDB=(1,3)][LB=0] #macrocells=4, #inputs=9, #pterms=6
{
    [McSlotId=0]:     MacroCell: Name=\Timer:TimerUDB:capt_fifo_load\, Mode=(Combinatorial) @ [UDB=(1,3)][LB=0][MC=0]
        Total # of inputs        : 3
        Total # of product terms : 1
            Clock Enable: True
        Main Equation            : 1 pterm
        (
              \Timer:TimerUDB:control_7\ * !Net_13 * 
              \Timer:TimerUDB:capture_last\
        );
        Output = \Timer:TimerUDB:capt_fifo_load\ (fanout=5)
        Properties               : 
        {
            soft = 1
        }

    [McSlotId=1]:     MacroCell: Name=\Timer:TimerUDB:capture_last\, Mode=(D-Register) @ [UDB=(1,3)][LB=0][MC=1]
        Total # of inputs        : 1
        Total # of product terms : 1
        List of special equations: 
            Clock  = (Net_11) => Global
            Clock Enable: True
        Main Equation            : 1 pterm
        (
              Net_13
        );
        Output = \Timer:TimerUDB:capture_last\ (fanout=1)
        Properties               : 
        {
        }

    [McSlotId=2]:     MacroCell: Name=\Timer:TimerUDB:int_capt_count_0\, Mode=(T-Register) @ [UDB=(1,3)][LB=0][MC=2]
        Total # of inputs        : 5
        Total # of product terms : 3
        List of special equations: 
            Clock  = (Net_11) => Global
            Clock Enable: True
        Main Equation            : 3 pterms
        !(
              !\Timer:TimerUDB:control_1\ * !\Timer:TimerUDB:control_0\ * 
              !\Timer:TimerUDB:int_capt_count_1\ * 
              !\Timer:TimerUDB:int_capt_count_0\
            + \Timer:TimerUDB:control_1\ * !\Timer:TimerUDB:control_0\ * 
              \Timer:TimerUDB:int_capt_count_1\ * 
              !\Timer:TimerUDB:int_capt_count_0\
            + !\Timer:TimerUDB:capt_fifo_load\
        );
        Output = \Timer:TimerUDB:int_capt_count_0\ (fanout=3)
        Properties               : 
        {
        }

    [McSlotId=3]:     MacroCell: Name=\Timer:TimerUDB:status_tc\, Mode=(Combinatorial) @ [UDB=(1,3)][LB=0][MC=3]
        Total # of inputs        : 2
        Total # of product terms : 1
            Clock Enable: True
        Main Equation            : 1 pterm
        (
              \Timer:TimerUDB:control_7\ * \Timer:TimerUDB:per_zero\
        );
        Output = \Timer:TimerUDB:status_tc\ (fanout=1)
        Properties               : 
        {
        }
}

LAB@[UDB=(1,3)][LB=1] #macrocells=2, #inputs=5, #pterms=8
{
    [McSlotId=0]:     MacroCell: Name=\Timer:TimerUDB:int_capt_count_1\, Mode=(T-Register) @ [UDB=(1,3)][LB=1][MC=0]
        Total # of inputs        : 5
        Total # of product terms : 4
        List of special equations: 
            Clock  = (Net_11) => Global
            Clock Enable: True
        Main Equation            : 4 pterms
        (
              \Timer:TimerUDB:control_1\ * !\Timer:TimerUDB:control_0\ * 
              \Timer:TimerUDB:capt_fifo_load\ * 
              \Timer:TimerUDB:int_capt_count_1\
            + \Timer:TimerUDB:control_1\ * \Timer:TimerUDB:capt_fifo_load\ * 
              \Timer:TimerUDB:int_capt_count_0\
            + !\Timer:TimerUDB:control_0\ * \Timer:TimerUDB:capt_fifo_load\ * 
              \Timer:TimerUDB:int_capt_count_0\
            + \Timer:TimerUDB:capt_fifo_load\ * 
              \Timer:TimerUDB:int_capt_count_1\ * 
              \Timer:TimerUDB:int_capt_count_0\
        );
        Output = \Timer:TimerUDB:int_capt_count_1\ (fanout=3)
        Properties               : 
        {
        }

    [McSlotId=1]:     MacroCell: Name=\Timer:TimerUDB:capt_int_temp\, Mode=(D-Register) @ [UDB=(1,3)][LB=1][MC=1]
        Total # of inputs        : 5
        Total # of product terms : 4
        List of special equations: 
            Clock  = (Net_11) => Global
            Clock Enable: True
        Main Equation            : 4 pterms
        (
              !\Timer:TimerUDB:control_1\ * !\Timer:TimerUDB:control_0\ * 
              \Timer:TimerUDB:capt_fifo_load\ * 
              !\Timer:TimerUDB:int_capt_count_1\ * 
              !\Timer:TimerUDB:int_capt_count_0\
            + !\Timer:TimerUDB:control_1\ * \Timer:TimerUDB:control_0\ * 
              \Timer:TimerUDB:capt_fifo_load\ * 
              !\Timer:TimerUDB:int_capt_count_1\ * 
              \Timer:TimerUDB:int_capt_count_0\
            + \Timer:TimerUDB:control_1\ * !\Timer:TimerUDB:control_0\ * 
              \Timer:TimerUDB:capt_fifo_load\ * 
              \Timer:TimerUDB:int_capt_count_1\ * 
              !\Timer:TimerUDB:int_capt_count_0\
            + \Timer:TimerUDB:control_1\ * \Timer:TimerUDB:control_0\ * 
              \Timer:TimerUDB:capt_fifo_load\ * 
              \Timer:TimerUDB:int_capt_count_1\ * 
              \Timer:TimerUDB:int_capt_count_0\
        );
        Output = \Timer:TimerUDB:capt_int_temp\ (fanout=1)
        Properties               : 
        {
        }

    [McSlotId=2]: (empty)
    [McSlotId=3]: (empty)
}

datapathcell: Name =\Timer:TimerUDB:sT16:timerdp:u1\
    PORT MAP (
        clock => Net_11 ,
        cs_addr_1 => \Timer:TimerUDB:control_7\ ,
        cs_addr_0 => \Timer:TimerUDB:per_zero\ ,
        f0_load => \Timer:TimerUDB:capt_fifo_load\ ,
        z0_comb => \Timer:TimerUDB:per_zero\ ,
        f0_bus_stat_comb => \Timer:TimerUDB:status_3\ ,
        f0_blk_stat_comb => \Timer:TimerUDB:status_2\ ,
        chain_in => \Timer:TimerUDB:sT16:timerdp:carry\ );
    Properties:
    {
        a0_init = "00000000"
        a1_init = "00000000"
        ce0_sync = 1
        ce1_sync = 1
        cl0_sync = 1
        cl1_sync = 1
        cmsb_sync = 1
        co_msb_sync = 1
        cy_dpconfig = "0000000001000000000000000100000001000000010000000000000010000000000000001000000000000000100000000000000010000000000000001000000011111111000000001111111111111111100000110000000000000001000000110000000000011000"
        d0_init = "00000000"
        d1_init = "00000000"
        f0_blk_sync = 1
        f0_bus_sync = 1
        f1_blk_sync = 1
        f1_bus_sync = 1
        ff0_sync = 1
        ff1_sync = 1
        ov_msb_sync = 1
        so_sync = 1
        z0_sync = 1
        z1_sync = 1
    }
    Clock Polarity: Active High
    Clock Enable: True
    Previous in chain : \Timer:TimerUDB:sT16:timerdp:u0\

statusicell: Name =\Timer:TimerUDB:rstSts:stsreg\
    PORT MAP (
        clock => Net_11 ,
        status_3 => \Timer:TimerUDB:status_3\ ,
        status_2 => \Timer:TimerUDB:status_2\ ,
        status_1 => \Timer:TimerUDB:capt_int_temp\ ,
        status_0 => \Timer:TimerUDB:status_tc\ ,
        interrupt => Net_85 );
    Properties:
    {
        cy_force_order = 1
        cy_int_mask = "1111111"
        cy_md_select = "0000011"
    }
    Clock Polarity: Active High
    Clock Enable: True

controlcell: Name =\Timer:TimerUDB:sCTRLReg:SyncCtl:ctrlreg\
    PORT MAP (
        clock => Net_11 ,
        control_7 => \Timer:TimerUDB:control_7\ ,
        control_6 => \Timer:TimerUDB:control_6\ ,
        control_5 => \Timer:TimerUDB:control_5\ ,
        control_4 => \Timer:TimerUDB:control_4\ ,
        control_3 => \Timer:TimerUDB:control_3\ ,
        control_2 => \Timer:TimerUDB:control_2\ ,
        control_1 => \Timer:TimerUDB:control_1\ ,
        control_0 => \Timer:TimerUDB:control_0\ );
    Properties:
    {
        cy_ctrl_mode_0 = "11111111"
        cy_ctrl_mode_1 = "00000000"
        cy_ext_reset = 0
        cy_force_order = 1
        cy_init_value = "00000000"
    }
    Clock Polarity: Active High
    Clock Enable: True

UDB [UDB=(1,4)] is empty.
UDB [UDB=(1,5)] contents:
LAB@[UDB=(1,5)][LB=0] #macrocells=1, #inputs=0, #pterms=0
{
    [McSlotId=0]:     MacroCell: Name=__ZERO__, Mode=(Combinatorial) @ [UDB=(1,5)][LB=0][MC=0]
        Total # of inputs        : 0
        Total # of product terms : 0
            Clock Enable: True
        Main Equation            : 0 pterms
        (
            0
        );
        Output = __ZERO__ (fanout=1)
        Properties               : 
        {
        }

    [McSlotId=1]: (empty)
    [McSlotId=2]: (empty)
    [McSlotId=3]: (empty)
}

UDB [UDB=(2,0)] is empty.
UDB [UDB=(2,1)] is empty.
UDB [UDB=(2,2)] is empty.
UDB [UDB=(2,3)] is empty.
UDB [UDB=(2,4)] is empty.
UDB [UDB=(2,5)] is empty.
UDB [UDB=(3,0)] is empty.
UDB [UDB=(3,1)] is empty.
UDB [UDB=(3,2)] is empty.
UDB [UDB=(3,3)] is empty.
UDB [UDB=(3,4)] is empty.
UDB [UDB=(3,5)] is empty.
Intr container @ [IntrContainer=(0)]: 
  Intr@ [IntrContainer=(0)][IntrId=(0)] 
    interrupt: Name =isr_counter
        PORT MAP (
            interrupt => Net_27 );
        Properties:
        {
            int_type = "00"
            is_nmi = 0
        }
  Intr@ [IntrContainer=(0)][IntrId=(1)] 
    interrupt: Name =isr_timer
        PORT MAP (
            interrupt => Net_85 );
        Properties:
        {
            int_type = "00"
            is_nmi = 0
        }
Drq container @ [DrqContainer=(0)]: empty
Port 0 contains the following IO cells:
Port 1 contains the following IO cells:
[IoId=2]: 
Pin : Name = DATA(0)
    Attributes:
        In Group/Port: True
        In Sync Option: NOSYNC
        Out Sync Option: NOSYNC
        Interrupt generated: False
        Interrupt mode: NONE
        Drive mode: RES_PULL_UP
        VTrip: CMOS
        Slew: FAST
        Input Sync needed: False
        Output Sync needed: False
        SC shield enabled: False
        POR State: ANY
        LCD Mode: COMMON
        Register Mode: RegComb
        CaSense Mode: NEITHER
        Treat as pin: True
        Is OE Registered: False
        Uses Analog: False
        Can contain Digital: True
        Is SIO: False
        SIO Output Buf: NONREGULATED
        SIO Input Buf: SINGLE_ENDED
        SIO HiFreq: LOW
        SIO Hyst: DISABLED
        SIO Vtrip: MULTIPLIER_0_5
        SIO Multiplier Index: 0
        SIO RefSel: VCC_IO
        Required Capabilities: DIGITAL, ROUTABLE
        Initial Value: 1
        IO Voltage: 0
    PORT MAP (
        pa_out => DATA(0)__PA ,
        fb => Net_13 ,
        pad => DATA(0)_PAD );
    Properties:
    {
    }

Port 2 contains the following IO cells:
[IoId=0]: 
Pin : Name = \LCD:LCDPort(0)\
    Attributes:
        In Group/Port: True
        In Sync Option: AUTO
        Out Sync Option: NOSYNC
        Interrupt generated: False
        Interrupt mode: NONE
        Drive mode: CMOS_OUT
        VTrip: EITHER
        Slew: FAST
        Input Sync needed: False
        Output Sync needed: False
        SC shield enabled: False
        POR State: ANY
        LCD Mode: COMMON
        Register Mode: RegComb
        CaSense Mode: NEITHER
        Treat as pin: False
        Is OE Registered: False
        Uses Analog: False
        Can contain Digital: True
        Is SIO: False
        SIO Output Buf: NONREGULATED
        SIO Input Buf: SINGLE_ENDED
        SIO HiFreq: LOW
        SIO Hyst: DISABLED
        SIO Vtrip: MULTIPLIER_0_5
        SIO Multiplier Index: 0
        SIO RefSel: VCC_IO
        Required Capabilities: DIGITAL
        Initial Value: 0
        IO Voltage: 0
    PORT MAP (
        pa_out => \LCD:LCDPort(0)\__PA ,
        pad => \LCD:LCDPort(0)_PAD\ );
    Properties:
    {
    }

[IoId=1]: 
Pin : Name = \LCD:LCDPort(1)\
    Attributes:
        In Group/Port: True
        In Sync Option: AUTO
        Out Sync Option: NOSYNC
        Interrupt generated: False
        Interrupt mode: NONE
        Drive mode: CMOS_OUT
        VTrip: EITHER
        Slew: FAST
        Input Sync needed: False
        Output Sync needed: False
        SC shield enabled: False
        POR State: ANY
        LCD Mode: COMMON
        Register Mode: RegComb
        CaSense Mode: NEITHER
        Treat as pin: False
        Is OE Registered: False
        Uses Analog: False
        Can contain Digital: True
        Is SIO: False
        SIO Output Buf: NONREGULATED
        SIO Input Buf: SINGLE_ENDED
        SIO HiFreq: LOW
        SIO Hyst: DISABLED
        SIO Vtrip: MULTIPLIER_0_5
        SIO Multiplier Index: 0
        SIO RefSel: VCC_IO
        Required Capabilities: DIGITAL
        Initial Value: 0
        IO Voltage: 0
    PORT MAP (
        pa_out => \LCD:LCDPort(1)\__PA ,
        pad => \LCD:LCDPort(1)_PAD\ );
    Properties:
    {
    }

[IoId=2]: 
Pin : Name = \LCD:LCDPort(2)\
    Attributes:
        In Group/Port: True
        In Sync Option: AUTO
        Out Sync Option: NOSYNC
        Interrupt generated: False
        Interrupt mode: NONE
        Drive mode: CMOS_OUT
        VTrip: EITHER
        Slew: FAST
        Input Sync needed: False
        Output Sync needed: False
        SC shield enabled: False
        POR State: ANY
        LCD Mode: COMMON
        Register Mode: RegComb
        CaSense Mode: NEITHER
        Treat as pin: False
        Is OE Registered: False
        Uses Analog: False
        Can contain Digital: True
        Is SIO: False
        SIO Output Buf: NONREGULATED
        SIO Input Buf: SINGLE_ENDED
        SIO HiFreq: LOW
        SIO Hyst: DISABLED
        SIO Vtrip: MULTIPLIER_0_5
        SIO Multiplier Index: 0
        SIO RefSel: VCC_IO
        Required Capabilities: DIGITAL
        Initial Value: 0
        IO Voltage: 0
    PORT MAP (
        pa_out => \LCD:LCDPort(2)\__PA ,
        pad => \LCD:LCDPort(2)_PAD\ );
    Properties:
    {
    }

[IoId=3]: 
Pin : Name = \LCD:LCDPort(3)\
    Attributes:
        In Group/Port: True
        In Sync Option: AUTO
        Out Sync Option: NOSYNC
        Interrupt generated: False
        Interrupt mode: NONE
        Drive mode: CMOS_OUT
        VTrip: EITHER
        Slew: FAST
        Input Sync needed: False
        Output Sync needed: False
        SC shield enabled: False
        POR State: ANY
        LCD Mode: COMMON
        Register Mode: RegComb
        CaSense Mode: NEITHER
        Treat as pin: False
        Is OE Registered: False
        Uses Analog: False
        Can contain Digital: True
        Is SIO: False
        SIO Output Buf: NONREGULATED
        SIO Input Buf: SINGLE_ENDED
        SIO HiFreq: LOW
        SIO Hyst: DISABLED
        SIO Vtrip: MULTIPLIER_0_5
        SIO Multiplier Index: 0
        SIO RefSel: VCC_IO
        Required Capabilities: DIGITAL
        Initial Value: 0
        IO Voltage: 0
    PORT MAP (
        pa_out => \LCD:LCDPort(3)\__PA ,
        pad => \LCD:LCDPort(3)_PAD\ );
    Properties:
    {
    }

[IoId=4]: 
Pin : Name = \LCD:LCDPort(4)\
    Attributes:
        In Group/Port: True
        In Sync Option: AUTO
        Out Sync Option: NOSYNC
        Interrupt generated: False
        Interrupt mode: NONE
        Drive mode: CMOS_OUT
        VTrip: EITHER
        Slew: FAST
        Input Sync needed: False
        Output Sync needed: False
        SC shield enabled: False
        POR State: ANY
        LCD Mode: COMMON
        Register Mode: RegComb
        CaSense Mode: NEITHER
        Treat as pin: False
        Is OE Registered: False
        Uses Analog: False
        Can contain Digital: True
        Is SIO: False
        SIO Output Buf: NONREGULATED
        SIO Input Buf: SINGLE_ENDED
        SIO HiFreq: LOW
        SIO Hyst: DISABLED
        SIO Vtrip: MULTIPLIER_0_5
        SIO Multiplier Index: 0
        SIO RefSel: VCC_IO
        Required Capabilities: DIGITAL
        Initial Value: 0
        IO Voltage: 0
    PORT MAP (
        pa_out => \LCD:LCDPort(4)\__PA ,
        pad => \LCD:LCDPort(4)_PAD\ );
    Properties:
    {
    }

[IoId=5]: 
Pin : Name = \LCD:LCDPort(5)\
    Attributes:
        In Group/Port: True
        In Sync Option: AUTO
        Out Sync Option: NOSYNC
        Interrupt generated: False
        Interrupt mode: NONE
        Drive mode: CMOS_OUT
        VTrip: EITHER
        Slew: FAST
        Input Sync needed: False
        Output Sync needed: False
        SC shield enabled: False
        POR State: ANY
        LCD Mode: COMMON
        Register Mode: RegComb
        CaSense Mode: NEITHER
        Treat as pin: False
        Is OE Registered: False
        Uses Analog: False
        Can contain Digital: True
        Is SIO: False
        SIO Output Buf: NONREGULATED
        SIO Input Buf: SINGLE_ENDED
        SIO HiFreq: LOW
        SIO Hyst: DISABLED
        SIO Vtrip: MULTIPLIER_0_5
        SIO Multiplier Index: 0
        SIO RefSel: VCC_IO
        Required Capabilities: DIGITAL
        Initial Value: 0
        IO Voltage: 0
    PORT MAP (
        pa_out => \LCD:LCDPort(5)\__PA ,
        pad => \LCD:LCDPort(5)_PAD\ );
    Properties:
    {
    }

[IoId=6]: 
Pin : Name = \LCD:LCDPort(6)\
    Attributes:
        In Group/Port: True
        In Sync Option: AUTO
        Out Sync Option: NOSYNC
        Interrupt generated: False
        Interrupt mode: NONE
        Drive mode: CMOS_OUT
        VTrip: EITHER
        Slew: FAST
        Input Sync needed: False
        Output Sync needed: False
        SC shield enabled: False
        POR State: ANY
        LCD Mode: COMMON
        Register Mode: RegComb
        CaSense Mode: NEITHER
        Treat as pin: False
        Is OE Registered: False
        Uses Analog: False
        Can contain Digital: True
        Is SIO: False
        SIO Output Buf: NONREGULATED
        SIO Input Buf: SINGLE_ENDED
        SIO HiFreq: LOW
        SIO Hyst: DISABLED
        SIO Vtrip: MULTIPLIER_0_5
        SIO Multiplier Index: 0
        SIO RefSel: VCC_IO
        Required Capabilities: DIGITAL
        Initial Value: 0
        IO Voltage: 0
    PORT MAP (
        pa_out => \LCD:LCDPort(6)\__PA ,
        pad => \LCD:LCDPort(6)_PAD\ );
    Properties:
    {
    }

Port 3 contains the following IO cells:
Port 12 contains the following IO cells:
[IoId=0]: 
Pin : Name = LED(0)
    Attributes:
        In Group/Port: True
        In Sync Option: AUTO
        Out Sync Option: NOSYNC
        Interrupt generated: False
        Interrupt mode: NONE
        Drive mode: CMOS_OUT
        VTrip: EITHER
        Slew: FAST
        Input Sync needed: False
        Output Sync needed: False
        SC shield enabled: False
        POR State: ANY
        LCD Mode: COMMON
        Register Mode: RegComb
        CaSense Mode: NEITHER
        Treat as pin: True
        Is OE Registered: False
        Uses Analog: False
        Can contain Digital: True
        Is SIO: False
        SIO Output Buf: NONREGULATED
        SIO Input Buf: SINGLE_ENDED
        SIO HiFreq: LOW
        SIO Hyst: DISABLED
        SIO Vtrip: MULTIPLIER_0_5
        SIO Multiplier Index: 0
        SIO RefSel: VCC_IO
        Required Capabilities: DIGITAL
        Initial Value: 0
        IO Voltage: 0
    PORT MAP (
        pa_out => LED(0)__PA ,
        pad => LED(0)_PAD );
    Properties:
    {
    }

Port 15 contains the following IO cells:
ARM group 0: empty
CAN group 0: empty
Cache group 0: empty
CapSense group 0: empty
Clock group 0: 
    Clock Block @ F(Clock,0): 
    clockblockcell: Name =ClockBlock
        PORT MAP (
            imo => ClockBlock_IMO ,
            pllout => ClockBlock_PLL_OUT ,
            ilo => ClockBlock_ILO ,
            clk_100k => ClockBlock_100k ,
            clk_1k => ClockBlock_1k ,
            clk_32k => ClockBlock_32k ,
            xtal => ClockBlock_XTAL ,
            clk_32k_xtal => ClockBlock_XTAL_32KHZ ,
            clk_sync => ClockBlock_MASTER_CLK ,
            clk_bus_glb => ClockBlock_BUS_CLK ,
            clk_bus => ClockBlock_BUS_CLK_local ,
            dclk_glb_0 => Net_15 ,
            dclk_0 => Net_15_local ,
            dclk_glb_1 => Net_11 ,
            dclk_1 => Net_11_local );
        Properties:
        {
        }
Comparator group 0: empty
DFB group 0: empty
DSM group 0: empty
Decimator group 0: empty
EMIF group 0: empty
I2C group 0: empty
LCD group 0: empty
LVD group 0: empty
PICU group 0: empty
PM group 0: empty
SC group 0: empty
SPC group 0: empty
Timer group 0: 
    Timer Block @ F(Timer,0): 
    timercell: Name =\Contador_1:CounterHW\
        PORT MAP (
            clock => Net_15 ,
            enable => __ZERO__ ,
            tc => Net_27 ,
            cmp => \Contador_1:Net_47\ ,
            irq => \Contador_1:Net_42\ );
        Properties:
        {
            cy_registers = ""
        }
USB group 0: empty
VIDAC group 0: empty
OpAmp group 0: empty
CsAbuf group 0: empty
Vref group 0: empty
LPF group 0: empty
SAR group 0: empty
ANAIF group 0: empty
PHUB group 0: empty
</CYPRESSTAG>
<CYPRESSTAG name="Port Configuration Details">

------------------------------------------------------------
Port Configuration report
------------------------------------------------------------
     |     |       | Interrupt |                  |                  | 
Port | Pin | Fixed |      Type |       Drive Mode |             Name | Connections
-----+-----+-------+-----------+------------------+------------------+------------
   1 |   2 |     * |      NONE |      RES_PULL_UP |          DATA(0) | FB(Net_13)
-----+-----+-------+-----------+------------------+------------------+------------
   2 |   0 |     * |      NONE |         CMOS_OUT | \LCD:LCDPort(0)\ | 
     |   1 |     * |      NONE |         CMOS_OUT | \LCD:LCDPort(1)\ | 
     |   2 |     * |      NONE |         CMOS_OUT | \LCD:LCDPort(2)\ | 
     |   3 |     * |      NONE |         CMOS_OUT | \LCD:LCDPort(3)\ | 
     |   4 |     * |      NONE |         CMOS_OUT | \LCD:LCDPort(4)\ | 
     |   5 |     * |      NONE |         CMOS_OUT | \LCD:LCDPort(5)\ | 
     |   6 |     * |      NONE |         CMOS_OUT | \LCD:LCDPort(6)\ | 
-----+-----+-------+-----------+------------------+------------------+------------
  12 |   0 |     * |      NONE |         CMOS_OUT |           LED(0) | 
----------------------------------------------------------------------------------
</CYPRESSTAG>
</CYPRESSTAG>
</CYPRESSTAG>
Digital component placer commit/Report: Elapsed time ==> 0s.046ms
Digital Placement phase: Elapsed time ==> 1s.835ms
</CYPRESSTAG>
<CYPRESSTAG name="Digital Routing">
"C:\Program Files (x86)\Cypress\PSoC Creator\4.4\PSoC Creator\bin/sjrouter.exe" --xml-path "C:\Program Files (x86)\Cypress\PSoC Creator\4.4\PSoC Creator\dev\psoc5/psoc5lp/route_arch-rrg.cydata" --vh2-path "Practica 9_TemperaturaYHumedad_r.vh2" --pcf-path "Practica 9_TemperaturaYHumedad.pco" --des-name "Practica 9_TemperaturaYHumedad" --dsf-path "Practica 9_TemperaturaYHumedad.dsf" --sdc-path "Practica 9_TemperaturaYHumedad.sdc" --lib-path "Practica 9_TemperaturaYHumedad_r.lib"
Routing successful.
Digital Routing phase: Elapsed time ==> 1s.833ms
</CYPRESSTAG>
<CYPRESSTAG name="Bitstream Generation">
Bitstream Generation phase: Elapsed time ==> 0s.312ms
</CYPRESSTAG>
<CYPRESSTAG name="Bitstream Verification">
Bitstream Verification phase: Elapsed time ==> 0s.061ms
</CYPRESSTAG>
<CYPRESSTAG name="Static timing analysis">
Timing report is in Practica 9_TemperaturaYHumedad_timing.html.
Static timing analysis phase: Elapsed time ==> 0s.488ms
</CYPRESSTAG>
<CYPRESSTAG name="Data reporting">
Data reporting phase: Elapsed time ==> 0s.000ms
</CYPRESSTAG>
<CYPRESSTAG name="Database update...">
Design database save phase: Elapsed time ==> 0s.294ms
</CYPRESSTAG>
cydsfit: Elapsed time ==> 5s.709ms
</CYPRESSTAG>
Fitter phase: Elapsed time ==> 5s.709ms
API generation phase: Elapsed time ==> 1s.732ms
Dependency generation phase: Elapsed time ==> 0s.027ms
Cleanup phase: Elapsed time ==> 0s.001ms
