ARM GAS  C:\Users\Usuario\AppData\Local\Temp\cc9EKS7M.s 			page 1


   1              		.syntax unified
   2              		.cpu cortex-m3
   3              		.fpu softvfp
   4              		.eabi_attribute 20, 1
   5              		.eabi_attribute 21, 1
   6              		.eabi_attribute 23, 3
   7              		.eabi_attribute 24, 1
   8              		.eabi_attribute 25, 1
   9              		.eabi_attribute 26, 1
  10              		.eabi_attribute 30, 1
  11              		.eabi_attribute 34, 1
  12              		.eabi_attribute 18, 4
  13              		.thumb
  14              		.syntax unified
  15              		.file	"cymetadata.c"
  16              		.text
  17              	.Ltext0:
  18              		.cfi_sections	.debug_frame
  19              		.global	cy_metadata
  20              		.global	cy_meta_flashprotect
  21              		.global	cy_meta_wonvl
  22              		.global	cy_meta_custnvl
  23              		.global	cy_meta_configecc
  24              		.section	.cyconfigecc,"a",%progbits
  25              		.align	2
  26              		.type	cy_meta_configecc, %object
  27              		.size	cy_meta_configecc, 840
  28              	cy_meta_configecc:
  29 0000 02       		.byte	2
  30 0001 4F       		.byte	79
  31 0002 00       		.byte	0
  32 0003 40       		.byte	64
  33 0004 01       		.byte	1
  34 0005 64       		.byte	100
  35 0006 00       		.byte	0
  36 0007 40       		.byte	64
  37 0008 01       		.byte	1
  38 0009 65       		.byte	101
  39 000a 00       		.byte	0
  40 000b 40       		.byte	64
  41 000c 02       		.byte	2
  42 000d 01       		.byte	1
  43 000e 01       		.byte	1
  44 000f 40       		.byte	64
  45 0010 44       		.byte	68
  46 0011 08       		.byte	8
  47 0012 01       		.byte	1
  48 0013 40       		.byte	64
  49 0014 28       		.byte	40
  50 0015 09       		.byte	9
  51 0016 01       		.byte	1
  52 0017 40       		.byte	64
  53 0018 01       		.byte	1
  54 0019 0B       		.byte	11
  55 001a 01       		.byte	1
  56 001b 40       		.byte	64
  57 001c 01       		.byte	1
ARM GAS  C:\Users\Usuario\AppData\Local\Temp\cc9EKS7M.s 			page 2


  58 001d 0D       		.byte	13
  59 001e 01       		.byte	1
  60 001f 40       		.byte	64
  61 0020 03       		.byte	3
  62 0021 0E       		.byte	14
  63 0022 01       		.byte	1
  64 0023 40       		.byte	64
  65 0024 04       		.byte	4
  66 0025 0F       		.byte	15
  67 0026 01       		.byte	1
  68 0027 40       		.byte	64
  69 0028 01       		.byte	1
  70 0029 15       		.byte	21
  71 002a 01       		.byte	1
  72 002b 40       		.byte	64
  73 002c 02       		.byte	2
  74 002d 17       		.byte	23
  75 002e 01       		.byte	1
  76 002f 40       		.byte	64
  77 0030 45       		.byte	69
  78 0031 18       		.byte	24
  79 0032 01       		.byte	1
  80 0033 40       		.byte	64
  81 0034 2B       		.byte	43
  82 0035 19       		.byte	25
  83 0036 01       		.byte	1
  84 0037 40       		.byte	64
  85 0038 1A       		.byte	26
  86 0039 1A       		.byte	26
  87 003a 01       		.byte	1
  88 003b 40       		.byte	64
  89 003c 16       		.byte	22
  90 003d 1B       		.byte	27
  91 003e 01       		.byte	1
  92 003f 40       		.byte	64
  93 0040 0A       		.byte	10
  94 0041 40       		.byte	64
  95 0042 01       		.byte	1
  96 0043 40       		.byte	64
  97 0044 05       		.byte	5
  98 0045 41       		.byte	65
  99 0046 01       		.byte	1
 100 0047 40       		.byte	64
 101 0048 0A       		.byte	10
 102 0049 42       		.byte	66
 103 004a 01       		.byte	1
 104 004b 40       		.byte	64
 105 004c 03       		.byte	3
 106 004d 43       		.byte	67
 107 004e 01       		.byte	1
 108 004f 40       		.byte	64
 109 0050 02       		.byte	2
 110 0051 46       		.byte	70
 111 0052 01       		.byte	1
 112 0053 40       		.byte	64
 113 0054 01       		.byte	1
 114 0055 47       		.byte	71
ARM GAS  C:\Users\Usuario\AppData\Local\Temp\cc9EKS7M.s 			page 3


 115 0056 01       		.byte	1
 116 0057 40       		.byte	64
 117 0058 04       		.byte	4
 118 0059 48       		.byte	72
 119 005a 01       		.byte	1
 120 005b 40       		.byte	64
 121 005c 02       		.byte	2
 122 005d 49       		.byte	73
 123 005e 01       		.byte	1
 124 005f 40       		.byte	64
 125 0060 0D       		.byte	13
 126 0061 4C       		.byte	76
 127 0062 01       		.byte	1
 128 0063 40       		.byte	64
 129 0064 04       		.byte	4
 130 0065 4D       		.byte	77
 131 0066 01       		.byte	1
 132 0067 40       		.byte	64
 133 0068 04       		.byte	4
 134 0069 50       		.byte	80
 135 006a 01       		.byte	1
 136 006b 40       		.byte	64
 137 006c 02       		.byte	2
 138 006d 51       		.byte	81
 139 006e 01       		.byte	1
 140 006f 40       		.byte	64
 141 0070 01       		.byte	1
 142 0071 20       		.byte	32
 143 0072 0A       		.byte	10
 144 0073 4B       		.byte	75
 145 0074 89       		.byte	-119
 146 0075 0D       		.byte	13
 147 0076 8A       		.byte	-118
 148 0077 0F       		.byte	15
 149 0078 E2       		.byte	-30
 150 0079 40       		.byte	64
 151 007a E6       		.byte	-26
 152 007b 01       		.byte	1
 153 007c 00       		.byte	0
 154 007d 55       		.byte	85
 155 007e 02       		.byte	2
 156 007f A0       		.byte	-96
 157 0080 04       		.byte	4
 158 0081 30       		.byte	48
 159 0082 06       		.byte	6
 160 0083 C3       		.byte	-61
 161 0084 0A       		.byte	10
 162 0085 FF       		.byte	-1
 163 0086 0D       		.byte	13
 164 0087 01       		.byte	1
 165 0088 0F       		.byte	15
 166 0089 02       		.byte	2
 167 008a 10       		.byte	16
 168 008b 30       		.byte	48
 169 008c 12       		.byte	18
 170 008d C9       		.byte	-55
 171 008e 19       		.byte	25
ARM GAS  C:\Users\Usuario\AppData\Local\Temp\cc9EKS7M.s 			page 4


 172 008f 04       		.byte	4
 173 0090 1D       		.byte	29
 174 0091 03       		.byte	3
 175 0092 29       		.byte	41
 176 0093 01       		.byte	1
 177 0094 2B       		.byte	43
 178 0095 02       		.byte	2
 179 0096 2C       		.byte	44
 180 0097 50       		.byte	80
 181 0098 2D       		.byte	45
 182 0099 03       		.byte	3
 183 009a 2E       		.byte	46
 184 009b AE       		.byte	-82
 185 009c 30       		.byte	48
 186 009d 0F       		.byte	15
 187 009e 31       		.byte	49
 188 009f 07       		.byte	7
 189 00a0 32       		.byte	50
 190 00a1 F0       		.byte	-16
 191 00a2 3A       		.byte	58
 192 00a3 02       		.byte	2
 193 00a4 3B       		.byte	59
 194 00a5 03       		.byte	3
 195 00a6 58       		.byte	88
 196 00a7 04       		.byte	4
 197 00a8 59       		.byte	89
 198 00a9 04       		.byte	4
 199 00aa 5F       		.byte	95
 200 00ab 01       		.byte	1
 201 00ac 84       		.byte	-124
 202 00ad 01       		.byte	1
 203 00ae 8E       		.byte	-114
 204 00af 16       		.byte	22
 205 00b0 91       		.byte	-111
 206 00b1 02       		.byte	2
 207 00b2 92       		.byte	-110
 208 00b3 03       		.byte	3
 209 00b4 9B       		.byte	-101
 210 00b5 03       		.byte	3
 211 00b6 9E       		.byte	-98
 212 00b7 09       		.byte	9
 213 00b8 A6       		.byte	-90
 214 00b9 10       		.byte	16
 215 00ba AA       		.byte	-86
 216 00bb 04       		.byte	4
 217 00bc B0       		.byte	-80
 218 00bd 03       		.byte	3
 219 00be B1       		.byte	-79
 220 00bf 01       		.byte	1
 221 00c0 B2       		.byte	-78
 222 00c1 08       		.byte	8
 223 00c2 B4       		.byte	-76
 224 00c3 04       		.byte	4
 225 00c4 B6       		.byte	-74
 226 00c5 10       		.byte	16
 227 00c6 B7       		.byte	-73
 228 00c7 02       		.byte	2
ARM GAS  C:\Users\Usuario\AppData\Local\Temp\cc9EKS7M.s 			page 5


 229 00c8 BE       		.byte	-66
 230 00c9 10       		.byte	16
 231 00ca C0       		.byte	-64
 232 00cb 40       		.byte	64
 233 00cc C1       		.byte	-63
 234 00cd 06       		.byte	6
 235 00ce C5       		.byte	-59
 236 00cf D1       		.byte	-47
 237 00d0 C7       		.byte	-57
 238 00d1 02       		.byte	2
 239 00d2 C8       		.byte	-56
 240 00d3 13       		.byte	19
 241 00d4 C9       		.byte	-55
 242 00d5 FF       		.byte	-1
 243 00d6 CA       		.byte	-54
 244 00d7 FF       		.byte	-1
 245 00d8 CB       		.byte	-53
 246 00d9 FF       		.byte	-1
 247 00da CD       		.byte	-51
 248 00db A0       		.byte	-96
 249 00dc CF       		.byte	-49
 250 00dd 04       		.byte	4
 251 00de D0       		.byte	-48
 252 00df 18       		.byte	24
 253 00e0 D2       		.byte	-46
 254 00e1 80       		.byte	-128
 255 00e2 D4       		.byte	-44
 256 00e3 05       		.byte	5
 257 00e4 D8       		.byte	-40
 258 00e5 04       		.byte	4
 259 00e6 D9       		.byte	-39
 260 00e7 04       		.byte	4
 261 00e8 DA       		.byte	-38
 262 00e9 04       		.byte	4
 263 00ea DB       		.byte	-37
 264 00eb 04       		.byte	4
 265 00ec DC       		.byte	-36
 266 00ed 11       		.byte	17
 267 00ee DD       		.byte	-35
 268 00ef 11       		.byte	17
 269 00f0 DF       		.byte	-33
 270 00f1 01       		.byte	1
 271 00f2 E0       		.byte	-32
 272 00f3 40       		.byte	64
 273 00f4 E2       		.byte	-30
 274 00f5 C0       		.byte	-64
 275 00f6 E4       		.byte	-28
 276 00f7 40       		.byte	64
 277 00f8 E5       		.byte	-27
 278 00f9 40       		.byte	64
 279 00fa E6       		.byte	-26
 280 00fb C0       		.byte	-64
 281 00fc E8       		.byte	-24
 282 00fd C0       		.byte	-64
 283 00fe EA       		.byte	-22
 284 00ff C0       		.byte	-64
 285 0100 EC       		.byte	-20
ARM GAS  C:\Users\Usuario\AppData\Local\Temp\cc9EKS7M.s 			page 6


 286 0101 C0       		.byte	-64
 287 0102 EE       		.byte	-18
 288 0103 C0       		.byte	-64
 289 0104 00       		.byte	0
 290 0105 40       		.byte	64
 291 0106 01       		.byte	1
 292 0107 08       		.byte	8
 293 0108 04       		.byte	4
 294 0109 08       		.byte	8
 295 010a 05       		.byte	5
 296 010b 10       		.byte	16
 297 010c 06       		.byte	6
 298 010d 80       		.byte	-128
 299 010e 0B       		.byte	11
 300 010f 41       		.byte	65
 301 0110 0E       		.byte	14
 302 0111 80       		.byte	-128
 303 0112 10       		.byte	16
 304 0113 28       		.byte	40
 305 0114 17       		.byte	23
 306 0115 80       		.byte	-128
 307 0116 18       		.byte	24
 308 0117 40       		.byte	64
 309 0118 19       		.byte	25
 310 0119 48       		.byte	72
 311 011a 1A       		.byte	26
 312 011b 04       		.byte	4
 313 011c 1E       		.byte	30
 314 011d D0       		.byte	-48
 315 011e 21       		.byte	33
 316 011f 02       		.byte	2
 317 0120 22       		.byte	34
 318 0121 40       		.byte	64
 319 0122 27       		.byte	39
 320 0123 80       		.byte	-128
 321 0124 2E       		.byte	46
 322 0125 80       		.byte	-128
 323 0126 2F       		.byte	47
 324 0127 0A       		.byte	10
 325 0128 30       		.byte	48
 326 0129 20       		.byte	32
 327 012a 31       		.byte	49
 328 012b 02       		.byte	2
 329 012c 35       		.byte	53
 330 012d 10       		.byte	16
 331 012e 37       		.byte	55
 332 012f 80       		.byte	-128
 333 0130 3E       		.byte	62
 334 0131 40       		.byte	64
 335 0132 40       		.byte	64
 336 0133 40       		.byte	64
 337 0134 48       		.byte	72
 338 0135 28       		.byte	40
 339 0136 49       		.byte	73
 340 0137 01       		.byte	1
 341 0138 50       		.byte	80
 342 0139 08       		.byte	8
ARM GAS  C:\Users\Usuario\AppData\Local\Temp\cc9EKS7M.s 			page 7


 343 013a 59       		.byte	89
 344 013b 01       		.byte	1
 345 013c 5A       		.byte	90
 346 013d 84       		.byte	-124
 347 013e 73       		.byte	115
 348 013f 40       		.byte	64
 349 0140 A7       		.byte	-89
 350 0141 10       		.byte	16
 351 0142 C0       		.byte	-64
 352 0143 75       		.byte	117
 353 0144 C2       		.byte	-62
 354 0145 19       		.byte	25
 355 0146 C4       		.byte	-60
 356 0147 86       		.byte	-122
 357 0148 CA       		.byte	-54
 358 0149 30       		.byte	48
 359 014a CC       		.byte	-52
 360 014b 35       		.byte	53
 361 014c CE       		.byte	-50
 362 014d 10       		.byte	16
 363 014e D0       		.byte	-48
 364 014f 01       		.byte	1
 365 0150 D2       		.byte	-46
 366 0151 04       		.byte	4
 367 0152 D6       		.byte	-42
 368 0153 0B       		.byte	11
 369 0154 A7       		.byte	-89
 370 0155 10       		.byte	16
 371 0156 A7       		.byte	-89
 372 0157 10       		.byte	16
 373 0158 BF       		.byte	-65
 374 0159 04       		.byte	4
 375 015a D9       		.byte	-39
 376 015b 04       		.byte	4
 377 015c DF       		.byte	-33
 378 015d 01       		.byte	1
 379 015e 26       		.byte	38
 380 015f 04       		.byte	4
 381 0160 83       		.byte	-125
 382 0161 10       		.byte	16
 383 0162 8E       		.byte	-114
 384 0163 04       		.byte	4
 385 0164 E2       		.byte	-30
 386 0165 40       		.byte	64
 387 0166 EE       		.byte	-18
 388 0167 02       		.byte	2
 389 0168 EA       		.byte	-22
 390 0169 04       		.byte	4
 391 016a EE       		.byte	-18
 392 016b 04       		.byte	4
 393 016c 04       		.byte	4
 394 016d 06       		.byte	6
 395 016e 06       		.byte	6
 396 016f 08       		.byte	8
 397 0170 0E       		.byte	14
 398 0171 1F       		.byte	31
 399 0172 0F       		.byte	15
ARM GAS  C:\Users\Usuario\AppData\Local\Temp\cc9EKS7M.s 			page 8


 400 0173 03       		.byte	3
 401 0174 12       		.byte	18
 402 0175 10       		.byte	16
 403 0176 13       		.byte	19
 404 0177 03       		.byte	3
 405 0178 16       		.byte	22
 406 0179 1D       		.byte	29
 407 017a 17       		.byte	23
 408 017b 02       		.byte	2
 409 017c 19       		.byte	25
 410 017d 01       		.byte	1
 411 017e 22       		.byte	34
 412 017f 1F       		.byte	31
 413 0180 27       		.byte	39
 414 0181 05       		.byte	5
 415 0182 28       		.byte	40
 416 0183 08       		.byte	8
 417 0184 2A       		.byte	42
 418 0185 06       		.byte	6
 419 0186 30       		.byte	48
 420 0187 10       		.byte	16
 421 0188 32       		.byte	50
 422 0189 03       		.byte	3
 423 018a 33       		.byte	51
 424 018b 04       		.byte	4
 425 018c 34       		.byte	52
 426 018d 0C       		.byte	12
 427 018e 35       		.byte	53
 428 018f 03       		.byte	3
 429 0190 36       		.byte	54
 430 0191 01       		.byte	1
 431 0192 3E       		.byte	62
 432 0193 51       		.byte	81
 433 0194 40       		.byte	64
 434 0195 14       		.byte	20
 435 0196 42       		.byte	66
 436 0197 02       		.byte	2
 437 0198 49       		.byte	73
 438 0199 FF       		.byte	-1
 439 019a 4A       		.byte	74
 440 019b FF       		.byte	-1
 441 019c 4B       		.byte	75
 442 019d FF       		.byte	-1
 443 019e 4F       		.byte	79
 444 019f 01       		.byte	1
 445 01a0 50       		.byte	80
 446 01a1 18       		.byte	24
 447 01a2 52       		.byte	82
 448 01a3 93       		.byte	-109
 449 01a4 58       		.byte	88
 450 01a5 04       		.byte	4
 451 01a6 59       		.byte	89
 452 01a7 04       		.byte	4
 453 01a8 5A       		.byte	90
 454 01a9 04       		.byte	4
 455 01aa 5B       		.byte	91
 456 01ab 04       		.byte	4
ARM GAS  C:\Users\Usuario\AppData\Local\Temp\cc9EKS7M.s 			page 9


 457 01ac 5F       		.byte	95
 458 01ad 01       		.byte	1
 459 01ae 60       		.byte	96
 460 01af 40       		.byte	64
 461 01b0 62       		.byte	98
 462 01b1 40       		.byte	64
 463 01b2 64       		.byte	100
 464 01b3 40       		.byte	64
 465 01b4 65       		.byte	101
 466 01b5 40       		.byte	64
 467 01b6 66       		.byte	102
 468 01b7 80       		.byte	-128
 469 01b8 68       		.byte	104
 470 01b9 80       		.byte	-128
 471 01ba 6A       		.byte	106
 472 01bb 80       		.byte	-128
 473 01bc 6C       		.byte	108
 474 01bd 80       		.byte	-128
 475 01be 6E       		.byte	110
 476 01bf 80       		.byte	-128
 477 01c0 86       		.byte	-122
 478 01c1 01       		.byte	1
 479 01c2 A7       		.byte	-89
 480 01c3 01       		.byte	1
 481 01c4 B4       		.byte	-76
 482 01c5 01       		.byte	1
 483 01c6 B5       		.byte	-75
 484 01c7 01       		.byte	1
 485 01c8 C0       		.byte	-64
 486 01c9 15       		.byte	21
 487 01ca C2       		.byte	-62
 488 01cb 02       		.byte	2
 489 01cc C9       		.byte	-55
 490 01cd FF       		.byte	-1
 491 01ce CA       		.byte	-54
 492 01cf FF       		.byte	-1
 493 01d0 CB       		.byte	-53
 494 01d1 FF       		.byte	-1
 495 01d2 CD       		.byte	-51
 496 01d3 83       		.byte	-125
 497 01d4 CE       		.byte	-50
 498 01d5 03       		.byte	3
 499 01d6 CF       		.byte	-49
 500 01d7 01       		.byte	1
 501 01d8 D0       		.byte	-48
 502 01d9 18       		.byte	24
 503 01da D8       		.byte	-40
 504 01db 04       		.byte	4
 505 01dc D9       		.byte	-39
 506 01dd 04       		.byte	4
 507 01de DA       		.byte	-38
 508 01df 04       		.byte	4
 509 01e0 DC       		.byte	-36
 510 01e1 43       		.byte	67
 511 01e2 DF       		.byte	-33
 512 01e3 01       		.byte	1
 513 01e4 E0       		.byte	-32
ARM GAS  C:\Users\Usuario\AppData\Local\Temp\cc9EKS7M.s 			page 10


 514 01e5 40       		.byte	64
 515 01e6 E2       		.byte	-30
 516 01e7 40       		.byte	64
 517 01e8 E4       		.byte	-28
 518 01e9 40       		.byte	64
 519 01ea E5       		.byte	-27
 520 01eb 40       		.byte	64
 521 01ec E6       		.byte	-26
 522 01ed 80       		.byte	-128
 523 01ee E8       		.byte	-24
 524 01ef 80       		.byte	-128
 525 01f0 EA       		.byte	-22
 526 01f1 80       		.byte	-128
 527 01f2 EC       		.byte	-20
 528 01f3 80       		.byte	-128
 529 01f4 EE       		.byte	-18
 530 01f5 80       		.byte	-128
 531 01f6 03       		.byte	3
 532 01f7 10       		.byte	16
 533 01f8 05       		.byte	5
 534 01f9 08       		.byte	8
 535 01fa 07       		.byte	7
 536 01fb 02       		.byte	2
 537 01fc 0D       		.byte	13
 538 01fd 02       		.byte	2
 539 01fe 0E       		.byte	14
 540 01ff 20       		.byte	32
 541 0200 16       		.byte	22
 542 0201 80       		.byte	-128
 543 0202 17       		.byte	23
 544 0203 20       		.byte	32
 545 0204 1B       		.byte	27
 546 0205 10       		.byte	16
 547 0206 1D       		.byte	29
 548 0207 B0       		.byte	-80
 549 0208 1E       		.byte	30
 550 0209 60       		.byte	96
 551 020a 22       		.byte	34
 552 020b 10       		.byte	16
 553 020c 27       		.byte	39
 554 020d 28       		.byte	40
 555 020e 28       		.byte	40
 556 020f 20       		.byte	32
 557 0210 2D       		.byte	45
 558 0211 08       		.byte	8
 559 0212 37       		.byte	55
 560 0213 2A       		.byte	42
 561 0214 3E       		.byte	62
 562 0215 80       		.byte	-128
 563 0216 41       		.byte	65
 564 0217 A0       		.byte	-96
 565 0218 45       		.byte	69
 566 0219 A2       		.byte	-94
 567 021a 48       		.byte	72
 568 021b 02       		.byte	2
 569 021c 6C       		.byte	108
 570 021d 04       		.byte	4
ARM GAS  C:\Users\Usuario\AppData\Local\Temp\cc9EKS7M.s 			page 11


 571 021e 6F       		.byte	111
 572 021f 0A       		.byte	10
 573 0220 76       		.byte	118
 574 0221 80       		.byte	-128
 575 0222 77       		.byte	119
 576 0223 02       		.byte	2
 577 0224 85       		.byte	-123
 578 0225 08       		.byte	8
 579 0226 92       		.byte	-110
 580 0227 10       		.byte	16
 581 0228 94       		.byte	-108
 582 0229 08       		.byte	8
 583 022a 96       		.byte	-106
 584 022b 20       		.byte	32
 585 022c 9D       		.byte	-99
 586 022d 10       		.byte	16
 587 022e A7       		.byte	-89
 588 022f 5A       		.byte	90
 589 0230 AA       		.byte	-86
 590 0231 10       		.byte	16
 591 0232 AB       		.byte	-85
 592 0233 41       		.byte	65
 593 0234 AD       		.byte	-83
 594 0235 40       		.byte	64
 595 0236 C0       		.byte	-64
 596 0237 A4       		.byte	-92
 597 0238 C2       		.byte	-62
 598 0239 30       		.byte	48
 599 023a C4       		.byte	-60
 600 023b 50       		.byte	80
 601 023c CA       		.byte	-54
 602 023d 42       		.byte	66
 603 023e CC       		.byte	-52
 604 023f E0       		.byte	-32
 605 0240 CE       		.byte	-50
 606 0241 10       		.byte	16
 607 0242 D0       		.byte	-48
 608 0243 BC       		.byte	-68
 609 0244 D2       		.byte	-46
 610 0245 08       		.byte	8
 611 0246 E6       		.byte	-26
 612 0247 08       		.byte	8
 613 0248 EA       		.byte	-22
 614 0249 01       		.byte	1
 615 024a EC       		.byte	-20
 616 024b 08       		.byte	8
 617 024c 40       		.byte	64
 618 024d 15       		.byte	21
 619 024e 42       		.byte	66
 620 024f 06       		.byte	6
 621 0250 45       		.byte	69
 622 0251 EC       		.byte	-20
 623 0252 47       		.byte	71
 624 0253 20       		.byte	32
 625 0254 48       		.byte	72
 626 0255 23       		.byte	35
 627 0256 49       		.byte	73
ARM GAS  C:\Users\Usuario\AppData\Local\Temp\cc9EKS7M.s 			page 12


 628 0257 FF       		.byte	-1
 629 0258 4A       		.byte	74
 630 0259 FF       		.byte	-1
 631 025a 4B       		.byte	75
 632 025b FF       		.byte	-1
 633 025c 4D       		.byte	77
 634 025d 83       		.byte	-125
 635 025e 4E       		.byte	78
 636 025f 03       		.byte	3
 637 0260 4F       		.byte	79
 638 0261 01       		.byte	1
 639 0262 50       		.byte	80
 640 0263 18       		.byte	24
 641 0264 54       		.byte	84
 642 0265 03       		.byte	3
 643 0266 56       		.byte	86
 644 0267 04       		.byte	4
 645 0268 5A       		.byte	90
 646 0269 04       		.byte	4
 647 026a 5B       		.byte	91
 648 026b 04       		.byte	4
 649 026c 5F       		.byte	95
 650 026d 01       		.byte	1
 651 026e 60       		.byte	96
 652 026f 40       		.byte	64
 653 0270 62       		.byte	98
 654 0271 40       		.byte	64
 655 0272 64       		.byte	100
 656 0273 40       		.byte	64
 657 0274 65       		.byte	101
 658 0275 40       		.byte	64
 659 0276 66       		.byte	102
 660 0277 80       		.byte	-128
 661 0278 68       		.byte	104
 662 0279 80       		.byte	-128
 663 027a 6A       		.byte	106
 664 027b 80       		.byte	-128
 665 027c 6C       		.byte	108
 666 027d 80       		.byte	-128
 667 027e 6E       		.byte	110
 668 027f 80       		.byte	-128
 669 0280 41       		.byte	65
 670 0281 80       		.byte	-128
 671 0282 48       		.byte	72
 672 0283 02       		.byte	2
 673 0284 49       		.byte	73
 674 0285 15       		.byte	21
 675 0286 50       		.byte	80
 676 0287 02       		.byte	2
 677 0288 51       		.byte	81
 678 0289 02       		.byte	2
 679 028a 59       		.byte	89
 680 028b 05       		.byte	5
 681 028c 5A       		.byte	90
 682 028d 50       		.byte	80
 683 028e 63       		.byte	99
 684 028f 80       		.byte	-128
ARM GAS  C:\Users\Usuario\AppData\Local\Temp\cc9EKS7M.s 			page 13


 685 0290 92       		.byte	-110
 686 0291 50       		.byte	80
 687 0292 99       		.byte	-103
 688 0293 10       		.byte	16
 689 0294 A1       		.byte	-95
 690 0295 80       		.byte	-128
 691 0296 A4       		.byte	-92
 692 0297 02       		.byte	2
 693 0298 A5       		.byte	-91
 694 0299 02       		.byte	2
 695 029a A7       		.byte	-89
 696 029b 40       		.byte	64
 697 029c AB       		.byte	-85
 698 029d 10       		.byte	16
 699 029e B4       		.byte	-76
 700 029f 20       		.byte	32
 701 02a0 D0       		.byte	-48
 702 02a1 08       		.byte	8
 703 02a2 D2       		.byte	-46
 704 02a3 0C       		.byte	12
 705 02a4 D6       		.byte	-42
 706 02a5 0F       		.byte	15
 707 02a6 D8       		.byte	-40
 708 02a7 01       		.byte	1
 709 02a8 EA       		.byte	-22
 710 02a9 04       		.byte	4
 711 02aa EE       		.byte	-18
 712 02ab 02       		.byte	2
 713 02ac 30       		.byte	48
 714 02ad 01       		.byte	1
 715 02ae 33       		.byte	51
 716 02af 80       		.byte	-128
 717 02b0 35       		.byte	53
 718 02b1 20       		.byte	32
 719 02b2 37       		.byte	55
 720 02b3 08       		.byte	8
 721 02b4 3B       		.byte	59
 722 02b5 40       		.byte	64
 723 02b6 81       		.byte	-127
 724 02b7 20       		.byte	32
 725 02b8 8C       		.byte	-116
 726 02b9 08       		.byte	8
 727 02ba CC       		.byte	-52
 728 02bb F0       		.byte	-16
 729 02bc CE       		.byte	-50
 730 02bd 10       		.byte	16
 731 02be E6       		.byte	-26
 732 02bf 80       		.byte	-128
 733 02c0 97       		.byte	-105
 734 02c1 40       		.byte	64
 735 02c2 98       		.byte	-104
 736 02c3 08       		.byte	8
 737 02c4 9C       		.byte	-100
 738 02c5 01       		.byte	1
 739 02c6 9F       		.byte	-97
 740 02c7 08       		.byte	8
 741 02c8 A7       		.byte	-89
ARM GAS  C:\Users\Usuario\AppData\Local\Temp\cc9EKS7M.s 			page 14


 742 02c9 80       		.byte	-128
 743 02ca 10       		.byte	16
 744 02cb 10       		.byte	16
 745 02cc 58       		.byte	88
 746 02cd 08       		.byte	8
 747 02ce 78       		.byte	120
 748 02cf 11       		.byte	17
 749 02d0 97       		.byte	-105
 750 02d1 40       		.byte	64
 751 02d2 98       		.byte	-104
 752 02d3 08       		.byte	8
 753 02d4 9C       		.byte	-100
 754 02d5 01       		.byte	1
 755 02d6 9F       		.byte	-97
 756 02d7 08       		.byte	8
 757 02d8 A7       		.byte	-89
 758 02d9 80       		.byte	-128
 759 02da C4       		.byte	-60
 760 02db 10       		.byte	16
 761 02dc D6       		.byte	-42
 762 02dd 40       		.byte	64
 763 02de 97       		.byte	-105
 764 02df 40       		.byte	64
 765 02e0 9F       		.byte	-97
 766 02e1 08       		.byte	8
 767 02e2 A7       		.byte	-89
 768 02e3 80       		.byte	-128
 769 02e4 07       		.byte	7
 770 02e5 80       		.byte	-128
 771 02e6 C0       		.byte	-64
 772 02e7 04       		.byte	4
 773 02e8 9B       		.byte	-101
 774 02e9 80       		.byte	-128
 775 02ea 97       		.byte	-105
 776 02eb 40       		.byte	64
 777 02ec AB       		.byte	-85
 778 02ed 88       		.byte	-120
 779 02ee EA       		.byte	-22
 780 02ef 20       		.byte	32
 781 02f0 EE       		.byte	-18
 782 02f1 20       		.byte	32
 783 02f2 AF       		.byte	-81
 784 02f3 40       		.byte	64
 785 02f4 EE       		.byte	-18
 786 02f5 40       		.byte	64
 787 02f6 00       		.byte	0
 788 02f7 40       		.byte	64
 789 02f8 09       		.byte	9
 790 02f9 04       		.byte	4
 791 02fa 0A       		.byte	10
 792 02fb 08       		.byte	8
 793 02fc 1F       		.byte	31
 794 02fd 10       		.byte	16
 795 02fe 63       		.byte	99
 796 02ff 02       		.byte	2
 797 0300 86       		.byte	-122
 798 0301 04       		.byte	4
ARM GAS  C:\Users\Usuario\AppData\Local\Temp\cc9EKS7M.s 			page 15


 799 0302 A3       		.byte	-93
 800 0303 01       		.byte	1
 801 0304 AB       		.byte	-85
 802 0305 80       		.byte	-128
 803 0306 AF       		.byte	-81
 804 0307 01       		.byte	1
 805 0308 C0       		.byte	-64
 806 0309 02       		.byte	2
 807 030a C2       		.byte	-62
 808 030b 0A       		.byte	10
 809 030c C6       		.byte	-58
 810 030d 01       		.byte	1
 811 030e D6       		.byte	-42
 812 030f 02       		.byte	2
 813 0310 A9       		.byte	-87
 814 0311 04       		.byte	4
 815 0312 AF       		.byte	-81
 816 0313 10       		.byte	16
 817 0314 B4       		.byte	-76
 818 0315 40       		.byte	64
 819 0316 EA       		.byte	-22
 820 0317 02       		.byte	2
 821 0318 00       		.byte	0
 822 0319 03       		.byte	3
 823 031a 0C       		.byte	12
 824 031b 03       		.byte	3
 825 031c 10       		.byte	16
 826 031d 19       		.byte	25
 827 031e 1C       		.byte	28
 828 031f 19       		.byte	25
 829 0320 00       		.byte	0
 830 0321 EF       		.byte	-17
 831 0322 01       		.byte	1
 832 0323 03       		.byte	3
 833 0324 00       		.byte	0
 834 0325 20       		.byte	32
 835 0326 20       		.byte	32
 836 0327 00       		.byte	0
 837 0328 00       		.byte	0
 838 0329 00       		.byte	0
 839 032a 00       		.byte	0
 840 032b 00       		.byte	0
 841 032c 54       		.byte	84
 842 032d 8B       		.byte	-117
 843 032e 8B       		.byte	-117
 844 032f 00       		.byte	0
 845 0330 80       		.byte	-128
 846 0331 00       		.byte	0
 847 0332 00       		.byte	0
 848 0333 00       		.byte	0
 849 0334 00       		.byte	0
 850 0335 7F       		.byte	127
 851 0336 7F       		.byte	127
 852 0337 00       		.byte	0
 853 0338 00       		.byte	0
 854 0339 00       		.byte	0
 855 033a 00       		.byte	0
ARM GAS  C:\Users\Usuario\AppData\Local\Temp\cc9EKS7M.s 			page 16


 856 033b 00       		.byte	0
 857 033c 00       		.byte	0
 858 033d 00       		.byte	0
 859 033e 00       		.byte	0
 860 033f 00       		.byte	0
 861 0340 00       		.byte	0
 862 0341 00       		.byte	0
 863 0342 20       		.byte	32
 864 0343 00       		.byte	0
 865 0344 0E       		.byte	14
 866 0345 00       		.byte	0
 867 0346 18       		.byte	24
 868 0347 01       		.byte	1
 869              		.section	.cywolatch,"a",%progbits
 870              		.align	2
 871              		.type	cy_meta_wonvl, %object
 872              		.size	cy_meta_wonvl, 4
 873              	cy_meta_wonvl:
 874 0000 BC       		.byte	-68
 875 0001 90       		.byte	-112
 876 0002 AC       		.byte	-84
 877 0003 AF       		.byte	-81
 878              		.section	.cycustnvl,"a",%progbits
 879              		.align	2
 880              		.type	cy_meta_custnvl, %object
 881              		.size	cy_meta_custnvl, 4
 882              	cy_meta_custnvl:
 883 0000 00       		.byte	0
 884 0001 00       		.byte	0
 885 0002 40       		.byte	64
 886 0003 05       		.byte	5
 887              		.section	.cymeta,"a",%progbits
 888              		.align	2
 889              		.type	cy_metadata, %object
 890              		.size	cy_metadata, 12
 891              	cy_metadata:
 892 0000 00       		.byte	0
 893 0001 01       		.byte	1
 894 0002 2E       		.byte	46
 895 0003 16       		.byte	22
 896 0004 10       		.byte	16
 897 0005 69       		.byte	105
 898 0006 00       		.byte	0
 899 0007 01       		.byte	1
 900 0008 00       		.byte	0
 901 0009 00       		.byte	0
 902 000a 00       		.byte	0
 903 000b 00       		.byte	0
 904              		.section	.cyflashprotect,"a",%progbits
 905              		.align	2
 906              		.type	cy_meta_flashprotect, %object
 907              		.size	cy_meta_flashprotect, 256
 908              	cy_meta_flashprotect:
 909 0000 00000000 		.space	256
 909      00000000 
 909      00000000 
 909      00000000 
ARM GAS  C:\Users\Usuario\AppData\Local\Temp\cc9EKS7M.s 			page 17


 909      00000000 
 910              		.text
 911              	.Letext0:
 912              		.file 1 "c:\\program files (x86)\\cypress\\psoc creator\\4.4\\psoc creator\\import\\gnu\\arm\\5.4.
 913              		.file 2 "c:\\program files (x86)\\cypress\\psoc creator\\4.4\\psoc creator\\import\\gnu\\arm\\5.4.
 914              		.file 3 "Generated_Source\\PSoC5\\cymetadata.c"
 915              		.section	.debug_info,"",%progbits
 916              	.Ldebug_info0:
 917 0000 31010000 		.4byte	0x131
 918 0004 0400     		.2byte	0x4
 919 0006 00000000 		.4byte	.Ldebug_abbrev0
 920 000a 04       		.byte	0x4
 921 000b 01       		.uleb128 0x1
 922 000c 65000000 		.4byte	.LASF17
 923 0010 0C       		.byte	0xc
 924 0011 BF010000 		.4byte	.LASF18
 925 0015 00000000 		.4byte	.LASF19
 926 0019 00000000 		.4byte	.Ldebug_line0
 927 001d 02       		.uleb128 0x2
 928 001e 01       		.byte	0x1
 929 001f 06       		.byte	0x6
 930 0020 B3010000 		.4byte	.LASF0
 931 0024 03       		.uleb128 0x3
 932 0025 41000000 		.4byte	.LASF9
 933 0029 01       		.byte	0x1
 934 002a 1D       		.byte	0x1d
 935 002b 2F000000 		.4byte	0x2f
 936 002f 02       		.uleb128 0x2
 937 0030 01       		.byte	0x1
 938 0031 08       		.byte	0x8
 939 0032 57000000 		.4byte	.LASF1
 940 0036 02       		.uleb128 0x2
 941 0037 02       		.byte	0x2
 942 0038 05       		.byte	0x5
 943 0039 A0010000 		.4byte	.LASF2
 944 003d 02       		.uleb128 0x2
 945 003e 02       		.byte	0x2
 946 003f 07       		.byte	0x7
 947 0040 05010000 		.4byte	.LASF3
 948 0044 02       		.uleb128 0x2
 949 0045 04       		.byte	0x4
 950 0046 05       		.byte	0x5
 951 0047 AA010000 		.4byte	.LASF4
 952 004b 02       		.uleb128 0x2
 953 004c 04       		.byte	0x4
 954 004d 07       		.byte	0x7
 955 004e F3000000 		.4byte	.LASF5
 956 0052 02       		.uleb128 0x2
 957 0053 08       		.byte	0x8
 958 0054 05       		.byte	0x5
 959 0055 92010000 		.4byte	.LASF6
 960 0059 02       		.uleb128 0x2
 961 005a 08       		.byte	0x8
 962 005b 07       		.byte	0x7
 963 005c 47010000 		.4byte	.LASF7
 964 0060 04       		.uleb128 0x4
 965 0061 04       		.byte	0x4
ARM GAS  C:\Users\Usuario\AppData\Local\Temp\cc9EKS7M.s 			page 18


 966 0062 05       		.byte	0x5
 967 0063 696E7400 		.ascii	"int\000"
 968 0067 02       		.uleb128 0x2
 969 0068 04       		.byte	0x4
 970 0069 07       		.byte	0x7
 971 006a 3A010000 		.4byte	.LASF8
 972 006e 03       		.uleb128 0x3
 973 006f 5E010000 		.4byte	.LASF10
 974 0073 02       		.byte	0x2
 975 0074 18       		.byte	0x18
 976 0075 24000000 		.4byte	0x24
 977 0079 05       		.uleb128 0x5
 978 007a 91000000 		.4byte	0x91
 979 007e 8A000000 		.4byte	0x8a
 980 0082 06       		.uleb128 0x6
 981 0083 8A000000 		.4byte	0x8a
 982 0087 4703     		.2byte	0x347
 983 0089 00       		.byte	0
 984 008a 02       		.uleb128 0x2
 985 008b 04       		.byte	0x4
 986 008c 07       		.byte	0x7
 987 008d 89010000 		.4byte	.LASF11
 988 0091 07       		.uleb128 0x7
 989 0092 6E000000 		.4byte	0x6e
 990 0096 08       		.uleb128 0x8
 991 0097 28010000 		.4byte	.LASF12
 992 009b 03       		.byte	0x3
 993 009c 1F       		.byte	0x1f
 994 009d A7000000 		.4byte	0xa7
 995 00a1 05       		.uleb128 0x5
 996 00a2 03       		.byte	0x3
 997 00a3 00000000 		.4byte	cy_meta_configecc
 998 00a7 07       		.uleb128 0x7
 999 00a8 79000000 		.4byte	0x79
 1000 00ac 05       		.uleb128 0x5
 1001 00ad 91000000 		.4byte	0x91
 1002 00b1 BC000000 		.4byte	0xbc
 1003 00b5 09       		.uleb128 0x9
 1004 00b6 8A000000 		.4byte	0x8a
 1005 00ba 03       		.byte	0x3
 1006 00bb 00       		.byte	0
 1007 00bc 08       		.uleb128 0x8
 1008 00bd 18010000 		.4byte	.LASF13
 1009 00c1 03       		.byte	0x3
 1010 00c2 95       		.byte	0x95
 1011 00c3 CD000000 		.4byte	0xcd
 1012 00c7 05       		.uleb128 0x5
 1013 00c8 03       		.byte	0x3
 1014 00c9 00000000 		.4byte	cy_meta_custnvl
 1015 00cd 07       		.uleb128 0x7
 1016 00ce AC000000 		.4byte	0xac
 1017 00d2 08       		.uleb128 0x8
 1018 00d3 7B010000 		.4byte	.LASF14
 1019 00d7 03       		.byte	0x3
 1020 00d8 A3       		.byte	0xa3
 1021 00d9 E3000000 		.4byte	0xe3
 1022 00dd 05       		.uleb128 0x5
ARM GAS  C:\Users\Usuario\AppData\Local\Temp\cc9EKS7M.s 			page 19


 1023 00de 03       		.byte	0x3
 1024 00df 00000000 		.4byte	cy_meta_wonvl
 1025 00e3 07       		.uleb128 0x7
 1026 00e4 AC000000 		.4byte	0xac
 1027 00e8 05       		.uleb128 0x5
 1028 00e9 91000000 		.4byte	0x91
 1029 00ed F8000000 		.4byte	0xf8
 1030 00f1 09       		.uleb128 0x9
 1031 00f2 8A000000 		.4byte	0x8a
 1032 00f6 FF       		.byte	0xff
 1033 00f7 00       		.byte	0
 1034 00f8 08       		.uleb128 0x8
 1035 00f9 66010000 		.4byte	.LASF15
 1036 00fd 03       		.byte	0x3
 1037 00fe B1       		.byte	0xb1
 1038 00ff 09010000 		.4byte	0x109
 1039 0103 05       		.uleb128 0x5
 1040 0104 03       		.byte	0x3
 1041 0105 00000000 		.4byte	cy_meta_flashprotect
 1042 0109 07       		.uleb128 0x7
 1043 010a E8000000 		.4byte	0xe8
 1044 010e 05       		.uleb128 0x5
 1045 010f 91000000 		.4byte	0x91
 1046 0113 1E010000 		.4byte	0x11e
 1047 0117 09       		.uleb128 0x9
 1048 0118 8A000000 		.4byte	0x8a
 1049 011c 0B       		.byte	0xb
 1050 011d 00       		.byte	0
 1051 011e 08       		.uleb128 0x8
 1052 011f 4B000000 		.4byte	.LASF16
 1053 0123 03       		.byte	0x3
 1054 0124 DE       		.byte	0xde
 1055 0125 2F010000 		.4byte	0x12f
 1056 0129 05       		.uleb128 0x5
 1057 012a 03       		.byte	0x3
 1058 012b 00000000 		.4byte	cy_metadata
 1059 012f 07       		.uleb128 0x7
 1060 0130 0E010000 		.4byte	0x10e
 1061 0134 00       		.byte	0
 1062              		.section	.debug_abbrev,"",%progbits
 1063              	.Ldebug_abbrev0:
 1064 0000 01       		.uleb128 0x1
 1065 0001 11       		.uleb128 0x11
 1066 0002 01       		.byte	0x1
 1067 0003 25       		.uleb128 0x25
 1068 0004 0E       		.uleb128 0xe
 1069 0005 13       		.uleb128 0x13
 1070 0006 0B       		.uleb128 0xb
 1071 0007 03       		.uleb128 0x3
 1072 0008 0E       		.uleb128 0xe
 1073 0009 1B       		.uleb128 0x1b
 1074 000a 0E       		.uleb128 0xe
 1075 000b 10       		.uleb128 0x10
 1076 000c 17       		.uleb128 0x17
 1077 000d 00       		.byte	0
 1078 000e 00       		.byte	0
 1079 000f 02       		.uleb128 0x2
ARM GAS  C:\Users\Usuario\AppData\Local\Temp\cc9EKS7M.s 			page 20


 1080 0010 24       		.uleb128 0x24
 1081 0011 00       		.byte	0
 1082 0012 0B       		.uleb128 0xb
 1083 0013 0B       		.uleb128 0xb
 1084 0014 3E       		.uleb128 0x3e
 1085 0015 0B       		.uleb128 0xb
 1086 0016 03       		.uleb128 0x3
 1087 0017 0E       		.uleb128 0xe
 1088 0018 00       		.byte	0
 1089 0019 00       		.byte	0
 1090 001a 03       		.uleb128 0x3
 1091 001b 16       		.uleb128 0x16
 1092 001c 00       		.byte	0
 1093 001d 03       		.uleb128 0x3
 1094 001e 0E       		.uleb128 0xe
 1095 001f 3A       		.uleb128 0x3a
 1096 0020 0B       		.uleb128 0xb
 1097 0021 3B       		.uleb128 0x3b
 1098 0022 0B       		.uleb128 0xb
 1099 0023 49       		.uleb128 0x49
 1100 0024 13       		.uleb128 0x13
 1101 0025 00       		.byte	0
 1102 0026 00       		.byte	0
 1103 0027 04       		.uleb128 0x4
 1104 0028 24       		.uleb128 0x24
 1105 0029 00       		.byte	0
 1106 002a 0B       		.uleb128 0xb
 1107 002b 0B       		.uleb128 0xb
 1108 002c 3E       		.uleb128 0x3e
 1109 002d 0B       		.uleb128 0xb
 1110 002e 03       		.uleb128 0x3
 1111 002f 08       		.uleb128 0x8
 1112 0030 00       		.byte	0
 1113 0031 00       		.byte	0
 1114 0032 05       		.uleb128 0x5
 1115 0033 01       		.uleb128 0x1
 1116 0034 01       		.byte	0x1
 1117 0035 49       		.uleb128 0x49
 1118 0036 13       		.uleb128 0x13
 1119 0037 01       		.uleb128 0x1
 1120 0038 13       		.uleb128 0x13
 1121 0039 00       		.byte	0
 1122 003a 00       		.byte	0
 1123 003b 06       		.uleb128 0x6
 1124 003c 21       		.uleb128 0x21
 1125 003d 00       		.byte	0
 1126 003e 49       		.uleb128 0x49
 1127 003f 13       		.uleb128 0x13
 1128 0040 2F       		.uleb128 0x2f
 1129 0041 05       		.uleb128 0x5
 1130 0042 00       		.byte	0
 1131 0043 00       		.byte	0
 1132 0044 07       		.uleb128 0x7
 1133 0045 26       		.uleb128 0x26
 1134 0046 00       		.byte	0
 1135 0047 49       		.uleb128 0x49
 1136 0048 13       		.uleb128 0x13
ARM GAS  C:\Users\Usuario\AppData\Local\Temp\cc9EKS7M.s 			page 21


 1137 0049 00       		.byte	0
 1138 004a 00       		.byte	0
 1139 004b 08       		.uleb128 0x8
 1140 004c 34       		.uleb128 0x34
 1141 004d 00       		.byte	0
 1142 004e 03       		.uleb128 0x3
 1143 004f 0E       		.uleb128 0xe
 1144 0050 3A       		.uleb128 0x3a
 1145 0051 0B       		.uleb128 0xb
 1146 0052 3B       		.uleb128 0x3b
 1147 0053 0B       		.uleb128 0xb
 1148 0054 49       		.uleb128 0x49
 1149 0055 13       		.uleb128 0x13
 1150 0056 3F       		.uleb128 0x3f
 1151 0057 19       		.uleb128 0x19
 1152 0058 02       		.uleb128 0x2
 1153 0059 18       		.uleb128 0x18
 1154 005a 00       		.byte	0
 1155 005b 00       		.byte	0
 1156 005c 09       		.uleb128 0x9
 1157 005d 21       		.uleb128 0x21
 1158 005e 00       		.byte	0
 1159 005f 49       		.uleb128 0x49
 1160 0060 13       		.uleb128 0x13
 1161 0061 2F       		.uleb128 0x2f
 1162 0062 0B       		.uleb128 0xb
 1163 0063 00       		.byte	0
 1164 0064 00       		.byte	0
 1165 0065 00       		.byte	0
 1166              		.section	.debug_aranges,"",%progbits
 1167 0000 14000000 		.4byte	0x14
 1168 0004 0200     		.2byte	0x2
 1169 0006 00000000 		.4byte	.Ldebug_info0
 1170 000a 04       		.byte	0x4
 1171 000b 00       		.byte	0
 1172 000c 0000     		.2byte	0
 1173 000e 0000     		.2byte	0
 1174 0010 00000000 		.4byte	0
 1175 0014 00000000 		.4byte	0
 1176              		.section	.debug_line,"",%progbits
 1177              	.Ldebug_line0:
 1178 0000 3D010000 		.section	.debug_str,"MS",%progbits,1
 1178      02003701 
 1178      00000201 
 1178      FB0E0D00 
 1178      01010101 
 1179              	.LASF19:
 1180 0000 443A5C4D 		.ascii	"D:\\Mis documentos\\Documents\\Sensores\\Practica_8"
 1180      69732064 
 1180      6F63756D 
 1180      656E746F 
 1180      735C446F 
 1181 002f 5C507261 		.ascii	"\\Practica_8.cydsn\000"
 1181      63746963 
 1181      615F382E 
 1181      63796473 
 1181      6E00
ARM GAS  C:\Users\Usuario\AppData\Local\Temp\cc9EKS7M.s 			page 22


 1182              	.LASF9:
 1183 0041 5F5F7569 		.ascii	"__uint8_t\000"
 1183      6E74385F 
 1183      7400
 1184              	.LASF16:
 1185 004b 63795F6D 		.ascii	"cy_metadata\000"
 1185      65746164 
 1185      61746100 
 1186              	.LASF1:
 1187 0057 756E7369 		.ascii	"unsigned char\000"
 1187      676E6564 
 1187      20636861 
 1187      7200
 1188              	.LASF17:
 1189 0065 474E5520 		.ascii	"GNU C11 5.4.1 20160609 (release) [ARM/embedded-5-br"
 1189      43313120 
 1189      352E342E 
 1189      31203230 
 1189      31363036 
 1190 0098 616E6368 		.ascii	"anch revision 237715] -mcpu=cortex-m3 -mthumb -g -O"
 1190      20726576 
 1190      6973696F 
 1190      6E203233 
 1190      37373135 
 1191 00cb 67202D66 		.ascii	"g -ffunction-sections -ffat-lto-objects\000"
 1191      66756E63 
 1191      74696F6E 
 1191      2D736563 
 1191      74696F6E 
 1192              	.LASF5:
 1193 00f3 6C6F6E67 		.ascii	"long unsigned int\000"
 1193      20756E73 
 1193      69676E65 
 1193      6420696E 
 1193      7400
 1194              	.LASF3:
 1195 0105 73686F72 		.ascii	"short unsigned int\000"
 1195      7420756E 
 1195      7369676E 
 1195      65642069 
 1195      6E7400
 1196              	.LASF13:
 1197 0118 63795F6D 		.ascii	"cy_meta_custnvl\000"
 1197      6574615F 
 1197      63757374 
 1197      6E766C00 
 1198              	.LASF12:
 1199 0128 63795F6D 		.ascii	"cy_meta_configecc\000"
 1199      6574615F 
 1199      636F6E66 
 1199      69676563 
 1199      6300
 1200              	.LASF8:
 1201 013a 756E7369 		.ascii	"unsigned int\000"
 1201      676E6564 
 1201      20696E74 
 1201      00
ARM GAS  C:\Users\Usuario\AppData\Local\Temp\cc9EKS7M.s 			page 23


 1202              	.LASF7:
 1203 0147 6C6F6E67 		.ascii	"long long unsigned int\000"
 1203      206C6F6E 
 1203      6720756E 
 1203      7369676E 
 1203      65642069 
 1204              	.LASF10:
 1205 015e 75696E74 		.ascii	"uint8_t\000"
 1205      385F7400 
 1206              	.LASF15:
 1207 0166 63795F6D 		.ascii	"cy_meta_flashprotect\000"
 1207      6574615F 
 1207      666C6173 
 1207      6870726F 
 1207      74656374 
 1208              	.LASF14:
 1209 017b 63795F6D 		.ascii	"cy_meta_wonvl\000"
 1209      6574615F 
 1209      776F6E76 
 1209      6C00
 1210              	.LASF11:
 1211 0189 73697A65 		.ascii	"sizetype\000"
 1211      74797065 
 1211      00
 1212              	.LASF6:
 1213 0192 6C6F6E67 		.ascii	"long long int\000"
 1213      206C6F6E 
 1213      6720696E 
 1213      7400
 1214              	.LASF2:
 1215 01a0 73686F72 		.ascii	"short int\000"
 1215      7420696E 
 1215      7400
 1216              	.LASF4:
 1217 01aa 6C6F6E67 		.ascii	"long int\000"
 1217      20696E74 
 1217      00
 1218              	.LASF0:
 1219 01b3 7369676E 		.ascii	"signed char\000"
 1219      65642063 
 1219      68617200 
 1220              	.LASF18:
 1221 01bf 47656E65 		.ascii	"Generated_Source\\PSoC5\\cymetadata.c\000"
 1221      72617465 
 1221      645F536F 
 1221      75726365 
 1221      5C50536F 
 1222              		.ident	"GCC: (GNU Tools for ARM Embedded Processors) 5.4.1 20160609 (release) [ARM/embedded-5-bran
