ARM GAS  C:\Users\laura\AppData\Local\Temp\ccGL5sug.s 			page 1


   1              		.syntax unified
   2              		.cpu cortex-m3
   3              		.fpu softvfp
   4              		.eabi_attribute 20, 1
   5              		.eabi_attribute 21, 1
   6              		.eabi_attribute 23, 3
   7              		.eabi_attribute 24, 1
   8              		.eabi_attribute 25, 1
   9              		.eabi_attribute 26, 1
  10              		.eabi_attribute 30, 1
  11              		.eabi_attribute 34, 1
  12              		.eabi_attribute 18, 4
  13              		.thumb
  14              		.syntax unified
  15              		.file	"cymetadata.c"
  16              		.text
  17              	.Ltext0:
  18              		.cfi_sections	.debug_frame
  19              		.global	cy_metadata
  20              		.global	cy_meta_flashprotect
  21              		.global	cy_meta_wonvl
  22              		.global	cy_meta_custnvl
  23              		.global	cy_meta_configecc
  24              		.section	.cyconfigecc,"a",%progbits
  25              		.align	2
  26              		.type	cy_meta_configecc, %object
  27              		.size	cy_meta_configecc, 200
  28              	cy_meta_configecc:
  29 0000 01       		.byte	1
  30 0001 4F       		.byte	79
  31 0002 00       		.byte	0
  32 0003 40       		.byte	64
  33 0004 01       		.byte	1
  34 0005 01       		.byte	1
  35 0006 01       		.byte	1
  36 0007 40       		.byte	64
  37 0008 11       		.byte	17
  38 0009 02       		.byte	2
  39 000a 01       		.byte	1
  40 000b 40       		.byte	64
  41 000c 0E       		.byte	14
  42 000d 03       		.byte	3
  43 000e 01       		.byte	1
  44 000f 40       		.byte	64
  45 0010 03       		.byte	3
  46 0011 05       		.byte	5
  47 0012 01       		.byte	1
  48 0013 40       		.byte	64
  49 0014 02       		.byte	2
  50 0015 07       		.byte	7
  51 0016 01       		.byte	1
  52 0017 40       		.byte	64
  53 0018 06       		.byte	6
  54 0019 40       		.byte	64
  55 001a 01       		.byte	1
  56 001b 40       		.byte	64
  57 001c 08       		.byte	8
ARM GAS  C:\Users\laura\AppData\Local\Temp\ccGL5sug.s 			page 2


  58 001d 41       		.byte	65
  59 001e 01       		.byte	1
  60 001f 40       		.byte	64
  61 0020 06       		.byte	6
  62 0021 42       		.byte	66
  63 0022 01       		.byte	1
  64 0023 40       		.byte	64
  65 0024 02       		.byte	2
  66 0025 43       		.byte	67
  67 0026 01       		.byte	1
  68 0027 40       		.byte	64
  69 0028 02       		.byte	2
  70 0029 50       		.byte	80
  71 002a 01       		.byte	1
  72 002b 40       		.byte	64
  73 002c 01       		.byte	1
  74 002d 51       		.byte	81
  75 002e 01       		.byte	1
  76 002f 40       		.byte	64
  77 0030 0A       		.byte	10
  78 0031 4B       		.byte	75
  79 0032 85       		.byte	-123
  80 0033 20       		.byte	32
  81 0034 0A       		.byte	10
  82 0035 04       		.byte	4
  83 0036 12       		.byte	18
  84 0037 03       		.byte	3
  85 0038 13       		.byte	19
  86 0039 04       		.byte	4
  87 003a 14       		.byte	20
  88 003b 01       		.byte	1
  89 003c 15       		.byte	21
  90 003d 01       		.byte	1
  91 003e 1B       		.byte	27
  92 003f 03       		.byte	3
  93 0040 30       		.byte	48
  94 0041 04       		.byte	4
  95 0042 32       		.byte	50
  96 0043 02       		.byte	2
  97 0044 33       		.byte	51
  98 0045 04       		.byte	4
  99 0046 34       		.byte	52
 100 0047 01       		.byte	1
 101 0048 35       		.byte	53
 102 0049 02       		.byte	2
 103 004a 37       		.byte	55
 104 004b 01       		.byte	1
 105 004c 3E       		.byte	62
 106 004d 40       		.byte	64
 107 004e 58       		.byte	88
 108 004f 04       		.byte	4
 109 0050 59       		.byte	89
 110 0051 04       		.byte	4
 111 0052 5C       		.byte	92
 112 0053 21       		.byte	33
 113 0054 5F       		.byte	95
 114 0055 01       		.byte	1
ARM GAS  C:\Users\laura\AppData\Local\Temp\ccGL5sug.s 			page 3


 115 0056 05       		.byte	5
 116 0057 20       		.byte	32
 117 0058 0E       		.byte	14
 118 0059 60       		.byte	96
 119 005a 1D       		.byte	29
 120 005b 20       		.byte	32
 121 005c 1E       		.byte	30
 122 005d 62       		.byte	98
 123 005e 27       		.byte	39
 124 005f 2A       		.byte	42
 125 0060 36       		.byte	54
 126 0061 02       		.byte	2
 127 0062 37       		.byte	55
 128 0063 28       		.byte	40
 129 0064 87       		.byte	-121
 130 0065 02       		.byte	2
 131 0066 8E       		.byte	-114
 132 0067 02       		.byte	2
 133 0068 A5       		.byte	-91
 134 0069 20       		.byte	32
 135 006a C0       		.byte	-64
 136 006b 40       		.byte	64
 137 006c C2       		.byte	-62
 138 006d 30       		.byte	48
 139 006e CC       		.byte	-52
 140 006f E0       		.byte	-32
 141 0070 E4       		.byte	-28
 142 0071 10       		.byte	16
 143 0072 A2       		.byte	-94
 144 0073 01       		.byte	1
 145 0074 B1       		.byte	-79
 146 0075 20       		.byte	32
 147 0076 E8       		.byte	-24
 148 0077 20       		.byte	32
 149 0078 B6       		.byte	-74
 150 0079 01       		.byte	1
 151 007a EA       		.byte	-22
 152 007b 10       		.byte	16
 153 007c 30       		.byte	48
 154 007d 10       		.byte	16
 155 007e 32       		.byte	50
 156 007f 04       		.byte	4
 157 0080 35       		.byte	53
 158 0081 80       		.byte	-128
 159 0082 85       		.byte	-123
 160 0083 80       		.byte	-128
 161 0084 CC       		.byte	-52
 162 0085 70       		.byte	112
 163 0086 E2       		.byte	-30
 164 0087 10       		.byte	16
 165 0088 03       		.byte	3
 166 0089 08       		.byte	8
 167 008a 07       		.byte	7
 168 008b 20       		.byte	32
 169 008c 84       		.byte	-124
 170 008d 10       		.byte	16
 171 008e 8F       		.byte	-113
ARM GAS  C:\Users\laura\AppData\Local\Temp\ccGL5sug.s 			page 4


 172 008f 20       		.byte	32
 173 0090 96       		.byte	-106
 174 0091 08       		.byte	8
 175 0092 9C       		.byte	-100
 176 0093 10       		.byte	16
 177 0094 C0       		.byte	-64
 178 0095 60       		.byte	96
 179 0096 E6       		.byte	-26
 180 0097 40       		.byte	64
 181 0098 12       		.byte	18
 182 0099 80       		.byte	-128
 183 009a 5B       		.byte	91
 184 009b 02       		.byte	2
 185 009c 96       		.byte	-106
 186 009d 08       		.byte	8
 187 009e B3       		.byte	-77
 188 009f 08       		.byte	8
 189 00a0 C4       		.byte	-60
 190 00a1 10       		.byte	16
 191 00a2 D6       		.byte	-42
 192 00a3 40       		.byte	64
 193 00a4 AE       		.byte	-82
 194 00a5 84       		.byte	-124
 195 00a6 B7       		.byte	-73
 196 00a7 02       		.byte	2
 197 00a8 00       		.byte	0
 198 00a9 06       		.byte	6
 199 00aa 08       		.byte	8
 200 00ab 06       		.byte	6
 201 00ac 00       		.byte	0
 202 00ad 3F       		.byte	63
 203 00ae 00       		.byte	0
 204 00af 00       		.byte	0
 205 00b0 06       		.byte	6
 206 00b1 01       		.byte	1
 207 00b2 01       		.byte	1
 208 00b3 00       		.byte	0
 209 00b4 00       		.byte	0
 210 00b5 00       		.byte	0
 211 00b6 00       		.byte	0
 212 00b7 00       		.byte	0
 213 00b8 00       		.byte	0
 214 00b9 0B       		.byte	11
 215 00ba 0B       		.byte	11
 216 00bb 00       		.byte	0
 217 00bc 00       		.byte	0
 218 00bd 00       		.byte	0
 219 00be 00       		.byte	0
 220 00bf 00       		.byte	0
 221 00c0 00       		.byte	0
 222 00c1 7F       		.byte	127
 223 00c2 7F       		.byte	127
 224 00c3 00       		.byte	0
 225 00c4 00       		.byte	0
 226 00c5 00       		.byte	0
 227 00c6 00       		.byte	0
 228 00c7 00       		.byte	0
ARM GAS  C:\Users\laura\AppData\Local\Temp\ccGL5sug.s 			page 5


 229              		.section	.cywolatch,"a",%progbits
 230              		.align	2
 231              		.type	cy_meta_wonvl, %object
 232              		.size	cy_meta_wonvl, 4
 233              	cy_meta_wonvl:
 234 0000 BC       		.byte	-68
 235 0001 90       		.byte	-112
 236 0002 AC       		.byte	-84
 237 0003 AF       		.byte	-81
 238              		.section	.cycustnvl,"a",%progbits
 239              		.align	2
 240              		.type	cy_meta_custnvl, %object
 241              		.size	cy_meta_custnvl, 4
 242              	cy_meta_custnvl:
 243 0000 00       		.byte	0
 244 0001 00       		.byte	0
 245 0002 40       		.byte	64
 246 0003 05       		.byte	5
 247              		.section	.cymeta,"a",%progbits
 248              		.align	2
 249              		.type	cy_metadata, %object
 250              		.size	cy_metadata, 12
 251              	cy_metadata:
 252 0000 00       		.byte	0
 253 0001 01       		.byte	1
 254 0002 2E       		.byte	46
 255 0003 16       		.byte	22
 256 0004 10       		.byte	16
 257 0005 69       		.byte	105
 258 0006 00       		.byte	0
 259 0007 01       		.byte	1
 260 0008 00       		.byte	0
 261 0009 00       		.byte	0
 262 000a 00       		.byte	0
 263 000b 00       		.byte	0
 264              		.section	.cyflashprotect,"a",%progbits
 265              		.align	2
 266              		.type	cy_meta_flashprotect, %object
 267              		.size	cy_meta_flashprotect, 256
 268              	cy_meta_flashprotect:
 269 0000 00000000 		.space	256
 269      00000000 
 269      00000000 
 269      00000000 
 269      00000000 
 270              		.text
 271              	.Letext0:
 272              		.file 1 "c:\\program files (x86)\\cypress\\psoc creator\\4.3\\psoc creator\\import\\gnu\\arm\\5.4.
 273              		.file 2 "c:\\program files (x86)\\cypress\\psoc creator\\4.3\\psoc creator\\import\\gnu\\arm\\5.4.
 274              		.file 3 "Generated_Source\\PSoC5\\cymetadata.c"
 275              		.section	.debug_info,"",%progbits
 276              	.Ldebug_info0:
 277 0000 30010000 		.4byte	0x130
 278 0004 0400     		.2byte	0x4
 279 0006 00000000 		.4byte	.Ldebug_abbrev0
 280 000a 04       		.byte	0x4
 281 000b 01       		.uleb128 0x1
ARM GAS  C:\Users\laura\AppData\Local\Temp\ccGL5sug.s 			page 6


 282 000c 86000000 		.4byte	.LASF17
 283 0010 0C       		.byte	0xc
 284 0011 E0010000 		.4byte	.LASF18
 285 0015 00000000 		.4byte	.LASF19
 286 0019 00000000 		.4byte	.Ldebug_line0
 287 001d 02       		.uleb128 0x2
 288 001e 01       		.byte	0x1
 289 001f 06       		.byte	0x6
 290 0020 D4010000 		.4byte	.LASF0
 291 0024 03       		.uleb128 0x3
 292 0025 62000000 		.4byte	.LASF9
 293 0029 01       		.byte	0x1
 294 002a 1D       		.byte	0x1d
 295 002b 2F000000 		.4byte	0x2f
 296 002f 02       		.uleb128 0x2
 297 0030 01       		.byte	0x1
 298 0031 08       		.byte	0x8
 299 0032 78000000 		.4byte	.LASF1
 300 0036 02       		.uleb128 0x2
 301 0037 02       		.byte	0x2
 302 0038 05       		.byte	0x5
 303 0039 C1010000 		.4byte	.LASF2
 304 003d 02       		.uleb128 0x2
 305 003e 02       		.byte	0x2
 306 003f 07       		.byte	0x7
 307 0040 26010000 		.4byte	.LASF3
 308 0044 02       		.uleb128 0x2
 309 0045 04       		.byte	0x4
 310 0046 05       		.byte	0x5
 311 0047 CB010000 		.4byte	.LASF4
 312 004b 02       		.uleb128 0x2
 313 004c 04       		.byte	0x4
 314 004d 07       		.byte	0x7
 315 004e 14010000 		.4byte	.LASF5
 316 0052 02       		.uleb128 0x2
 317 0053 08       		.byte	0x8
 318 0054 05       		.byte	0x5
 319 0055 B3010000 		.4byte	.LASF6
 320 0059 02       		.uleb128 0x2
 321 005a 08       		.byte	0x8
 322 005b 07       		.byte	0x7
 323 005c 68010000 		.4byte	.LASF7
 324 0060 04       		.uleb128 0x4
 325 0061 04       		.byte	0x4
 326 0062 05       		.byte	0x5
 327 0063 696E7400 		.ascii	"int\000"
 328 0067 02       		.uleb128 0x2
 329 0068 04       		.byte	0x4
 330 0069 07       		.byte	0x7
 331 006a 5B010000 		.4byte	.LASF8
 332 006e 03       		.uleb128 0x3
 333 006f 7F010000 		.4byte	.LASF10
 334 0073 02       		.byte	0x2
 335 0074 18       		.byte	0x18
 336 0075 24000000 		.4byte	0x24
 337 0079 05       		.uleb128 0x5
 338 007a 90000000 		.4byte	0x90
ARM GAS  C:\Users\laura\AppData\Local\Temp\ccGL5sug.s 			page 7


 339 007e 89000000 		.4byte	0x89
 340 0082 06       		.uleb128 0x6
 341 0083 89000000 		.4byte	0x89
 342 0087 C7       		.byte	0xc7
 343 0088 00       		.byte	0
 344 0089 02       		.uleb128 0x2
 345 008a 04       		.byte	0x4
 346 008b 07       		.byte	0x7
 347 008c AA010000 		.4byte	.LASF11
 348 0090 07       		.uleb128 0x7
 349 0091 6E000000 		.4byte	0x6e
 350 0095 08       		.uleb128 0x8
 351 0096 49010000 		.4byte	.LASF12
 352 009a 03       		.byte	0x3
 353 009b 1F       		.byte	0x1f
 354 009c A6000000 		.4byte	0xa6
 355 00a0 05       		.uleb128 0x5
 356 00a1 03       		.byte	0x3
 357 00a2 00000000 		.4byte	cy_meta_configecc
 358 00a6 07       		.uleb128 0x7
 359 00a7 79000000 		.4byte	0x79
 360 00ab 05       		.uleb128 0x5
 361 00ac 90000000 		.4byte	0x90
 362 00b0 BB000000 		.4byte	0xbb
 363 00b4 06       		.uleb128 0x6
 364 00b5 89000000 		.4byte	0x89
 365 00b9 03       		.byte	0x3
 366 00ba 00       		.byte	0
 367 00bb 08       		.uleb128 0x8
 368 00bc 39010000 		.4byte	.LASF13
 369 00c0 03       		.byte	0x3
 370 00c1 45       		.byte	0x45
 371 00c2 CC000000 		.4byte	0xcc
 372 00c6 05       		.uleb128 0x5
 373 00c7 03       		.byte	0x3
 374 00c8 00000000 		.4byte	cy_meta_custnvl
 375 00cc 07       		.uleb128 0x7
 376 00cd AB000000 		.4byte	0xab
 377 00d1 08       		.uleb128 0x8
 378 00d2 9C010000 		.4byte	.LASF14
 379 00d6 03       		.byte	0x3
 380 00d7 53       		.byte	0x53
 381 00d8 E2000000 		.4byte	0xe2
 382 00dc 05       		.uleb128 0x5
 383 00dd 03       		.byte	0x3
 384 00de 00000000 		.4byte	cy_meta_wonvl
 385 00e2 07       		.uleb128 0x7
 386 00e3 AB000000 		.4byte	0xab
 387 00e7 05       		.uleb128 0x5
 388 00e8 90000000 		.4byte	0x90
 389 00ec F7000000 		.4byte	0xf7
 390 00f0 06       		.uleb128 0x6
 391 00f1 89000000 		.4byte	0x89
 392 00f5 FF       		.byte	0xff
 393 00f6 00       		.byte	0
 394 00f7 08       		.uleb128 0x8
 395 00f8 87010000 		.4byte	.LASF15
ARM GAS  C:\Users\laura\AppData\Local\Temp\ccGL5sug.s 			page 8


 396 00fc 03       		.byte	0x3
 397 00fd 61       		.byte	0x61
 398 00fe 08010000 		.4byte	0x108
 399 0102 05       		.uleb128 0x5
 400 0103 03       		.byte	0x3
 401 0104 00000000 		.4byte	cy_meta_flashprotect
 402 0108 07       		.uleb128 0x7
 403 0109 E7000000 		.4byte	0xe7
 404 010d 05       		.uleb128 0x5
 405 010e 90000000 		.4byte	0x90
 406 0112 1D010000 		.4byte	0x11d
 407 0116 06       		.uleb128 0x6
 408 0117 89000000 		.4byte	0x89
 409 011b 0B       		.byte	0xb
 410 011c 00       		.byte	0
 411 011d 08       		.uleb128 0x8
 412 011e 6C000000 		.4byte	.LASF16
 413 0122 03       		.byte	0x3
 414 0123 8E       		.byte	0x8e
 415 0124 2E010000 		.4byte	0x12e
 416 0128 05       		.uleb128 0x5
 417 0129 03       		.byte	0x3
 418 012a 00000000 		.4byte	cy_metadata
 419 012e 07       		.uleb128 0x7
 420 012f 0D010000 		.4byte	0x10d
 421 0133 00       		.byte	0
 422              		.section	.debug_abbrev,"",%progbits
 423              	.Ldebug_abbrev0:
 424 0000 01       		.uleb128 0x1
 425 0001 11       		.uleb128 0x11
 426 0002 01       		.byte	0x1
 427 0003 25       		.uleb128 0x25
 428 0004 0E       		.uleb128 0xe
 429 0005 13       		.uleb128 0x13
 430 0006 0B       		.uleb128 0xb
 431 0007 03       		.uleb128 0x3
 432 0008 0E       		.uleb128 0xe
 433 0009 1B       		.uleb128 0x1b
 434 000a 0E       		.uleb128 0xe
 435 000b 10       		.uleb128 0x10
 436 000c 17       		.uleb128 0x17
 437 000d 00       		.byte	0
 438 000e 00       		.byte	0
 439 000f 02       		.uleb128 0x2
 440 0010 24       		.uleb128 0x24
 441 0011 00       		.byte	0
 442 0012 0B       		.uleb128 0xb
 443 0013 0B       		.uleb128 0xb
 444 0014 3E       		.uleb128 0x3e
 445 0015 0B       		.uleb128 0xb
 446 0016 03       		.uleb128 0x3
 447 0017 0E       		.uleb128 0xe
 448 0018 00       		.byte	0
 449 0019 00       		.byte	0
 450 001a 03       		.uleb128 0x3
 451 001b 16       		.uleb128 0x16
 452 001c 00       		.byte	0
ARM GAS  C:\Users\laura\AppData\Local\Temp\ccGL5sug.s 			page 9


 453 001d 03       		.uleb128 0x3
 454 001e 0E       		.uleb128 0xe
 455 001f 3A       		.uleb128 0x3a
 456 0020 0B       		.uleb128 0xb
 457 0021 3B       		.uleb128 0x3b
 458 0022 0B       		.uleb128 0xb
 459 0023 49       		.uleb128 0x49
 460 0024 13       		.uleb128 0x13
 461 0025 00       		.byte	0
 462 0026 00       		.byte	0
 463 0027 04       		.uleb128 0x4
 464 0028 24       		.uleb128 0x24
 465 0029 00       		.byte	0
 466 002a 0B       		.uleb128 0xb
 467 002b 0B       		.uleb128 0xb
 468 002c 3E       		.uleb128 0x3e
 469 002d 0B       		.uleb128 0xb
 470 002e 03       		.uleb128 0x3
 471 002f 08       		.uleb128 0x8
 472 0030 00       		.byte	0
 473 0031 00       		.byte	0
 474 0032 05       		.uleb128 0x5
 475 0033 01       		.uleb128 0x1
 476 0034 01       		.byte	0x1
 477 0035 49       		.uleb128 0x49
 478 0036 13       		.uleb128 0x13
 479 0037 01       		.uleb128 0x1
 480 0038 13       		.uleb128 0x13
 481 0039 00       		.byte	0
 482 003a 00       		.byte	0
 483 003b 06       		.uleb128 0x6
 484 003c 21       		.uleb128 0x21
 485 003d 00       		.byte	0
 486 003e 49       		.uleb128 0x49
 487 003f 13       		.uleb128 0x13
 488 0040 2F       		.uleb128 0x2f
 489 0041 0B       		.uleb128 0xb
 490 0042 00       		.byte	0
 491 0043 00       		.byte	0
 492 0044 07       		.uleb128 0x7
 493 0045 26       		.uleb128 0x26
 494 0046 00       		.byte	0
 495 0047 49       		.uleb128 0x49
 496 0048 13       		.uleb128 0x13
 497 0049 00       		.byte	0
 498 004a 00       		.byte	0
 499 004b 08       		.uleb128 0x8
 500 004c 34       		.uleb128 0x34
 501 004d 00       		.byte	0
 502 004e 03       		.uleb128 0x3
 503 004f 0E       		.uleb128 0xe
 504 0050 3A       		.uleb128 0x3a
 505 0051 0B       		.uleb128 0xb
 506 0052 3B       		.uleb128 0x3b
 507 0053 0B       		.uleb128 0xb
 508 0054 49       		.uleb128 0x49
 509 0055 13       		.uleb128 0x13
ARM GAS  C:\Users\laura\AppData\Local\Temp\ccGL5sug.s 			page 10


 510 0056 3F       		.uleb128 0x3f
 511 0057 19       		.uleb128 0x19
 512 0058 02       		.uleb128 0x2
 513 0059 18       		.uleb128 0x18
 514 005a 00       		.byte	0
 515 005b 00       		.byte	0
 516 005c 00       		.byte	0
 517              		.section	.debug_aranges,"",%progbits
 518 0000 14000000 		.4byte	0x14
 519 0004 0200     		.2byte	0x2
 520 0006 00000000 		.4byte	.Ldebug_info0
 521 000a 04       		.byte	0x4
 522 000b 00       		.byte	0
 523 000c 0000     		.2byte	0
 524 000e 0000     		.2byte	0
 525 0010 00000000 		.4byte	0
 526 0014 00000000 		.4byte	0
 527              		.section	.debug_line,"",%progbits
 528              	.Ldebug_line0:
 529 0000 3D010000 		.section	.debug_str,"MS",%progbits,1
 529      02003701 
 529      00000201 
 529      FB0E0D00 
 529      01010101 
 530              	.LASF19:
 531 0000 433A5C55 		.ascii	"C:\\Users\\laura\\OneDrive\\Documents\\SEMESTRE 202"
 531      73657273 
 531      5C6C6175 
 531      72615C4F 
 531      6E654472 
 532 002e 312D315C 		.ascii	"1-1\\SENSORES\\Practica_2\\Practica_2\\Practica_2.c"
 532      53454E53 
 532      4F524553 
 532      5C507261 
 532      63746963 
 533 005d 7964736E 		.ascii	"ydsn\000"
 533      00
 534              	.LASF9:
 535 0062 5F5F7569 		.ascii	"__uint8_t\000"
 535      6E74385F 
 535      7400
 536              	.LASF16:
 537 006c 63795F6D 		.ascii	"cy_metadata\000"
 537      65746164 
 537      61746100 
 538              	.LASF1:
 539 0078 756E7369 		.ascii	"unsigned char\000"
 539      676E6564 
 539      20636861 
 539      7200
 540              	.LASF17:
 541 0086 474E5520 		.ascii	"GNU C11 5.4.1 20160609 (release) [ARM/embedded-5-br"
 541      43313120 
 541      352E342E 
 541      31203230 
 541      31363036 
 542 00b9 616E6368 		.ascii	"anch revision 237715] -mcpu=cortex-m3 -mthumb -g -O"
ARM GAS  C:\Users\laura\AppData\Local\Temp\ccGL5sug.s 			page 11


 542      20726576 
 542      6973696F 
 542      6E203233 
 542      37373135 
 543 00ec 67202D66 		.ascii	"g -ffunction-sections -ffat-lto-objects\000"
 543      66756E63 
 543      74696F6E 
 543      2D736563 
 543      74696F6E 
 544              	.LASF5:
 545 0114 6C6F6E67 		.ascii	"long unsigned int\000"
 545      20756E73 
 545      69676E65 
 545      6420696E 
 545      7400
 546              	.LASF3:
 547 0126 73686F72 		.ascii	"short unsigned int\000"
 547      7420756E 
 547      7369676E 
 547      65642069 
 547      6E7400
 548              	.LASF13:
 549 0139 63795F6D 		.ascii	"cy_meta_custnvl\000"
 549      6574615F 
 549      63757374 
 549      6E766C00 
 550              	.LASF12:
 551 0149 63795F6D 		.ascii	"cy_meta_configecc\000"
 551      6574615F 
 551      636F6E66 
 551      69676563 
 551      6300
 552              	.LASF8:
 553 015b 756E7369 		.ascii	"unsigned int\000"
 553      676E6564 
 553      20696E74 
 553      00
 554              	.LASF7:
 555 0168 6C6F6E67 		.ascii	"long long unsigned int\000"
 555      206C6F6E 
 555      6720756E 
 555      7369676E 
 555      65642069 
 556              	.LASF10:
 557 017f 75696E74 		.ascii	"uint8_t\000"
 557      385F7400 
 558              	.LASF15:
 559 0187 63795F6D 		.ascii	"cy_meta_flashprotect\000"
 559      6574615F 
 559      666C6173 
 559      6870726F 
 559      74656374 
 560              	.LASF14:
 561 019c 63795F6D 		.ascii	"cy_meta_wonvl\000"
 561      6574615F 
 561      776F6E76 
 561      6C00
ARM GAS  C:\Users\laura\AppData\Local\Temp\ccGL5sug.s 			page 12


 562              	.LASF11:
 563 01aa 73697A65 		.ascii	"sizetype\000"
 563      74797065 
 563      00
 564              	.LASF6:
 565 01b3 6C6F6E67 		.ascii	"long long int\000"
 565      206C6F6E 
 565      6720696E 
 565      7400
 566              	.LASF2:
 567 01c1 73686F72 		.ascii	"short int\000"
 567      7420696E 
 567      7400
 568              	.LASF4:
 569 01cb 6C6F6E67 		.ascii	"long int\000"
 569      20696E74 
 569      00
 570              	.LASF0:
 571 01d4 7369676E 		.ascii	"signed char\000"
 571      65642063 
 571      68617200 
 572              	.LASF18:
 573 01e0 47656E65 		.ascii	"Generated_Source\\PSoC5\\cymetadata.c\000"
 573      72617465 
 573      645F536F 
 573      75726365 
 573      5C50536F 
 574              		.ident	"GCC: (GNU Tools for ARM Embedded Processors) 5.4.1 20160609 (release) [ARM/embedded-5-bran
