ARM GAS  C:\Users\laura\AppData\Local\Temp\ccBcCfvY.s 			page 1


   1              		.syntax unified
   2              		.cpu cortex-m3
   3              		.fpu softvfp
   4              		.eabi_attribute 20, 1
   5              		.eabi_attribute 21, 1
   6              		.eabi_attribute 23, 3
   7              		.eabi_attribute 24, 1
   8              		.eabi_attribute 25, 1
   9              		.eabi_attribute 26, 1
  10              		.eabi_attribute 30, 1
  11              		.eabi_attribute 34, 1
  12              		.eabi_attribute 18, 4
  13              		.thumb
  14              		.syntax unified
  15              		.file	"main.c"
  16              		.text
  17              	.Ltext0:
  18              		.cfi_sections	.debug_frame
  19              		.section	.text.ISR_15S,"ax",%progbits
  20              		.align	2
  21              		.global	ISR_15S
  22              		.thumb
  23              		.thumb_func
  24              		.type	ISR_15S, %function
  25              	ISR_15S:
  26              	.LFB64:
  27              		.file 1 "main.c"
   1:main.c        **** /* ========================================
   2:main.c        ****  *
   3:main.c        ****  * Copyright YOUR COMPANY, THE YEAR
   4:main.c        ****  * All Rights Reserved
   5:main.c        ****  * UNPUBLISHED, LICENSED SOFTWARE.
   6:main.c        ****  *
   7:main.c        ****  * CONFIDENTIAL AND PROPRIETARY INFORMATION
   8:main.c        ****  * WHICH IS THE PROPERTY OF your company.
   9:main.c        ****  *
  10:main.c        ****  * ========================================
  11:main.c        **** */
  12:main.c        **** #include "project.h"
  13:main.c        **** CY_ISR_PROTO(Subir);
  14:main.c        **** CY_ISR_PROTO(Bajar);
  15:main.c        **** CY_ISR_PROTO(ISR_15S);
  16:main.c        **** uint8 timer = 0;
  17:main.c        **** uint8 timer2 = 0;
  18:main.c        **** uint16 cont = 0;
  19:main.c        **** uint8 subiendo = 0;
  20:main.c        **** uint8 bajando = 0;
  21:main.c        **** uint8 pasajeros=0;
  22:main.c        **** 
  23:main.c        **** 
  24:main.c        **** int main(void)
  25:main.c        **** {
  26:main.c        ****     CyGlobalIntEnable; /* Enable global interrupts. */
  27:main.c        ****     isr_1_StartEx(Subir); 
  28:main.c        ****     isr_2_StartEx(Bajar);
  29:main.c        ****     isr_timer_StartEx(ISR_15S);
  30:main.c        ****     LCD_Start();
ARM GAS  C:\Users\laura\AppData\Local\Temp\ccBcCfvY.s 			page 2


  31:main.c        ****     Counter_Start();
  32:main.c        ****     LCD_Position(0,0);
  33:main.c        ****     LCD_PrintString("Pasajeros: ");  
  34:main.c        ****     LCD_Position(0,11);
  35:main.c        ****     LCD_PrintNumber(pasajeros);
  36:main.c        ****     LED_Write(0);
  37:main.c        ****     
  38:main.c        ****     for(;;)
  39:main.c        ****     {
  40:main.c        **** 
  41:main.c        ****         if(subiendo==1){
  42:main.c        ****             subiendo=0;
  43:main.c        ****             pasajeros++;
  44:main.c        ****             if(pasajeros<11)LED_Write(0);//restriccion LeD de exceso de pasajeos 
  45:main.c        ****             else LED_Write(1);// a partir de 11 pasajeros se enciende el led
  46:main.c        ****             LCD_Position(0,11);
  47:main.c        ****             LCD_PrintNumber(pasajeros);
  48:main.c        ****             isr_1_Disable();//desbabilita el contador de subida
  49:main.c        ****             isr_2_Disable();//desbabilita el contador de bajada
  50:main.c        ****             timer=1;   
  51:main.c        ****         }
  52:main.c        ****        
  53:main.c        ****         if(bajando==1){
  54:main.c        ****             bajando=0;
  55:main.c        ****             pasajeros--;
  56:main.c        ****             if(pasajeros<10){
  57:main.c        ****                 LED_Write(0);
  58:main.c        ****                 LCD_ClearDisplay();
  59:main.c        ****                 LCD_Position(0,0);
  60:main.c        ****                 LCD_PrintString("Pasajeros: ");  
  61:main.c        ****                 LCD_Position(0,11);
  62:main.c        ****                 LCD_PrintNumber(pasajeros);
  63:main.c        ****                 LCD_Position(3,0);
  64:main.c        ****                 LCD_PrintNumber(cont);            
  65:main.c        ****             }
  66:main.c        ****             else LED_Write(1);
  67:main.c        ****             if(pasajeros==255){
  68:main.c        ****                 LED_Write(0); 
  69:main.c        ****                 pasajeros=0;
  70:main.c        ****                }
  71:main.c        **** 
  72:main.c        ****             LCD_Position(0,11);
  73:main.c        ****             LCD_PrintNumber(pasajeros);
  74:main.c        ****             isr_1_Disable();
  75:main.c        ****             isr_2_Disable();
  76:main.c        ****             timer=1;
  77:main.c        ****         }
  78:main.c        ****         if(pasajeros>=11){
  79:main.c        ****             LCD_Position(1,0);
  80:main.c        ****             LCD_PrintString("EXCESO DE PASAJEROS");
  81:main.c        ****         }        
  82:main.c        ****        
  83:main.c        ****         if(timer2==1){
  84:main.c        ****             cont++;
  85:main.c        ****             LCD_Position(3,0);
  86:main.c        ****             LCD_PrintNumber(cont);            
  87:main.c        ****             timer2=0;
ARM GAS  C:\Users\laura\AppData\Local\Temp\ccBcCfvY.s 			page 3


  88:main.c        ****         }
  89:main.c        ****         //contador del tiempo 900 conteos= 1.5s, //termina de contar los 900 y en 901 comienza de n
  90:main.c        ****         if(cont==901){
  91:main.c        ****             cont=0;
  92:main.c        ****             timer=0;
  93:main.c        ****             timer2=0;
  94:main.c        ****             bajando=0;
  95:main.c        ****             subiendo=0;
  96:main.c        ****             LCD_ClearDisplay();
  97:main.c        ****             LCD_Position(0,0);
  98:main.c        ****             LCD_PrintString("Pasajeros: ");  
  99:main.c        ****             LCD_Position(0,11);
 100:main.c        ****             LCD_PrintNumber(pasajeros);
 101:main.c        ****             LCD_Position(3,0);
 102:main.c        ****             LCD_PrintNumber(cont);               
 103:main.c        ****             isr_1_ClearPending();//limpia la interrupcion del ultimo conteo
 104:main.c        ****             isr_2_ClearPending();//limpia la interrupcion del ultimo conteo            
 105:main.c        ****             isr_1_Enable();// habilita los contadores de subida
 106:main.c        ****             isr_2_Enable();// habilita los contadores de bajada
 107:main.c        ****         }
 108:main.c        **** 
 109:main.c        **** 
 110:main.c        ****         /* Place your application code here. */
 111:main.c        ****     }
 112:main.c        **** }
 113:main.c        **** //time
 114:main.c        **** CY_ISR(ISR_15S){
  28              		.loc 1 114 0
  29              		.cfi_startproc
  30              		@ args = 0, pretend = 0, frame = 0
  31              		@ frame_needed = 0, uses_anonymous_args = 0
  32              		@ link register save eliminated.
 115:main.c        ****     if (timer == 1 )timer2=1; 
  33              		.loc 1 115 0
  34 0000 034B     		ldr	r3, .L3
  35 0002 1B78     		ldrb	r3, [r3]	@ zero_extendqisi2
  36 0004 012B     		cmp	r3, #1
  37 0006 02D1     		bne	.L1
  38              		.loc 1 115 0 is_stmt 0 discriminator 1
  39 0008 0122     		movs	r2, #1
  40 000a 014B     		ldr	r3, .L3
  41 000c 5A70     		strb	r2, [r3, #1]
  42              	.L1:
  43 000e 7047     		bx	lr
  44              	.L4:
  45              		.align	2
  46              	.L3:
  47 0010 00000000 		.word	.LANCHOR0
  48              		.cfi_endproc
  49              	.LFE64:
  50              		.size	ISR_15S, .-ISR_15S
  51              		.section	.text.Subir,"ax",%progbits
  52              		.align	2
  53              		.global	Subir
  54              		.thumb
  55              		.thumb_func
  56              		.type	Subir, %function
ARM GAS  C:\Users\laura\AppData\Local\Temp\ccBcCfvY.s 			page 4


  57              	Subir:
  58              	.LFB65:
 116:main.c        **** }
 117:main.c        **** //funcion interrupsion 1 para conteo subida
 118:main.c        **** CY_ISR(Subir){ //Permite aumentar el digito en el 7 segmentos seleccionado y retornar a cero cuando
  59              		.loc 1 118 0 is_stmt 1
  60              		.cfi_startproc
  61              		@ args = 0, pretend = 0, frame = 0
  62              		@ frame_needed = 0, uses_anonymous_args = 0
  63              		@ link register save eliminated.
 119:main.c        ****     subiendo=1;
  64              		.loc 1 119 0
  65 0000 024B     		ldr	r3, .L6
  66 0002 0122     		movs	r2, #1
  67 0004 9A70     		strb	r2, [r3, #2]
 120:main.c        ****     bajando=0;
  68              		.loc 1 120 0
  69 0006 0022     		movs	r2, #0
  70 0008 DA70     		strb	r2, [r3, #3]
  71 000a 7047     		bx	lr
  72              	.L7:
  73              		.align	2
  74              	.L6:
  75 000c 00000000 		.word	.LANCHOR0
  76              		.cfi_endproc
  77              	.LFE65:
  78              		.size	Subir, .-Subir
  79              		.section	.text.Bajar,"ax",%progbits
  80              		.align	2
  81              		.global	Bajar
  82              		.thumb
  83              		.thumb_func
  84              		.type	Bajar, %function
  85              	Bajar:
  86              	.LFB66:
 121:main.c        **** }
 122:main.c        **** //funcion interrupsion 1 para conteo subida
 123:main.c        **** CY_ISR(Bajar){ //Permite cambiar la posicion de los 7 segmentos y la posicion en la clave ingresada
  87              		.loc 1 123 0
  88              		.cfi_startproc
  89              		@ args = 0, pretend = 0, frame = 0
  90              		@ frame_needed = 0, uses_anonymous_args = 0
  91              		@ link register save eliminated.
 124:main.c        ****     bajando=1;
  92              		.loc 1 124 0
  93 0000 024B     		ldr	r3, .L9
  94 0002 0122     		movs	r2, #1
  95 0004 DA70     		strb	r2, [r3, #3]
 125:main.c        ****     subiendo=0;
  96              		.loc 1 125 0
  97 0006 0022     		movs	r2, #0
  98 0008 9A70     		strb	r2, [r3, #2]
  99 000a 7047     		bx	lr
 100              	.L10:
 101              		.align	2
 102              	.L9:
 103 000c 00000000 		.word	.LANCHOR0
ARM GAS  C:\Users\laura\AppData\Local\Temp\ccBcCfvY.s 			page 5


 104              		.cfi_endproc
 105              	.LFE66:
 106              		.size	Bajar, .-Bajar
 107              		.section	.text.main,"ax",%progbits
 108              		.align	2
 109              		.global	main
 110              		.thumb
 111              		.thumb_func
 112              		.type	main, %function
 113              	main:
 114              	.LFB63:
  25:main.c        ****     CyGlobalIntEnable; /* Enable global interrupts. */
 115              		.loc 1 25 0
 116              		.cfi_startproc
 117              		@ Volatile: function does not return.
 118              		@ args = 0, pretend = 0, frame = 0
 119              		@ frame_needed = 0, uses_anonymous_args = 0
 120 0000 08B5     		push	{r3, lr}
 121              		.cfi_def_cfa_offset 8
 122              		.cfi_offset 3, -8
 123              		.cfi_offset 14, -4
  26:main.c        ****     isr_1_StartEx(Subir); 
 124              		.loc 1 26 0
 125              		.syntax unified
 126              	@ 26 "main.c" 1
 127 0002 62B6     		CPSIE   i
 128              	@ 0 "" 2
  27:main.c        ****     isr_2_StartEx(Bajar);
 129              		.loc 1 27 0
 130              		.thumb
 131              		.syntax unified
 132 0004 6848     		ldr	r0, .L24
 133 0006 FFF7FEFF 		bl	isr_1_StartEx
 134              	.LVL0:
  28:main.c        ****     isr_timer_StartEx(ISR_15S);
 135              		.loc 1 28 0
 136 000a 6848     		ldr	r0, .L24+4
 137 000c FFF7FEFF 		bl	isr_2_StartEx
 138              	.LVL1:
  29:main.c        ****     LCD_Start();
 139              		.loc 1 29 0
 140 0010 6748     		ldr	r0, .L24+8
 141 0012 FFF7FEFF 		bl	isr_timer_StartEx
 142              	.LVL2:
  30:main.c        ****     Counter_Start();
 143              		.loc 1 30 0
 144 0016 FFF7FEFF 		bl	LCD_Start
 145              	.LVL3:
  31:main.c        ****     LCD_Position(0,0);
 146              		.loc 1 31 0
 147 001a FFF7FEFF 		bl	Counter_Start
 148              	.LVL4:
  32:main.c        ****     LCD_PrintString("Pasajeros: ");  
 149              		.loc 1 32 0
 150 001e 0021     		movs	r1, #0
 151 0020 0846     		mov	r0, r1
 152 0022 FFF7FEFF 		bl	LCD_Position
ARM GAS  C:\Users\laura\AppData\Local\Temp\ccBcCfvY.s 			page 6


 153              	.LVL5:
  33:main.c        ****     LCD_Position(0,11);
 154              		.loc 1 33 0
 155 0026 6348     		ldr	r0, .L24+12
 156 0028 FFF7FEFF 		bl	LCD_PrintString
 157              	.LVL6:
  34:main.c        ****     LCD_PrintNumber(pasajeros);
 158              		.loc 1 34 0
 159 002c 0B21     		movs	r1, #11
 160 002e 0020     		movs	r0, #0
 161 0030 FFF7FEFF 		bl	LCD_Position
 162              	.LVL7:
  35:main.c        ****     LED_Write(0);
 163              		.loc 1 35 0
 164 0034 604B     		ldr	r3, .L24+16
 165 0036 1879     		ldrb	r0, [r3, #4]	@ zero_extendqisi2
 166 0038 FFF7FEFF 		bl	LCD_PrintU32Number
 167              	.LVL8:
  36:main.c        ****     
 168              		.loc 1 36 0
 169 003c 0020     		movs	r0, #0
 170 003e FFF7FEFF 		bl	LED_Write
 171              	.LVL9:
 172              	.L21:
  41:main.c        ****             subiendo=0;
 173              		.loc 1 41 0
 174 0042 5D4B     		ldr	r3, .L24+16
 175 0044 9B78     		ldrb	r3, [r3, #2]	@ zero_extendqisi2
 176 0046 012B     		cmp	r3, #1
 177 0048 1DD1     		bne	.L12
  42:main.c        ****             pasajeros++;
 178              		.loc 1 42 0
 179 004a 5B4A     		ldr	r2, .L24+16
 180 004c 0023     		movs	r3, #0
 181 004e 9370     		strb	r3, [r2, #2]
  43:main.c        ****             if(pasajeros<11)LED_Write(0);//restriccion LeD de exceso de pasajeos 
 182              		.loc 1 43 0
 183 0050 1379     		ldrb	r3, [r2, #4]	@ zero_extendqisi2
 184 0052 0133     		adds	r3, r3, #1
 185 0054 DBB2     		uxtb	r3, r3
 186 0056 1371     		strb	r3, [r2, #4]
  44:main.c        ****             else LED_Write(1);// a partir de 11 pasajeros se enciende el led
 187              		.loc 1 44 0
 188 0058 0A2B     		cmp	r3, #10
 189 005a 03D8     		bhi	.L13
  44:main.c        ****             else LED_Write(1);// a partir de 11 pasajeros se enciende el led
 190              		.loc 1 44 0 is_stmt 0 discriminator 1
 191 005c 0020     		movs	r0, #0
 192 005e FFF7FEFF 		bl	LED_Write
 193              	.LVL10:
 194 0062 02E0     		b	.L14
 195              	.L13:
  45:main.c        ****             LCD_Position(0,11);
 196              		.loc 1 45 0 is_stmt 1
 197 0064 0120     		movs	r0, #1
 198 0066 FFF7FEFF 		bl	LED_Write
 199              	.LVL11:
ARM GAS  C:\Users\laura\AppData\Local\Temp\ccBcCfvY.s 			page 7


 200              	.L14:
  46:main.c        ****             LCD_PrintNumber(pasajeros);
 201              		.loc 1 46 0
 202 006a 0B21     		movs	r1, #11
 203 006c 0020     		movs	r0, #0
 204 006e FFF7FEFF 		bl	LCD_Position
 205              	.LVL12:
  47:main.c        ****             isr_1_Disable();//desbabilita el contador de subida
 206              		.loc 1 47 0
 207 0072 514C     		ldr	r4, .L24+16
 208 0074 2079     		ldrb	r0, [r4, #4]	@ zero_extendqisi2
 209 0076 FFF7FEFF 		bl	LCD_PrintU32Number
 210              	.LVL13:
  48:main.c        ****             isr_2_Disable();//desbabilita el contador de bajada
 211              		.loc 1 48 0
 212 007a FFF7FEFF 		bl	isr_1_Disable
 213              	.LVL14:
  49:main.c        ****             timer=1;   
 214              		.loc 1 49 0
 215 007e FFF7FEFF 		bl	isr_2_Disable
 216              	.LVL15:
  50:main.c        ****         }
 217              		.loc 1 50 0
 218 0082 0123     		movs	r3, #1
 219 0084 2370     		strb	r3, [r4]
 220              	.L12:
  53:main.c        ****             bajando=0;
 221              		.loc 1 53 0
 222 0086 4C4B     		ldr	r3, .L24+16
 223 0088 DB78     		ldrb	r3, [r3, #3]	@ zero_extendqisi2
 224 008a 012B     		cmp	r3, #1
 225 008c 40D1     		bne	.L15
  54:main.c        ****             pasajeros--;
 226              		.loc 1 54 0
 227 008e 4A4A     		ldr	r2, .L24+16
 228 0090 0023     		movs	r3, #0
 229 0092 D370     		strb	r3, [r2, #3]
  55:main.c        ****             if(pasajeros<10){
 230              		.loc 1 55 0
 231 0094 1379     		ldrb	r3, [r2, #4]	@ zero_extendqisi2
 232 0096 013B     		subs	r3, r3, #1
 233 0098 DBB2     		uxtb	r3, r3
 234 009a 1371     		strb	r3, [r2, #4]
  56:main.c        ****                 LED_Write(0);
 235              		.loc 1 56 0
 236 009c 092B     		cmp	r3, #9
 237 009e 1CD8     		bhi	.L16
  57:main.c        ****                 LCD_ClearDisplay();
 238              		.loc 1 57 0
 239 00a0 0020     		movs	r0, #0
 240 00a2 FFF7FEFF 		bl	LED_Write
 241              	.LVL16:
  58:main.c        ****                 LCD_Position(0,0);
 242              		.loc 1 58 0
 243 00a6 0120     		movs	r0, #1
 244 00a8 FFF7FEFF 		bl	LCD_WriteControl
 245              	.LVL17:
ARM GAS  C:\Users\laura\AppData\Local\Temp\ccBcCfvY.s 			page 8


  59:main.c        ****                 LCD_PrintString("Pasajeros: ");  
 246              		.loc 1 59 0
 247 00ac 0021     		movs	r1, #0
 248 00ae 0846     		mov	r0, r1
 249 00b0 FFF7FEFF 		bl	LCD_Position
 250              	.LVL18:
  60:main.c        ****                 LCD_Position(0,11);
 251              		.loc 1 60 0
 252 00b4 3F48     		ldr	r0, .L24+12
 253 00b6 FFF7FEFF 		bl	LCD_PrintString
 254              	.LVL19:
  61:main.c        ****                 LCD_PrintNumber(pasajeros);
 255              		.loc 1 61 0
 256 00ba 0B21     		movs	r1, #11
 257 00bc 0020     		movs	r0, #0
 258 00be FFF7FEFF 		bl	LCD_Position
 259              	.LVL20:
  62:main.c        ****                 LCD_Position(3,0);
 260              		.loc 1 62 0
 261 00c2 3D4C     		ldr	r4, .L24+16
 262 00c4 2079     		ldrb	r0, [r4, #4]	@ zero_extendqisi2
 263 00c6 FFF7FEFF 		bl	LCD_PrintU32Number
 264              	.LVL21:
  63:main.c        ****                 LCD_PrintNumber(cont);            
 265              		.loc 1 63 0
 266 00ca 0021     		movs	r1, #0
 267 00cc 0320     		movs	r0, #3
 268 00ce FFF7FEFF 		bl	LCD_Position
 269              	.LVL22:
  64:main.c        ****             }
 270              		.loc 1 64 0
 271 00d2 E088     		ldrh	r0, [r4, #6]
 272 00d4 FFF7FEFF 		bl	LCD_PrintU32Number
 273              	.LVL23:
 274 00d8 02E0     		b	.L17
 275              	.L16:
  66:main.c        ****             if(pasajeros==255){
 276              		.loc 1 66 0
 277 00da 0120     		movs	r0, #1
 278 00dc FFF7FEFF 		bl	LED_Write
 279              	.LVL24:
 280              	.L17:
  67:main.c        ****                 LED_Write(0); 
 281              		.loc 1 67 0
 282 00e0 354B     		ldr	r3, .L24+16
 283 00e2 1B79     		ldrb	r3, [r3, #4]	@ zero_extendqisi2
 284 00e4 FF2B     		cmp	r3, #255
 285 00e6 05D1     		bne	.L18
  68:main.c        ****                 pasajeros=0;
 286              		.loc 1 68 0
 287 00e8 0020     		movs	r0, #0
 288 00ea FFF7FEFF 		bl	LED_Write
 289              	.LVL25:
  69:main.c        ****                }
 290              		.loc 1 69 0
 291 00ee 0022     		movs	r2, #0
 292 00f0 314B     		ldr	r3, .L24+16
ARM GAS  C:\Users\laura\AppData\Local\Temp\ccBcCfvY.s 			page 9


 293 00f2 1A71     		strb	r2, [r3, #4]
 294              	.L18:
  72:main.c        ****             LCD_PrintNumber(pasajeros);
 295              		.loc 1 72 0
 296 00f4 0B21     		movs	r1, #11
 297 00f6 0020     		movs	r0, #0
 298 00f8 FFF7FEFF 		bl	LCD_Position
 299              	.LVL26:
  73:main.c        ****             isr_1_Disable();
 300              		.loc 1 73 0
 301 00fc 2E4C     		ldr	r4, .L24+16
 302 00fe 2079     		ldrb	r0, [r4, #4]	@ zero_extendqisi2
 303 0100 FFF7FEFF 		bl	LCD_PrintU32Number
 304              	.LVL27:
  74:main.c        ****             isr_2_Disable();
 305              		.loc 1 74 0
 306 0104 FFF7FEFF 		bl	isr_1_Disable
 307              	.LVL28:
  75:main.c        ****             timer=1;
 308              		.loc 1 75 0
 309 0108 FFF7FEFF 		bl	isr_2_Disable
 310              	.LVL29:
  76:main.c        ****         }
 311              		.loc 1 76 0
 312 010c 0123     		movs	r3, #1
 313 010e 2370     		strb	r3, [r4]
 314              	.L15:
  78:main.c        ****             LCD_Position(1,0);
 315              		.loc 1 78 0
 316 0110 294B     		ldr	r3, .L24+16
 317 0112 1B79     		ldrb	r3, [r3, #4]	@ zero_extendqisi2
 318 0114 0A2B     		cmp	r3, #10
 319 0116 06D9     		bls	.L19
  79:main.c        ****             LCD_PrintString("EXCESO DE PASAJEROS");
 320              		.loc 1 79 0
 321 0118 0021     		movs	r1, #0
 322 011a 0120     		movs	r0, #1
 323 011c FFF7FEFF 		bl	LCD_Position
 324              	.LVL30:
  80:main.c        ****         }        
 325              		.loc 1 80 0
 326 0120 2648     		ldr	r0, .L24+20
 327 0122 FFF7FEFF 		bl	LCD_PrintString
 328              	.LVL31:
 329              	.L19:
  83:main.c        ****             cont++;
 330              		.loc 1 83 0
 331 0126 244B     		ldr	r3, .L24+16
 332 0128 5B78     		ldrb	r3, [r3, #1]	@ zero_extendqisi2
 333 012a 012B     		cmp	r3, #1
 334 012c 0CD1     		bne	.L20
  84:main.c        ****             LCD_Position(3,0);
 335              		.loc 1 84 0
 336 012e 224C     		ldr	r4, .L24+16
 337 0130 E388     		ldrh	r3, [r4, #6]
 338 0132 0133     		adds	r3, r3, #1
 339 0134 E380     		strh	r3, [r4, #6]	@ movhi
ARM GAS  C:\Users\laura\AppData\Local\Temp\ccBcCfvY.s 			page 10


  85:main.c        ****             LCD_PrintNumber(cont);            
 340              		.loc 1 85 0
 341 0136 0021     		movs	r1, #0
 342 0138 0320     		movs	r0, #3
 343 013a FFF7FEFF 		bl	LCD_Position
 344              	.LVL32:
  86:main.c        ****             timer2=0;
 345              		.loc 1 86 0
 346 013e E088     		ldrh	r0, [r4, #6]
 347 0140 FFF7FEFF 		bl	LCD_PrintU32Number
 348              	.LVL33:
  87:main.c        ****         }
 349              		.loc 1 87 0
 350 0144 0023     		movs	r3, #0
 351 0146 6370     		strb	r3, [r4, #1]
 352              	.L20:
  90:main.c        ****             cont=0;
 353              		.loc 1 90 0
 354 0148 1B4B     		ldr	r3, .L24+16
 355 014a DA88     		ldrh	r2, [r3, #6]
 356 014c 40F28533 		movw	r3, #901
 357 0150 9A42     		cmp	r2, r3
 358 0152 7FF476AF 		bne	.L21
  91:main.c        ****             timer=0;
 359              		.loc 1 91 0
 360 0156 184D     		ldr	r5, .L24+16
 361 0158 0024     		movs	r4, #0
 362 015a EC80     		strh	r4, [r5, #6]	@ movhi
  92:main.c        ****             timer2=0;
 363              		.loc 1 92 0
 364 015c 2C70     		strb	r4, [r5]
  93:main.c        ****             bajando=0;
 365              		.loc 1 93 0
 366 015e 6C70     		strb	r4, [r5, #1]
  94:main.c        ****             subiendo=0;
 367              		.loc 1 94 0
 368 0160 EC70     		strb	r4, [r5, #3]
  95:main.c        ****             LCD_ClearDisplay();
 369              		.loc 1 95 0
 370 0162 AC70     		strb	r4, [r5, #2]
  96:main.c        ****             LCD_Position(0,0);
 371              		.loc 1 96 0
 372 0164 0120     		movs	r0, #1
 373 0166 FFF7FEFF 		bl	LCD_WriteControl
 374              	.LVL34:
  97:main.c        ****             LCD_PrintString("Pasajeros: ");  
 375              		.loc 1 97 0
 376 016a 2146     		mov	r1, r4
 377 016c 2046     		mov	r0, r4
 378 016e FFF7FEFF 		bl	LCD_Position
 379              	.LVL35:
  98:main.c        ****             LCD_Position(0,11);
 380              		.loc 1 98 0
 381 0172 1048     		ldr	r0, .L24+12
 382 0174 FFF7FEFF 		bl	LCD_PrintString
 383              	.LVL36:
  99:main.c        ****             LCD_PrintNumber(pasajeros);
ARM GAS  C:\Users\laura\AppData\Local\Temp\ccBcCfvY.s 			page 11


 384              		.loc 1 99 0
 385 0178 0B21     		movs	r1, #11
 386 017a 2046     		mov	r0, r4
 387 017c FFF7FEFF 		bl	LCD_Position
 388              	.LVL37:
 100:main.c        ****             LCD_Position(3,0);
 389              		.loc 1 100 0
 390 0180 2879     		ldrb	r0, [r5, #4]	@ zero_extendqisi2
 391 0182 FFF7FEFF 		bl	LCD_PrintU32Number
 392              	.LVL38:
 101:main.c        ****             LCD_PrintNumber(cont);               
 393              		.loc 1 101 0
 394 0186 2146     		mov	r1, r4
 395 0188 0320     		movs	r0, #3
 396 018a FFF7FEFF 		bl	LCD_Position
 397              	.LVL39:
 102:main.c        ****             isr_1_ClearPending();//limpia la interrupcion del ultimo conteo
 398              		.loc 1 102 0
 399 018e E888     		ldrh	r0, [r5, #6]
 400 0190 FFF7FEFF 		bl	LCD_PrintU32Number
 401              	.LVL40:
 103:main.c        ****             isr_2_ClearPending();//limpia la interrupcion del ultimo conteo            
 402              		.loc 1 103 0
 403 0194 FFF7FEFF 		bl	isr_1_ClearPending
 404              	.LVL41:
 104:main.c        ****             isr_1_Enable();// habilita los contadores de subida
 405              		.loc 1 104 0
 406 0198 FFF7FEFF 		bl	isr_2_ClearPending
 407              	.LVL42:
 105:main.c        ****             isr_2_Enable();// habilita los contadores de bajada
 408              		.loc 1 105 0
 409 019c FFF7FEFF 		bl	isr_1_Enable
 410              	.LVL43:
 106:main.c        ****         }
 411              		.loc 1 106 0
 412 01a0 FFF7FEFF 		bl	isr_2_Enable
 413              	.LVL44:
 414 01a4 4DE7     		b	.L21
 415              	.L25:
 416 01a6 00BF     		.align	2
 417              	.L24:
 418 01a8 00000000 		.word	Subir
 419 01ac 00000000 		.word	Bajar
 420 01b0 00000000 		.word	ISR_15S
 421 01b4 00000000 		.word	.LC0
 422 01b8 00000000 		.word	.LANCHOR0
 423 01bc 0C000000 		.word	.LC1
 424              		.cfi_endproc
 425              	.LFE63:
 426              		.size	main, .-main
 427              		.global	pasajeros
 428              		.global	bajando
 429              		.global	subiendo
 430              		.global	cont
 431              		.global	timer2
 432              		.global	timer
 433              		.section	.rodata.str1.4,"aMS",%progbits,1
ARM GAS  C:\Users\laura\AppData\Local\Temp\ccBcCfvY.s 			page 12


 434              		.align	2
 435              	.LC0:
 436 0000 50617361 		.ascii	"Pasajeros: \000"
 436      6A65726F 
 436      733A2000 
 437              	.LC1:
 438 000c 45584345 		.ascii	"EXCESO DE PASAJEROS\000"
 438      534F2044 
 438      45205041 
 438      53414A45 
 438      524F5300 
 439              		.bss
 440              		.align	1
 441              		.set	.LANCHOR0,. + 0
 442              		.type	timer, %object
 443              		.size	timer, 1
 444              	timer:
 445 0000 00       		.space	1
 446              		.type	timer2, %object
 447              		.size	timer2, 1
 448              	timer2:
 449 0001 00       		.space	1
 450              		.type	subiendo, %object
 451              		.size	subiendo, 1
 452              	subiendo:
 453 0002 00       		.space	1
 454              		.type	bajando, %object
 455              		.size	bajando, 1
 456              	bajando:
 457 0003 00       		.space	1
 458              		.type	pasajeros, %object
 459              		.size	pasajeros, 1
 460              	pasajeros:
 461 0004 00       		.space	1
 462 0005 00       		.space	1
 463              		.type	cont, %object
 464              		.size	cont, 2
 465              	cont:
 466 0006 0000     		.space	2
 467              		.text
 468              	.Letext0:
 469              		.file 2 "c:\\program files (x86)\\cypress\\psoc creator\\4.3\\psoc creator\\import\\gnu\\arm\\5.4.
 470              		.file 3 "c:\\program files (x86)\\cypress\\psoc creator\\4.3\\psoc creator\\import\\gnu\\arm\\5.4.
 471              		.file 4 "Generated_Source\\PSoC5/cytypes.h"
 472              		.file 5 "Generated_Source\\PSoC5/core_cm3.h"
 473              		.file 6 "Generated_Source\\PSoC5/isr_1.h"
 474              		.file 7 "Generated_Source\\PSoC5/isr_2.h"
 475              		.file 8 "Generated_Source\\PSoC5/isr_timer.h"
 476              		.file 9 "Generated_Source\\PSoC5/LCD.h"
 477              		.file 10 "Generated_Source\\PSoC5/Counter.h"
 478              		.file 11 "Generated_Source\\PSoC5/LED.h"
 479              		.section	.debug_info,"",%progbits
 480              	.Ldebug_info0:
 481 0000 2C050000 		.4byte	0x52c
 482 0004 0400     		.2byte	0x4
 483 0006 00000000 		.4byte	.Ldebug_abbrev0
 484 000a 04       		.byte	0x4
ARM GAS  C:\Users\laura\AppData\Local\Temp\ccBcCfvY.s 			page 13


 485 000b 01       		.uleb128 0x1
 486 000c E1000000 		.4byte	.LASF44
 487 0010 0C       		.byte	0xc
 488 0011 7E020000 		.4byte	.LASF45
 489 0015 13000000 		.4byte	.LASF46
 490 0019 00000000 		.4byte	.Ldebug_ranges0+0
 491 001d 00000000 		.4byte	0
 492 0021 00000000 		.4byte	.Ldebug_line0
 493 0025 02       		.uleb128 0x2
 494 0026 01       		.byte	0x1
 495 0027 06       		.byte	0x6
 496 0028 DE020000 		.4byte	.LASF0
 497 002c 02       		.uleb128 0x2
 498 002d 01       		.byte	0x1
 499 002e 08       		.byte	0x8
 500 002f D3000000 		.4byte	.LASF1
 501 0033 02       		.uleb128 0x2
 502 0034 02       		.byte	0x2
 503 0035 05       		.byte	0x5
 504 0036 B6020000 		.4byte	.LASF2
 505 003a 02       		.uleb128 0x2
 506 003b 02       		.byte	0x2
 507 003c 07       		.byte	0x7
 508 003d 9D010000 		.4byte	.LASF3
 509 0041 03       		.uleb128 0x3
 510 0042 8D000000 		.4byte	.LASF9
 511 0046 02       		.byte	0x2
 512 0047 3F       		.byte	0x3f
 513 0048 4C000000 		.4byte	0x4c
 514 004c 02       		.uleb128 0x2
 515 004d 04       		.byte	0x4
 516 004e 05       		.byte	0x5
 517 004f D0020000 		.4byte	.LASF4
 518 0053 02       		.uleb128 0x2
 519 0054 04       		.byte	0x4
 520 0055 07       		.byte	0x7
 521 0056 8B010000 		.4byte	.LASF5
 522 005a 02       		.uleb128 0x2
 523 005b 08       		.byte	0x8
 524 005c 05       		.byte	0x5
 525 005d 70020000 		.4byte	.LASF6
 526 0061 02       		.uleb128 0x2
 527 0062 08       		.byte	0x8
 528 0063 07       		.byte	0x7
 529 0064 1C020000 		.4byte	.LASF7
 530 0068 04       		.uleb128 0x4
 531 0069 04       		.byte	0x4
 532 006a 05       		.byte	0x5
 533 006b 696E7400 		.ascii	"int\000"
 534 006f 02       		.uleb128 0x2
 535 0070 04       		.byte	0x4
 536 0071 07       		.byte	0x7
 537 0072 0F020000 		.4byte	.LASF8
 538 0076 03       		.uleb128 0x3
 539 0077 83010000 		.4byte	.LASF10
 540 007b 03       		.byte	0x3
 541 007c 2C       		.byte	0x2c
ARM GAS  C:\Users\laura\AppData\Local\Temp\ccBcCfvY.s 			page 14


 542 007d 41000000 		.4byte	0x41
 543 0081 05       		.uleb128 0x5
 544 0082 C0020000 		.4byte	.LASF11
 545 0086 04       		.byte	0x4
 546 0087 E801     		.2byte	0x1e8
 547 0089 2C000000 		.4byte	0x2c
 548 008d 05       		.uleb128 0x5
 549 008e FB010000 		.4byte	.LASF12
 550 0092 04       		.byte	0x4
 551 0093 E901     		.2byte	0x1e9
 552 0095 3A000000 		.4byte	0x3a
 553 0099 02       		.uleb128 0x2
 554 009a 04       		.byte	0x4
 555 009b 04       		.byte	0x4
 556 009c C3000000 		.4byte	.LASF13
 557 00a0 02       		.uleb128 0x2
 558 00a1 08       		.byte	0x8
 559 00a2 04       		.byte	0x4
 560 00a3 D1010000 		.4byte	.LASF14
 561 00a7 02       		.uleb128 0x2
 562 00a8 01       		.byte	0x1
 563 00a9 08       		.byte	0x8
 564 00aa 85020000 		.4byte	.LASF15
 565 00ae 02       		.uleb128 0x2
 566 00af 08       		.byte	0x8
 567 00b0 04       		.byte	0x4
 568 00b1 5B020000 		.4byte	.LASF16
 569 00b5 02       		.uleb128 0x2
 570 00b6 04       		.byte	0x4
 571 00b7 07       		.byte	0x7
 572 00b8 67020000 		.4byte	.LASF17
 573 00bc 06       		.uleb128 0x6
 574 00bd 9B020000 		.4byte	.LASF18
 575 00c1 01       		.byte	0x1
 576 00c2 72       		.byte	0x72
 577 00c3 00000000 		.4byte	.LFB64
 578 00c7 14000000 		.4byte	.LFE64-.LFB64
 579 00cb 01       		.uleb128 0x1
 580 00cc 9C       		.byte	0x9c
 581 00cd 06       		.uleb128 0x6
 582 00ce AB000000 		.4byte	.LASF19
 583 00d2 01       		.byte	0x1
 584 00d3 76       		.byte	0x76
 585 00d4 00000000 		.4byte	.LFB65
 586 00d8 10000000 		.4byte	.LFE65-.LFB65
 587 00dc 01       		.uleb128 0x1
 588 00dd 9C       		.byte	0x9c
 589 00de 06       		.uleb128 0x6
 590 00df B0010000 		.4byte	.LASF20
 591 00e3 01       		.byte	0x1
 592 00e4 7B       		.byte	0x7b
 593 00e5 00000000 		.4byte	.LFB66
 594 00e9 10000000 		.4byte	.LFE66-.LFB66
 595 00ed 01       		.uleb128 0x1
 596 00ee 9C       		.byte	0x9c
 597 00ef 07       		.uleb128 0x7
 598 00f0 E6010000 		.4byte	.LASF47
ARM GAS  C:\Users\laura\AppData\Local\Temp\ccBcCfvY.s 			page 15


 599 00f4 01       		.byte	0x1
 600 00f5 18       		.byte	0x18
 601 00f6 68000000 		.4byte	0x68
 602 00fa 00000000 		.4byte	.LFB63
 603 00fe C0010000 		.4byte	.LFE63-.LFB63
 604 0102 01       		.uleb128 0x1
 605 0103 9C       		.byte	0x9c
 606 0104 08040000 		.4byte	0x408
 607 0108 08       		.uleb128 0x8
 608 0109 0A000000 		.4byte	.LVL0
 609 010d 7F040000 		.4byte	0x47f
 610 0111 1F010000 		.4byte	0x11f
 611 0115 09       		.uleb128 0x9
 612 0116 01       		.uleb128 0x1
 613 0117 50       		.byte	0x50
 614 0118 05       		.uleb128 0x5
 615 0119 03       		.byte	0x3
 616 011a 00000000 		.4byte	Subir
 617 011e 00       		.byte	0
 618 011f 08       		.uleb128 0x8
 619 0120 10000000 		.4byte	.LVL1
 620 0124 8A040000 		.4byte	0x48a
 621 0128 36010000 		.4byte	0x136
 622 012c 09       		.uleb128 0x9
 623 012d 01       		.uleb128 0x1
 624 012e 50       		.byte	0x50
 625 012f 05       		.uleb128 0x5
 626 0130 03       		.byte	0x3
 627 0131 00000000 		.4byte	Bajar
 628 0135 00       		.byte	0
 629 0136 08       		.uleb128 0x8
 630 0137 16000000 		.4byte	.LVL2
 631 013b 95040000 		.4byte	0x495
 632 013f 4D010000 		.4byte	0x14d
 633 0143 09       		.uleb128 0x9
 634 0144 01       		.uleb128 0x1
 635 0145 50       		.byte	0x50
 636 0146 05       		.uleb128 0x5
 637 0147 03       		.byte	0x3
 638 0148 00000000 		.4byte	ISR_15S
 639 014c 00       		.byte	0
 640 014d 0A       		.uleb128 0xa
 641 014e 1A000000 		.4byte	.LVL3
 642 0152 A0040000 		.4byte	0x4a0
 643 0156 0A       		.uleb128 0xa
 644 0157 1E000000 		.4byte	.LVL4
 645 015b AB040000 		.4byte	0x4ab
 646 015f 08       		.uleb128 0x8
 647 0160 26000000 		.4byte	.LVL5
 648 0164 B6040000 		.4byte	0x4b6
 649 0168 77010000 		.4byte	0x177
 650 016c 09       		.uleb128 0x9
 651 016d 01       		.uleb128 0x1
 652 016e 50       		.byte	0x50
 653 016f 01       		.uleb128 0x1
 654 0170 30       		.byte	0x30
 655 0171 09       		.uleb128 0x9
ARM GAS  C:\Users\laura\AppData\Local\Temp\ccBcCfvY.s 			page 16


 656 0172 01       		.uleb128 0x1
 657 0173 51       		.byte	0x51
 658 0174 01       		.uleb128 0x1
 659 0175 30       		.byte	0x30
 660 0176 00       		.byte	0
 661 0177 08       		.uleb128 0x8
 662 0178 2C000000 		.4byte	.LVL6
 663 017c C1040000 		.4byte	0x4c1
 664 0180 8E010000 		.4byte	0x18e
 665 0184 09       		.uleb128 0x9
 666 0185 01       		.uleb128 0x1
 667 0186 50       		.byte	0x50
 668 0187 05       		.uleb128 0x5
 669 0188 03       		.byte	0x3
 670 0189 00000000 		.4byte	.LC0
 671 018d 00       		.byte	0
 672 018e 08       		.uleb128 0x8
 673 018f 34000000 		.4byte	.LVL7
 674 0193 B6040000 		.4byte	0x4b6
 675 0197 A6010000 		.4byte	0x1a6
 676 019b 09       		.uleb128 0x9
 677 019c 01       		.uleb128 0x1
 678 019d 50       		.byte	0x50
 679 019e 01       		.uleb128 0x1
 680 019f 30       		.byte	0x30
 681 01a0 09       		.uleb128 0x9
 682 01a1 01       		.uleb128 0x1
 683 01a2 51       		.byte	0x51
 684 01a3 01       		.uleb128 0x1
 685 01a4 3B       		.byte	0x3b
 686 01a5 00       		.byte	0
 687 01a6 0A       		.uleb128 0xa
 688 01a7 3C000000 		.4byte	.LVL8
 689 01ab CC040000 		.4byte	0x4cc
 690 01af 08       		.uleb128 0x8
 691 01b0 42000000 		.4byte	.LVL9
 692 01b4 D7040000 		.4byte	0x4d7
 693 01b8 C2010000 		.4byte	0x1c2
 694 01bc 09       		.uleb128 0x9
 695 01bd 01       		.uleb128 0x1
 696 01be 50       		.byte	0x50
 697 01bf 01       		.uleb128 0x1
 698 01c0 30       		.byte	0x30
 699 01c1 00       		.byte	0
 700 01c2 08       		.uleb128 0x8
 701 01c3 62000000 		.4byte	.LVL10
 702 01c7 D7040000 		.4byte	0x4d7
 703 01cb D5010000 		.4byte	0x1d5
 704 01cf 09       		.uleb128 0x9
 705 01d0 01       		.uleb128 0x1
 706 01d1 50       		.byte	0x50
 707 01d2 01       		.uleb128 0x1
 708 01d3 30       		.byte	0x30
 709 01d4 00       		.byte	0
 710 01d5 08       		.uleb128 0x8
 711 01d6 6A000000 		.4byte	.LVL11
 712 01da D7040000 		.4byte	0x4d7
ARM GAS  C:\Users\laura\AppData\Local\Temp\ccBcCfvY.s 			page 17


 713 01de E8010000 		.4byte	0x1e8
 714 01e2 09       		.uleb128 0x9
 715 01e3 01       		.uleb128 0x1
 716 01e4 50       		.byte	0x50
 717 01e5 01       		.uleb128 0x1
 718 01e6 31       		.byte	0x31
 719 01e7 00       		.byte	0
 720 01e8 08       		.uleb128 0x8
 721 01e9 72000000 		.4byte	.LVL12
 722 01ed B6040000 		.4byte	0x4b6
 723 01f1 00020000 		.4byte	0x200
 724 01f5 09       		.uleb128 0x9
 725 01f6 01       		.uleb128 0x1
 726 01f7 50       		.byte	0x50
 727 01f8 01       		.uleb128 0x1
 728 01f9 30       		.byte	0x30
 729 01fa 09       		.uleb128 0x9
 730 01fb 01       		.uleb128 0x1
 731 01fc 51       		.byte	0x51
 732 01fd 01       		.uleb128 0x1
 733 01fe 3B       		.byte	0x3b
 734 01ff 00       		.byte	0
 735 0200 0A       		.uleb128 0xa
 736 0201 7A000000 		.4byte	.LVL13
 737 0205 CC040000 		.4byte	0x4cc
 738 0209 0A       		.uleb128 0xa
 739 020a 7E000000 		.4byte	.LVL14
 740 020e E2040000 		.4byte	0x4e2
 741 0212 0A       		.uleb128 0xa
 742 0213 82000000 		.4byte	.LVL15
 743 0217 ED040000 		.4byte	0x4ed
 744 021b 08       		.uleb128 0x8
 745 021c A6000000 		.4byte	.LVL16
 746 0220 D7040000 		.4byte	0x4d7
 747 0224 2E020000 		.4byte	0x22e
 748 0228 09       		.uleb128 0x9
 749 0229 01       		.uleb128 0x1
 750 022a 50       		.byte	0x50
 751 022b 01       		.uleb128 0x1
 752 022c 30       		.byte	0x30
 753 022d 00       		.byte	0
 754 022e 08       		.uleb128 0x8
 755 022f AC000000 		.4byte	.LVL17
 756 0233 F8040000 		.4byte	0x4f8
 757 0237 41020000 		.4byte	0x241
 758 023b 09       		.uleb128 0x9
 759 023c 01       		.uleb128 0x1
 760 023d 50       		.byte	0x50
 761 023e 01       		.uleb128 0x1
 762 023f 31       		.byte	0x31
 763 0240 00       		.byte	0
 764 0241 08       		.uleb128 0x8
 765 0242 B4000000 		.4byte	.LVL18
 766 0246 B6040000 		.4byte	0x4b6
 767 024a 59020000 		.4byte	0x259
 768 024e 09       		.uleb128 0x9
 769 024f 01       		.uleb128 0x1
ARM GAS  C:\Users\laura\AppData\Local\Temp\ccBcCfvY.s 			page 18


 770 0250 50       		.byte	0x50
 771 0251 01       		.uleb128 0x1
 772 0252 30       		.byte	0x30
 773 0253 09       		.uleb128 0x9
 774 0254 01       		.uleb128 0x1
 775 0255 51       		.byte	0x51
 776 0256 01       		.uleb128 0x1
 777 0257 30       		.byte	0x30
 778 0258 00       		.byte	0
 779 0259 08       		.uleb128 0x8
 780 025a BA000000 		.4byte	.LVL19
 781 025e C1040000 		.4byte	0x4c1
 782 0262 70020000 		.4byte	0x270
 783 0266 09       		.uleb128 0x9
 784 0267 01       		.uleb128 0x1
 785 0268 50       		.byte	0x50
 786 0269 05       		.uleb128 0x5
 787 026a 03       		.byte	0x3
 788 026b 00000000 		.4byte	.LC0
 789 026f 00       		.byte	0
 790 0270 08       		.uleb128 0x8
 791 0271 C2000000 		.4byte	.LVL20
 792 0275 B6040000 		.4byte	0x4b6
 793 0279 88020000 		.4byte	0x288
 794 027d 09       		.uleb128 0x9
 795 027e 01       		.uleb128 0x1
 796 027f 50       		.byte	0x50
 797 0280 01       		.uleb128 0x1
 798 0281 30       		.byte	0x30
 799 0282 09       		.uleb128 0x9
 800 0283 01       		.uleb128 0x1
 801 0284 51       		.byte	0x51
 802 0285 01       		.uleb128 0x1
 803 0286 3B       		.byte	0x3b
 804 0287 00       		.byte	0
 805 0288 0A       		.uleb128 0xa
 806 0289 CA000000 		.4byte	.LVL21
 807 028d CC040000 		.4byte	0x4cc
 808 0291 08       		.uleb128 0x8
 809 0292 D2000000 		.4byte	.LVL22
 810 0296 B6040000 		.4byte	0x4b6
 811 029a A9020000 		.4byte	0x2a9
 812 029e 09       		.uleb128 0x9
 813 029f 01       		.uleb128 0x1
 814 02a0 50       		.byte	0x50
 815 02a1 01       		.uleb128 0x1
 816 02a2 33       		.byte	0x33
 817 02a3 09       		.uleb128 0x9
 818 02a4 01       		.uleb128 0x1
 819 02a5 51       		.byte	0x51
 820 02a6 01       		.uleb128 0x1
 821 02a7 30       		.byte	0x30
 822 02a8 00       		.byte	0
 823 02a9 0A       		.uleb128 0xa
 824 02aa D8000000 		.4byte	.LVL23
 825 02ae CC040000 		.4byte	0x4cc
 826 02b2 08       		.uleb128 0x8
ARM GAS  C:\Users\laura\AppData\Local\Temp\ccBcCfvY.s 			page 19


 827 02b3 E0000000 		.4byte	.LVL24
 828 02b7 D7040000 		.4byte	0x4d7
 829 02bb C5020000 		.4byte	0x2c5
 830 02bf 09       		.uleb128 0x9
 831 02c0 01       		.uleb128 0x1
 832 02c1 50       		.byte	0x50
 833 02c2 01       		.uleb128 0x1
 834 02c3 31       		.byte	0x31
 835 02c4 00       		.byte	0
 836 02c5 08       		.uleb128 0x8
 837 02c6 EE000000 		.4byte	.LVL25
 838 02ca D7040000 		.4byte	0x4d7
 839 02ce D8020000 		.4byte	0x2d8
 840 02d2 09       		.uleb128 0x9
 841 02d3 01       		.uleb128 0x1
 842 02d4 50       		.byte	0x50
 843 02d5 01       		.uleb128 0x1
 844 02d6 30       		.byte	0x30
 845 02d7 00       		.byte	0
 846 02d8 08       		.uleb128 0x8
 847 02d9 FC000000 		.4byte	.LVL26
 848 02dd B6040000 		.4byte	0x4b6
 849 02e1 F0020000 		.4byte	0x2f0
 850 02e5 09       		.uleb128 0x9
 851 02e6 01       		.uleb128 0x1
 852 02e7 50       		.byte	0x50
 853 02e8 01       		.uleb128 0x1
 854 02e9 30       		.byte	0x30
 855 02ea 09       		.uleb128 0x9
 856 02eb 01       		.uleb128 0x1
 857 02ec 51       		.byte	0x51
 858 02ed 01       		.uleb128 0x1
 859 02ee 3B       		.byte	0x3b
 860 02ef 00       		.byte	0
 861 02f0 0A       		.uleb128 0xa
 862 02f1 04010000 		.4byte	.LVL27
 863 02f5 CC040000 		.4byte	0x4cc
 864 02f9 0A       		.uleb128 0xa
 865 02fa 08010000 		.4byte	.LVL28
 866 02fe E2040000 		.4byte	0x4e2
 867 0302 0A       		.uleb128 0xa
 868 0303 0C010000 		.4byte	.LVL29
 869 0307 ED040000 		.4byte	0x4ed
 870 030b 08       		.uleb128 0x8
 871 030c 20010000 		.4byte	.LVL30
 872 0310 B6040000 		.4byte	0x4b6
 873 0314 23030000 		.4byte	0x323
 874 0318 09       		.uleb128 0x9
 875 0319 01       		.uleb128 0x1
 876 031a 50       		.byte	0x50
 877 031b 01       		.uleb128 0x1
 878 031c 31       		.byte	0x31
 879 031d 09       		.uleb128 0x9
 880 031e 01       		.uleb128 0x1
 881 031f 51       		.byte	0x51
 882 0320 01       		.uleb128 0x1
 883 0321 30       		.byte	0x30
ARM GAS  C:\Users\laura\AppData\Local\Temp\ccBcCfvY.s 			page 20


 884 0322 00       		.byte	0
 885 0323 08       		.uleb128 0x8
 886 0324 26010000 		.4byte	.LVL31
 887 0328 C1040000 		.4byte	0x4c1
 888 032c 3A030000 		.4byte	0x33a
 889 0330 09       		.uleb128 0x9
 890 0331 01       		.uleb128 0x1
 891 0332 50       		.byte	0x50
 892 0333 05       		.uleb128 0x5
 893 0334 03       		.byte	0x3
 894 0335 0C000000 		.4byte	.LC1
 895 0339 00       		.byte	0
 896 033a 08       		.uleb128 0x8
 897 033b 3E010000 		.4byte	.LVL32
 898 033f B6040000 		.4byte	0x4b6
 899 0343 52030000 		.4byte	0x352
 900 0347 09       		.uleb128 0x9
 901 0348 01       		.uleb128 0x1
 902 0349 50       		.byte	0x50
 903 034a 01       		.uleb128 0x1
 904 034b 33       		.byte	0x33
 905 034c 09       		.uleb128 0x9
 906 034d 01       		.uleb128 0x1
 907 034e 51       		.byte	0x51
 908 034f 01       		.uleb128 0x1
 909 0350 30       		.byte	0x30
 910 0351 00       		.byte	0
 911 0352 0A       		.uleb128 0xa
 912 0353 44010000 		.4byte	.LVL33
 913 0357 CC040000 		.4byte	0x4cc
 914 035b 08       		.uleb128 0x8
 915 035c 6A010000 		.4byte	.LVL34
 916 0360 F8040000 		.4byte	0x4f8
 917 0364 6E030000 		.4byte	0x36e
 918 0368 09       		.uleb128 0x9
 919 0369 01       		.uleb128 0x1
 920 036a 50       		.byte	0x50
 921 036b 01       		.uleb128 0x1
 922 036c 31       		.byte	0x31
 923 036d 00       		.byte	0
 924 036e 08       		.uleb128 0x8
 925 036f 72010000 		.4byte	.LVL35
 926 0373 B6040000 		.4byte	0x4b6
 927 0377 88030000 		.4byte	0x388
 928 037b 09       		.uleb128 0x9
 929 037c 01       		.uleb128 0x1
 930 037d 50       		.byte	0x50
 931 037e 02       		.uleb128 0x2
 932 037f 74       		.byte	0x74
 933 0380 00       		.sleb128 0
 934 0381 09       		.uleb128 0x9
 935 0382 01       		.uleb128 0x1
 936 0383 51       		.byte	0x51
 937 0384 02       		.uleb128 0x2
 938 0385 74       		.byte	0x74
 939 0386 00       		.sleb128 0
 940 0387 00       		.byte	0
ARM GAS  C:\Users\laura\AppData\Local\Temp\ccBcCfvY.s 			page 21


 941 0388 08       		.uleb128 0x8
 942 0389 78010000 		.4byte	.LVL36
 943 038d C1040000 		.4byte	0x4c1
 944 0391 9F030000 		.4byte	0x39f
 945 0395 09       		.uleb128 0x9
 946 0396 01       		.uleb128 0x1
 947 0397 50       		.byte	0x50
 948 0398 05       		.uleb128 0x5
 949 0399 03       		.byte	0x3
 950 039a 00000000 		.4byte	.LC0
 951 039e 00       		.byte	0
 952 039f 08       		.uleb128 0x8
 953 03a0 80010000 		.4byte	.LVL37
 954 03a4 B6040000 		.4byte	0x4b6
 955 03a8 B8030000 		.4byte	0x3b8
 956 03ac 09       		.uleb128 0x9
 957 03ad 01       		.uleb128 0x1
 958 03ae 50       		.byte	0x50
 959 03af 02       		.uleb128 0x2
 960 03b0 74       		.byte	0x74
 961 03b1 00       		.sleb128 0
 962 03b2 09       		.uleb128 0x9
 963 03b3 01       		.uleb128 0x1
 964 03b4 51       		.byte	0x51
 965 03b5 01       		.uleb128 0x1
 966 03b6 3B       		.byte	0x3b
 967 03b7 00       		.byte	0
 968 03b8 0A       		.uleb128 0xa
 969 03b9 86010000 		.4byte	.LVL38
 970 03bd CC040000 		.4byte	0x4cc
 971 03c1 08       		.uleb128 0x8
 972 03c2 8E010000 		.4byte	.LVL39
 973 03c6 B6040000 		.4byte	0x4b6
 974 03ca DA030000 		.4byte	0x3da
 975 03ce 09       		.uleb128 0x9
 976 03cf 01       		.uleb128 0x1
 977 03d0 50       		.byte	0x50
 978 03d1 01       		.uleb128 0x1
 979 03d2 33       		.byte	0x33
 980 03d3 09       		.uleb128 0x9
 981 03d4 01       		.uleb128 0x1
 982 03d5 51       		.byte	0x51
 983 03d6 02       		.uleb128 0x2
 984 03d7 74       		.byte	0x74
 985 03d8 00       		.sleb128 0
 986 03d9 00       		.byte	0
 987 03da 0A       		.uleb128 0xa
 988 03db 94010000 		.4byte	.LVL40
 989 03df CC040000 		.4byte	0x4cc
 990 03e3 0A       		.uleb128 0xa
 991 03e4 98010000 		.4byte	.LVL41
 992 03e8 03050000 		.4byte	0x503
 993 03ec 0A       		.uleb128 0xa
 994 03ed 9C010000 		.4byte	.LVL42
 995 03f1 0E050000 		.4byte	0x50e
 996 03f5 0A       		.uleb128 0xa
 997 03f6 A0010000 		.4byte	.LVL43
ARM GAS  C:\Users\laura\AppData\Local\Temp\ccBcCfvY.s 			page 22


 998 03fa 19050000 		.4byte	0x519
 999 03fe 0A       		.uleb128 0xa
 1000 03ff A4010000 		.4byte	.LVL44
 1001 0403 24050000 		.4byte	0x524
 1002 0407 00       		.byte	0
 1003 0408 0B       		.uleb128 0xb
 1004 0409 02020000 		.4byte	.LASF21
 1005 040d 05       		.byte	0x5
 1006 040e 1207     		.2byte	0x712
 1007 0410 14040000 		.4byte	0x414
 1008 0414 0C       		.uleb128 0xc
 1009 0415 76000000 		.4byte	0x76
 1010 0419 0D       		.uleb128 0xd
 1011 041a 7D010000 		.4byte	.LASF22
 1012 041e 01       		.byte	0x1
 1013 041f 10       		.byte	0x10
 1014 0420 81000000 		.4byte	0x81
 1015 0424 05       		.uleb128 0x5
 1016 0425 03       		.byte	0x3
 1017 0426 00000000 		.4byte	timer
 1018 042a 0D       		.uleb128 0xd
 1019 042b 97000000 		.4byte	.LASF23
 1020 042f 01       		.byte	0x1
 1021 0430 11       		.byte	0x11
 1022 0431 81000000 		.4byte	0x81
 1023 0435 05       		.uleb128 0x5
 1024 0436 03       		.byte	0x3
 1025 0437 00000000 		.4byte	timer2
 1026 043b 0D       		.uleb128 0xd
 1027 043c D9020000 		.4byte	.LASF24
 1028 0440 01       		.byte	0x1
 1029 0441 12       		.byte	0x12
 1030 0442 8D000000 		.4byte	0x8d
 1031 0446 05       		.uleb128 0x5
 1032 0447 03       		.byte	0x3
 1033 0448 00000000 		.4byte	cont
 1034 044c 0D       		.uleb128 0xd
 1035 044d EA020000 		.4byte	.LASF25
 1036 0451 01       		.byte	0x1
 1037 0452 13       		.byte	0x13
 1038 0453 81000000 		.4byte	0x81
 1039 0457 05       		.uleb128 0x5
 1040 0458 03       		.byte	0x3
 1041 0459 00000000 		.4byte	subiendo
 1042 045d 0D       		.uleb128 0xd
 1043 045e 53020000 		.4byte	.LASF26
 1044 0462 01       		.byte	0x1
 1045 0463 14       		.byte	0x14
 1046 0464 81000000 		.4byte	0x81
 1047 0468 05       		.uleb128 0x5
 1048 0469 03       		.byte	0x3
 1049 046a 00000000 		.4byte	bajando
 1050 046e 0D       		.uleb128 0xd
 1051 046f C6020000 		.4byte	.LASF27
 1052 0473 01       		.byte	0x1
 1053 0474 15       		.byte	0x15
 1054 0475 81000000 		.4byte	0x81
ARM GAS  C:\Users\laura\AppData\Local\Temp\ccBcCfvY.s 			page 23


 1055 0479 05       		.uleb128 0x5
 1056 047a 03       		.byte	0x3
 1057 047b 00000000 		.4byte	pasajeros
 1058 047f 0E       		.uleb128 0xe
 1059 0480 F3020000 		.4byte	.LASF28
 1060 0484 F3020000 		.4byte	.LASF28
 1061 0488 06       		.byte	0x6
 1062 0489 18       		.byte	0x18
 1063 048a 0E       		.uleb128 0xe
 1064 048b 6F010000 		.4byte	.LASF29
 1065 048f 6F010000 		.4byte	.LASF29
 1066 0493 07       		.byte	0x7
 1067 0494 18       		.byte	0x18
 1068 0495 0E       		.uleb128 0xe
 1069 0496 B1000000 		.4byte	.LASF30
 1070 049a B1000000 		.4byte	.LASF30
 1071 049e 08       		.byte	0x8
 1072 049f 18       		.byte	0x18
 1073 04a0 0E       		.uleb128 0xe
 1074 04a1 C9000000 		.4byte	.LASF31
 1075 04a5 C9000000 		.4byte	.LASF31
 1076 04a9 09       		.byte	0x9
 1077 04aa 38       		.byte	0x38
 1078 04ab 0E       		.uleb128 0xe
 1079 04ac C3010000 		.4byte	.LASF32
 1080 04b0 C3010000 		.4byte	.LASF32
 1081 04b4 0A       		.byte	0xa
 1082 04b5 4F       		.byte	0x4f
 1083 04b6 0E       		.uleb128 0xe
 1084 04b7 33020000 		.4byte	.LASF33
 1085 04bb 33020000 		.4byte	.LASF33
 1086 04bf 09       		.byte	0x9
 1087 04c0 3D       		.byte	0x3d
 1088 04c1 0E       		.uleb128 0xe
 1089 04c2 EB010000 		.4byte	.LASF34
 1090 04c6 EB010000 		.4byte	.LASF34
 1091 04ca 09       		.byte	0x9
 1092 04cb 3C       		.byte	0x3c
 1093 04cc 0E       		.uleb128 0xe
 1094 04cd 40020000 		.4byte	.LASF35
 1095 04d1 40020000 		.4byte	.LASF35
 1096 04d5 09       		.byte	0x9
 1097 04d6 61       		.byte	0x61
 1098 04d7 0E       		.uleb128 0xe
 1099 04d8 75000000 		.4byte	.LASF36
 1100 04dc 75000000 		.4byte	.LASF36
 1101 04e0 0B       		.byte	0xb
 1102 04e1 26       		.byte	0x26
 1103 04e2 0E       		.uleb128 0xe
 1104 04e3 7F000000 		.4byte	.LASF37
 1105 04e7 7F000000 		.4byte	.LASF37
 1106 04eb 06       		.byte	0x6
 1107 04ec 25       		.byte	0x25
 1108 04ed 0E       		.uleb128 0xe
 1109 04ee D8010000 		.4byte	.LASF38
 1110 04f2 D8010000 		.4byte	.LASF38
 1111 04f6 07       		.byte	0x7
ARM GAS  C:\Users\laura\AppData\Local\Temp\ccBcCfvY.s 			page 24


 1112 04f7 25       		.byte	0x25
 1113 04f8 0E       		.uleb128 0xe
 1114 04f9 8A020000 		.4byte	.LASF39
 1115 04fd 8A020000 		.4byte	.LASF39
 1116 0501 09       		.byte	0x9
 1117 0502 3A       		.byte	0x3a
 1118 0503 0E       		.uleb128 0xe
 1119 0504 00000000 		.4byte	.LASF40
 1120 0508 00000000 		.4byte	.LASF40
 1121 050c 06       		.byte	0x6
 1122 050d 28       		.byte	0x28
 1123 050e 0E       		.uleb128 0xe
 1124 050f A3020000 		.4byte	.LASF41
 1125 0513 A3020000 		.4byte	.LASF41
 1126 0517 07       		.byte	0x7
 1127 0518 28       		.byte	0x28
 1128 0519 0E       		.uleb128 0xe
 1129 051a B6010000 		.4byte	.LASF42
 1130 051e B6010000 		.4byte	.LASF42
 1131 0522 06       		.byte	0x6
 1132 0523 23       		.byte	0x23
 1133 0524 0E       		.uleb128 0xe
 1134 0525 9E000000 		.4byte	.LASF43
 1135 0529 9E000000 		.4byte	.LASF43
 1136 052d 07       		.byte	0x7
 1137 052e 23       		.byte	0x23
 1138 052f 00       		.byte	0
 1139              		.section	.debug_abbrev,"",%progbits
 1140              	.Ldebug_abbrev0:
 1141 0000 01       		.uleb128 0x1
 1142 0001 11       		.uleb128 0x11
 1143 0002 01       		.byte	0x1
 1144 0003 25       		.uleb128 0x25
 1145 0004 0E       		.uleb128 0xe
 1146 0005 13       		.uleb128 0x13
 1147 0006 0B       		.uleb128 0xb
 1148 0007 03       		.uleb128 0x3
 1149 0008 0E       		.uleb128 0xe
 1150 0009 1B       		.uleb128 0x1b
 1151 000a 0E       		.uleb128 0xe
 1152 000b 55       		.uleb128 0x55
 1153 000c 17       		.uleb128 0x17
 1154 000d 11       		.uleb128 0x11
 1155 000e 01       		.uleb128 0x1
 1156 000f 10       		.uleb128 0x10
 1157 0010 17       		.uleb128 0x17
 1158 0011 00       		.byte	0
 1159 0012 00       		.byte	0
 1160 0013 02       		.uleb128 0x2
 1161 0014 24       		.uleb128 0x24
 1162 0015 00       		.byte	0
 1163 0016 0B       		.uleb128 0xb
 1164 0017 0B       		.uleb128 0xb
 1165 0018 3E       		.uleb128 0x3e
 1166 0019 0B       		.uleb128 0xb
 1167 001a 03       		.uleb128 0x3
 1168 001b 0E       		.uleb128 0xe
ARM GAS  C:\Users\laura\AppData\Local\Temp\ccBcCfvY.s 			page 25


 1169 001c 00       		.byte	0
 1170 001d 00       		.byte	0
 1171 001e 03       		.uleb128 0x3
 1172 001f 16       		.uleb128 0x16
 1173 0020 00       		.byte	0
 1174 0021 03       		.uleb128 0x3
 1175 0022 0E       		.uleb128 0xe
 1176 0023 3A       		.uleb128 0x3a
 1177 0024 0B       		.uleb128 0xb
 1178 0025 3B       		.uleb128 0x3b
 1179 0026 0B       		.uleb128 0xb
 1180 0027 49       		.uleb128 0x49
 1181 0028 13       		.uleb128 0x13
 1182 0029 00       		.byte	0
 1183 002a 00       		.byte	0
 1184 002b 04       		.uleb128 0x4
 1185 002c 24       		.uleb128 0x24
 1186 002d 00       		.byte	0
 1187 002e 0B       		.uleb128 0xb
 1188 002f 0B       		.uleb128 0xb
 1189 0030 3E       		.uleb128 0x3e
 1190 0031 0B       		.uleb128 0xb
 1191 0032 03       		.uleb128 0x3
 1192 0033 08       		.uleb128 0x8
 1193 0034 00       		.byte	0
 1194 0035 00       		.byte	0
 1195 0036 05       		.uleb128 0x5
 1196 0037 16       		.uleb128 0x16
 1197 0038 00       		.byte	0
 1198 0039 03       		.uleb128 0x3
 1199 003a 0E       		.uleb128 0xe
 1200 003b 3A       		.uleb128 0x3a
 1201 003c 0B       		.uleb128 0xb
 1202 003d 3B       		.uleb128 0x3b
 1203 003e 05       		.uleb128 0x5
 1204 003f 49       		.uleb128 0x49
 1205 0040 13       		.uleb128 0x13
 1206 0041 00       		.byte	0
 1207 0042 00       		.byte	0
 1208 0043 06       		.uleb128 0x6
 1209 0044 2E       		.uleb128 0x2e
 1210 0045 00       		.byte	0
 1211 0046 3F       		.uleb128 0x3f
 1212 0047 19       		.uleb128 0x19
 1213 0048 03       		.uleb128 0x3
 1214 0049 0E       		.uleb128 0xe
 1215 004a 3A       		.uleb128 0x3a
 1216 004b 0B       		.uleb128 0xb
 1217 004c 3B       		.uleb128 0x3b
 1218 004d 0B       		.uleb128 0xb
 1219 004e 27       		.uleb128 0x27
 1220 004f 19       		.uleb128 0x19
 1221 0050 11       		.uleb128 0x11
 1222 0051 01       		.uleb128 0x1
 1223 0052 12       		.uleb128 0x12
 1224 0053 06       		.uleb128 0x6
 1225 0054 40       		.uleb128 0x40
ARM GAS  C:\Users\laura\AppData\Local\Temp\ccBcCfvY.s 			page 26


 1226 0055 18       		.uleb128 0x18
 1227 0056 9742     		.uleb128 0x2117
 1228 0058 19       		.uleb128 0x19
 1229 0059 00       		.byte	0
 1230 005a 00       		.byte	0
 1231 005b 07       		.uleb128 0x7
 1232 005c 2E       		.uleb128 0x2e
 1233 005d 01       		.byte	0x1
 1234 005e 3F       		.uleb128 0x3f
 1235 005f 19       		.uleb128 0x19
 1236 0060 03       		.uleb128 0x3
 1237 0061 0E       		.uleb128 0xe
 1238 0062 3A       		.uleb128 0x3a
 1239 0063 0B       		.uleb128 0xb
 1240 0064 3B       		.uleb128 0x3b
 1241 0065 0B       		.uleb128 0xb
 1242 0066 27       		.uleb128 0x27
 1243 0067 19       		.uleb128 0x19
 1244 0068 49       		.uleb128 0x49
 1245 0069 13       		.uleb128 0x13
 1246 006a 8701     		.uleb128 0x87
 1247 006c 19       		.uleb128 0x19
 1248 006d 11       		.uleb128 0x11
 1249 006e 01       		.uleb128 0x1
 1250 006f 12       		.uleb128 0x12
 1251 0070 06       		.uleb128 0x6
 1252 0071 40       		.uleb128 0x40
 1253 0072 18       		.uleb128 0x18
 1254 0073 9742     		.uleb128 0x2117
 1255 0075 19       		.uleb128 0x19
 1256 0076 01       		.uleb128 0x1
 1257 0077 13       		.uleb128 0x13
 1258 0078 00       		.byte	0
 1259 0079 00       		.byte	0
 1260 007a 08       		.uleb128 0x8
 1261 007b 898201   		.uleb128 0x4109
 1262 007e 01       		.byte	0x1
 1263 007f 11       		.uleb128 0x11
 1264 0080 01       		.uleb128 0x1
 1265 0081 31       		.uleb128 0x31
 1266 0082 13       		.uleb128 0x13
 1267 0083 01       		.uleb128 0x1
 1268 0084 13       		.uleb128 0x13
 1269 0085 00       		.byte	0
 1270 0086 00       		.byte	0
 1271 0087 09       		.uleb128 0x9
 1272 0088 8A8201   		.uleb128 0x410a
 1273 008b 00       		.byte	0
 1274 008c 02       		.uleb128 0x2
 1275 008d 18       		.uleb128 0x18
 1276 008e 9142     		.uleb128 0x2111
 1277 0090 18       		.uleb128 0x18
 1278 0091 00       		.byte	0
 1279 0092 00       		.byte	0
 1280 0093 0A       		.uleb128 0xa
 1281 0094 898201   		.uleb128 0x4109
 1282 0097 00       		.byte	0
ARM GAS  C:\Users\laura\AppData\Local\Temp\ccBcCfvY.s 			page 27


 1283 0098 11       		.uleb128 0x11
 1284 0099 01       		.uleb128 0x1
 1285 009a 31       		.uleb128 0x31
 1286 009b 13       		.uleb128 0x13
 1287 009c 00       		.byte	0
 1288 009d 00       		.byte	0
 1289 009e 0B       		.uleb128 0xb
 1290 009f 34       		.uleb128 0x34
 1291 00a0 00       		.byte	0
 1292 00a1 03       		.uleb128 0x3
 1293 00a2 0E       		.uleb128 0xe
 1294 00a3 3A       		.uleb128 0x3a
 1295 00a4 0B       		.uleb128 0xb
 1296 00a5 3B       		.uleb128 0x3b
 1297 00a6 05       		.uleb128 0x5
 1298 00a7 49       		.uleb128 0x49
 1299 00a8 13       		.uleb128 0x13
 1300 00a9 3F       		.uleb128 0x3f
 1301 00aa 19       		.uleb128 0x19
 1302 00ab 3C       		.uleb128 0x3c
 1303 00ac 19       		.uleb128 0x19
 1304 00ad 00       		.byte	0
 1305 00ae 00       		.byte	0
 1306 00af 0C       		.uleb128 0xc
 1307 00b0 35       		.uleb128 0x35
 1308 00b1 00       		.byte	0
 1309 00b2 49       		.uleb128 0x49
 1310 00b3 13       		.uleb128 0x13
 1311 00b4 00       		.byte	0
 1312 00b5 00       		.byte	0
 1313 00b6 0D       		.uleb128 0xd
 1314 00b7 34       		.uleb128 0x34
 1315 00b8 00       		.byte	0
 1316 00b9 03       		.uleb128 0x3
 1317 00ba 0E       		.uleb128 0xe
 1318 00bb 3A       		.uleb128 0x3a
 1319 00bc 0B       		.uleb128 0xb
 1320 00bd 3B       		.uleb128 0x3b
 1321 00be 0B       		.uleb128 0xb
 1322 00bf 49       		.uleb128 0x49
 1323 00c0 13       		.uleb128 0x13
 1324 00c1 3F       		.uleb128 0x3f
 1325 00c2 19       		.uleb128 0x19
 1326 00c3 02       		.uleb128 0x2
 1327 00c4 18       		.uleb128 0x18
 1328 00c5 00       		.byte	0
 1329 00c6 00       		.byte	0
 1330 00c7 0E       		.uleb128 0xe
 1331 00c8 2E       		.uleb128 0x2e
 1332 00c9 00       		.byte	0
 1333 00ca 3F       		.uleb128 0x3f
 1334 00cb 19       		.uleb128 0x19
 1335 00cc 3C       		.uleb128 0x3c
 1336 00cd 19       		.uleb128 0x19
 1337 00ce 6E       		.uleb128 0x6e
 1338 00cf 0E       		.uleb128 0xe
 1339 00d0 03       		.uleb128 0x3
ARM GAS  C:\Users\laura\AppData\Local\Temp\ccBcCfvY.s 			page 28


 1340 00d1 0E       		.uleb128 0xe
 1341 00d2 3A       		.uleb128 0x3a
 1342 00d3 0B       		.uleb128 0xb
 1343 00d4 3B       		.uleb128 0x3b
 1344 00d5 0B       		.uleb128 0xb
 1345 00d6 00       		.byte	0
 1346 00d7 00       		.byte	0
 1347 00d8 00       		.byte	0
 1348              		.section	.debug_aranges,"",%progbits
 1349 0000 34000000 		.4byte	0x34
 1350 0004 0200     		.2byte	0x2
 1351 0006 00000000 		.4byte	.Ldebug_info0
 1352 000a 04       		.byte	0x4
 1353 000b 00       		.byte	0
 1354 000c 0000     		.2byte	0
 1355 000e 0000     		.2byte	0
 1356 0010 00000000 		.4byte	.LFB64
 1357 0014 14000000 		.4byte	.LFE64-.LFB64
 1358 0018 00000000 		.4byte	.LFB65
 1359 001c 10000000 		.4byte	.LFE65-.LFB65
 1360 0020 00000000 		.4byte	.LFB66
 1361 0024 10000000 		.4byte	.LFE66-.LFB66
 1362 0028 00000000 		.4byte	.LFB63
 1363 002c C0010000 		.4byte	.LFE63-.LFB63
 1364 0030 00000000 		.4byte	0
 1365 0034 00000000 		.4byte	0
 1366              		.section	.debug_ranges,"",%progbits
 1367              	.Ldebug_ranges0:
 1368 0000 00000000 		.4byte	.LFB64
 1369 0004 14000000 		.4byte	.LFE64
 1370 0008 00000000 		.4byte	.LFB65
 1371 000c 10000000 		.4byte	.LFE65
 1372 0010 00000000 		.4byte	.LFB66
 1373 0014 10000000 		.4byte	.LFE66
 1374 0018 00000000 		.4byte	.LFB63
 1375 001c C0010000 		.4byte	.LFE63
 1376 0020 00000000 		.4byte	0
 1377 0024 00000000 		.4byte	0
 1378              		.section	.debug_line,"",%progbits
 1379              	.Ldebug_line0:
 1380 0000 2A020000 		.section	.debug_str,"MS",%progbits,1
 1380      02009001 
 1380      00000201 
 1380      FB0E0D00 
 1380      01010101 
 1381              	.LASF40:
 1382 0000 6973725F 		.ascii	"isr_1_ClearPending\000"
 1382      315F436C 
 1382      65617250 
 1382      656E6469 
 1382      6E6700
 1383              	.LASF46:
 1384 0013 433A5C55 		.ascii	"C:\\Users\\laura\\OneDrive\\Documents\\SEMESTRE 202"
 1384      73657273 
 1384      5C6C6175 
 1384      72615C4F 
 1384      6E654472 
ARM GAS  C:\Users\laura\AppData\Local\Temp\ccBcCfvY.s 			page 29


 1385 0041 312D315C 		.ascii	"1-1\\SENSORES\\Practica_2\\Practica_2\\Practica_2.c"
 1385      53454E53 
 1385      4F524553 
 1385      5C507261 
 1385      63746963 
 1386 0070 7964736E 		.ascii	"ydsn\000"
 1386      00
 1387              	.LASF36:
 1388 0075 4C45445F 		.ascii	"LED_Write\000"
 1388      57726974 
 1388      6500
 1389              	.LASF37:
 1390 007f 6973725F 		.ascii	"isr_1_Disable\000"
 1390      315F4469 
 1390      7361626C 
 1390      6500
 1391              	.LASF9:
 1392 008d 5F5F696E 		.ascii	"__int32_t\000"
 1392      7433325F 
 1392      7400
 1393              	.LASF23:
 1394 0097 74696D65 		.ascii	"timer2\000"
 1394      723200
 1395              	.LASF43:
 1396 009e 6973725F 		.ascii	"isr_2_Enable\000"
 1396      325F456E 
 1396      61626C65 
 1396      00
 1397              	.LASF19:
 1398 00ab 53756269 		.ascii	"Subir\000"
 1398      7200
 1399              	.LASF30:
 1400 00b1 6973725F 		.ascii	"isr_timer_StartEx\000"
 1400      74696D65 
 1400      725F5374 
 1400      61727445 
 1400      7800
 1401              	.LASF13:
 1402 00c3 666C6F61 		.ascii	"float\000"
 1402      7400
 1403              	.LASF31:
 1404 00c9 4C43445F 		.ascii	"LCD_Start\000"
 1404      53746172 
 1404      7400
 1405              	.LASF1:
 1406 00d3 756E7369 		.ascii	"unsigned char\000"
 1406      676E6564 
 1406      20636861 
 1406      7200
 1407              	.LASF44:
 1408 00e1 474E5520 		.ascii	"GNU C11 5.4.1 20160609 (release) [ARM/embedded-5-br"
 1408      43313120 
 1408      352E342E 
 1408      31203230 
 1408      31363036 
 1409 0114 616E6368 		.ascii	"anch revision 237715] -mcpu=cortex-m3 -mthumb -g -O"
 1409      20726576 
ARM GAS  C:\Users\laura\AppData\Local\Temp\ccBcCfvY.s 			page 30


 1409      6973696F 
 1409      6E203233 
 1409      37373135 
 1410 0147 67202D66 		.ascii	"g -ffunction-sections -ffat-lto-objects\000"
 1410      66756E63 
 1410      74696F6E 
 1410      2D736563 
 1410      74696F6E 
 1411              	.LASF29:
 1412 016f 6973725F 		.ascii	"isr_2_StartEx\000"
 1412      325F5374 
 1412      61727445 
 1412      7800
 1413              	.LASF22:
 1414 017d 74696D65 		.ascii	"timer\000"
 1414      7200
 1415              	.LASF10:
 1416 0183 696E7433 		.ascii	"int32_t\000"
 1416      325F7400 
 1417              	.LASF5:
 1418 018b 6C6F6E67 		.ascii	"long unsigned int\000"
 1418      20756E73 
 1418      69676E65 
 1418      6420696E 
 1418      7400
 1419              	.LASF3:
 1420 019d 73686F72 		.ascii	"short unsigned int\000"
 1420      7420756E 
 1420      7369676E 
 1420      65642069 
 1420      6E7400
 1421              	.LASF20:
 1422 01b0 42616A61 		.ascii	"Bajar\000"
 1422      7200
 1423              	.LASF42:
 1424 01b6 6973725F 		.ascii	"isr_1_Enable\000"
 1424      315F456E 
 1424      61626C65 
 1424      00
 1425              	.LASF32:
 1426 01c3 436F756E 		.ascii	"Counter_Start\000"
 1426      7465725F 
 1426      53746172 
 1426      7400
 1427              	.LASF14:
 1428 01d1 646F7562 		.ascii	"double\000"
 1428      6C6500
 1429              	.LASF38:
 1430 01d8 6973725F 		.ascii	"isr_2_Disable\000"
 1430      325F4469 
 1430      7361626C 
 1430      6500
 1431              	.LASF47:
 1432 01e6 6D61696E 		.ascii	"main\000"
 1432      00
 1433              	.LASF34:
 1434 01eb 4C43445F 		.ascii	"LCD_PrintString\000"
ARM GAS  C:\Users\laura\AppData\Local\Temp\ccBcCfvY.s 			page 31


 1434      5072696E 
 1434      74537472 
 1434      696E6700 
 1435              	.LASF12:
 1436 01fb 75696E74 		.ascii	"uint16\000"
 1436      313600
 1437              	.LASF21:
 1438 0202 49544D5F 		.ascii	"ITM_RxBuffer\000"
 1438      52784275 
 1438      66666572 
 1438      00
 1439              	.LASF8:
 1440 020f 756E7369 		.ascii	"unsigned int\000"
 1440      676E6564 
 1440      20696E74 
 1440      00
 1441              	.LASF7:
 1442 021c 6C6F6E67 		.ascii	"long long unsigned int\000"
 1442      206C6F6E 
 1442      6720756E 
 1442      7369676E 
 1442      65642069 
 1443              	.LASF33:
 1444 0233 4C43445F 		.ascii	"LCD_Position\000"
 1444      506F7369 
 1444      74696F6E 
 1444      00
 1445              	.LASF35:
 1446 0240 4C43445F 		.ascii	"LCD_PrintU32Number\000"
 1446      5072696E 
 1446      74553332 
 1446      4E756D62 
 1446      657200
 1447              	.LASF26:
 1448 0253 62616A61 		.ascii	"bajando\000"
 1448      6E646F00 
 1449              	.LASF16:
 1450 025b 6C6F6E67 		.ascii	"long double\000"
 1450      20646F75 
 1450      626C6500 
 1451              	.LASF17:
 1452 0267 73697A65 		.ascii	"sizetype\000"
 1452      74797065 
 1452      00
 1453              	.LASF6:
 1454 0270 6C6F6E67 		.ascii	"long long int\000"
 1454      206C6F6E 
 1454      6720696E 
 1454      7400
 1455              	.LASF45:
 1456 027e 6D61696E 		.ascii	"main.c\000"
 1456      2E6300
 1457              	.LASF15:
 1458 0285 63686172 		.ascii	"char\000"
 1458      00
 1459              	.LASF39:
 1460 028a 4C43445F 		.ascii	"LCD_WriteControl\000"
ARM GAS  C:\Users\laura\AppData\Local\Temp\ccBcCfvY.s 			page 32


 1460      57726974 
 1460      65436F6E 
 1460      74726F6C 
 1460      00
 1461              	.LASF18:
 1462 029b 4953525F 		.ascii	"ISR_15S\000"
 1462      31355300 
 1463              	.LASF41:
 1464 02a3 6973725F 		.ascii	"isr_2_ClearPending\000"
 1464      325F436C 
 1464      65617250 
 1464      656E6469 
 1464      6E6700
 1465              	.LASF2:
 1466 02b6 73686F72 		.ascii	"short int\000"
 1466      7420696E 
 1466      7400
 1467              	.LASF11:
 1468 02c0 75696E74 		.ascii	"uint8\000"
 1468      3800
 1469              	.LASF27:
 1470 02c6 70617361 		.ascii	"pasajeros\000"
 1470      6A65726F 
 1470      7300
 1471              	.LASF4:
 1472 02d0 6C6F6E67 		.ascii	"long int\000"
 1472      20696E74 
 1472      00
 1473              	.LASF24:
 1474 02d9 636F6E74 		.ascii	"cont\000"
 1474      00
 1475              	.LASF0:
 1476 02de 7369676E 		.ascii	"signed char\000"
 1476      65642063 
 1476      68617200 
 1477              	.LASF25:
 1478 02ea 73756269 		.ascii	"subiendo\000"
 1478      656E646F 
 1478      00
 1479              	.LASF28:
 1480 02f3 6973725F 		.ascii	"isr_1_StartEx\000"
 1480      315F5374 
 1480      61727445 
 1480      7800
 1481              		.ident	"GCC: (GNU Tools for ARM Embedded Processors) 5.4.1 20160609 (release) [ARM/embedded-5-bran
