ARM GAS  C:\Users\laura\AppData\Local\Temp\cc1eKTf6.s 			page 1


   1              		.syntax unified
   2              		.cpu cortex-m3
   3              		.fpu softvfp
   4              		.eabi_attribute 20, 1
   5              		.eabi_attribute 21, 1
   6              		.eabi_attribute 23, 3
   7              		.eabi_attribute 24, 1
   8              		.eabi_attribute 25, 1
   9              		.eabi_attribute 26, 1
  10              		.eabi_attribute 30, 1
  11              		.eabi_attribute 34, 1
  12              		.eabi_attribute 18, 4
  13              		.thumb
  14              		.syntax unified
  15              		.file	"cymetadata.c"
  16              		.text
  17              	.Ltext0:
  18              		.cfi_sections	.debug_frame
  19              		.global	cy_metadata
  20              		.global	cy_meta_flashprotect
  21              		.global	cy_meta_wonvl
  22              		.global	cy_meta_custnvl
  23              		.global	cy_meta_configecc
  24              		.section	.cyconfigecc,"a",%progbits
  25              		.align	2
  26              		.type	cy_meta_configecc, %object
  27              		.size	cy_meta_configecc, 420
  28              	cy_meta_configecc:
  29 0000 01       		.byte	1
  30 0001 4F       		.byte	79
  31 0002 00       		.byte	0
  32 0003 40       		.byte	64
  33 0004 01       		.byte	1
  34 0005 64       		.byte	100
  35 0006 00       		.byte	0
  36 0007 40       		.byte	64
  37 0008 01       		.byte	1
  38 0009 03       		.byte	3
  39 000a 01       		.byte	1
  40 000b 40       		.byte	64
  41 000c 01       		.byte	1
  42 000d 05       		.byte	5
  43 000e 01       		.byte	1
  44 000f 40       		.byte	64
  45 0010 01       		.byte	1
  46 0011 09       		.byte	9
  47 0012 01       		.byte	1
  48 0013 40       		.byte	64
  49 0014 50       		.byte	80
  50 0015 0A       		.byte	10
  51 0016 01       		.byte	1
  52 0017 40       		.byte	64
  53 0018 29       		.byte	41
  54 0019 0B       		.byte	11
  55 001a 01       		.byte	1
  56 001b 40       		.byte	64
  57 001c 01       		.byte	1
ARM GAS  C:\Users\laura\AppData\Local\Temp\cc1eKTf6.s 			page 2


  58 001d 0D       		.byte	13
  59 001e 01       		.byte	1
  60 001f 40       		.byte	64
  61 0020 03       		.byte	3
  62 0021 0E       		.byte	14
  63 0022 01       		.byte	1
  64 0023 40       		.byte	64
  65 0024 01       		.byte	1
  66 0025 0F       		.byte	15
  67 0026 01       		.byte	1
  68 0027 40       		.byte	64
  69 0028 01       		.byte	1
  70 0029 19       		.byte	25
  71 002a 01       		.byte	1
  72 002b 40       		.byte	64
  73 002c 01       		.byte	1
  74 002d 1B       		.byte	27
  75 002e 01       		.byte	1
  76 002f 40       		.byte	64
  77 0030 03       		.byte	3
  78 0031 40       		.byte	64
  79 0032 01       		.byte	1
  80 0033 40       		.byte	64
  81 0034 05       		.byte	5
  82 0035 41       		.byte	65
  83 0036 01       		.byte	1
  84 0037 40       		.byte	64
  85 0038 09       		.byte	9
  86 0039 42       		.byte	66
  87 003a 01       		.byte	1
  88 003b 40       		.byte	64
  89 003c 02       		.byte	2
  90 003d 4C       		.byte	76
  91 003e 01       		.byte	1
  92 003f 40       		.byte	64
  93 0040 02       		.byte	2
  94 0041 4D       		.byte	77
  95 0042 01       		.byte	1
  96 0043 40       		.byte	64
  97 0044 02       		.byte	2
  98 0045 50       		.byte	80
  99 0046 01       		.byte	1
 100 0047 40       		.byte	64
 101 0048 01       		.byte	1
 102 0049 51       		.byte	81
 103 004a 01       		.byte	1
 104 004b 40       		.byte	64
 105 004c 0A       		.byte	10
 106 004d 4B       		.byte	75
 107 004e 8B       		.byte	-117
 108 004f 0F       		.byte	15
 109 0050 EE       		.byte	-18
 110 0051 08       		.byte	8
 111 0052 E2       		.byte	-30
 112 0053 08       		.byte	8
 113 0054 9D       		.byte	-99
 114 0055 08       		.byte	8
ARM GAS  C:\Users\laura\AppData\Local\Temp\cc1eKTf6.s 			page 3


 115 0056 40       		.byte	64
 116 0057 54       		.byte	84
 117 0058 42       		.byte	66
 118 0059 03       		.byte	3
 119 005a 49       		.byte	73
 120 005b FF       		.byte	-1
 121 005c 4A       		.byte	74
 122 005d FF       		.byte	-1
 123 005e 4B       		.byte	75
 124 005f FF       		.byte	-1
 125 0060 4F       		.byte	79
 126 0061 01       		.byte	1
 127 0062 50       		.byte	80
 128 0063 18       		.byte	24
 129 0064 5A       		.byte	90
 130 0065 04       		.byte	4
 131 0066 5D       		.byte	93
 132 0067 01       		.byte	1
 133 0068 5F       		.byte	95
 134 0069 01       		.byte	1
 135 006a 60       		.byte	96
 136 006b 40       		.byte	64
 137 006c 62       		.byte	98
 138 006d 40       		.byte	64
 139 006e 64       		.byte	100
 140 006f 40       		.byte	64
 141 0070 65       		.byte	101
 142 0071 40       		.byte	64
 143 0072 66       		.byte	102
 144 0073 80       		.byte	-128
 145 0074 68       		.byte	104
 146 0075 80       		.byte	-128
 147 0076 6A       		.byte	106
 148 0077 80       		.byte	-128
 149 0078 6C       		.byte	108
 150 0079 80       		.byte	-128
 151 007a 6E       		.byte	110
 152 007b 80       		.byte	-128
 153 007c 82       		.byte	-126
 154 007d 20       		.byte	32
 155 007e 84       		.byte	-124
 156 007f 01       		.byte	1
 157 0080 86       		.byte	-122
 158 0081 02       		.byte	2
 159 0082 88       		.byte	-120
 160 0083 04       		.byte	4
 161 0084 89       		.byte	-119
 162 0085 30       		.byte	48
 163 0086 8A       		.byte	-118
 164 0087 08       		.byte	8
 165 0088 8B       		.byte	-117
 166 0089 C3       		.byte	-61
 167 008a 8C       		.byte	-116
 168 008b 0C       		.byte	12
 169 008c 91       		.byte	-111
 170 008d 55       		.byte	85
 171 008e 93       		.byte	-109
ARM GAS  C:\Users\laura\AppData\Local\Temp\cc1eKTf6.s 			page 4


 172 008f A0       		.byte	-96
 173 0090 94       		.byte	-108
 174 0091 10       		.byte	16
 175 0092 95       		.byte	-107
 176 0093 30       		.byte	48
 177 0094 97       		.byte	-105
 178 0095 C9       		.byte	-55
 179 0096 9A       		.byte	-102
 180 0097 01       		.byte	1
 181 0098 9B       		.byte	-101
 182 0099 FF       		.byte	-1
 183 009a 9C       		.byte	-100
 184 009b 0C       		.byte	12
 185 009c 9D       		.byte	-99
 186 009d 50       		.byte	80
 187 009e 9F       		.byte	-97
 188 009f AE       		.byte	-82
 189 00a0 A2       		.byte	-94
 190 00a1 21       		.byte	33
 191 00a2 A4       		.byte	-92
 192 00a3 04       		.byte	4
 193 00a4 A6       		.byte	-90
 194 00a5 08       		.byte	8
 195 00a6 B0       		.byte	-80
 196 00a7 20       		.byte	32
 197 00a8 B2       		.byte	-78
 198 00a9 01       		.byte	1
 199 00aa B3       		.byte	-77
 200 00ab F0       		.byte	-16
 201 00ac B4       		.byte	-76
 202 00ad 02       		.byte	2
 203 00ae B5       		.byte	-75
 204 00af 0F       		.byte	15
 205 00b0 B6       		.byte	-74
 206 00b1 1C       		.byte	28
 207 00b2 BA       		.byte	-70
 208 00b3 C0       		.byte	-64
 209 00b4 BB       		.byte	-69
 210 00b5 20       		.byte	32
 211 00b6 BE       		.byte	-66
 212 00b7 05       		.byte	5
 213 00b8 C0       		.byte	-64
 214 00b9 45       		.byte	69
 215 00ba C2       		.byte	-62
 216 00bb 03       		.byte	3
 217 00bc C5       		.byte	-59
 218 00bd EC       		.byte	-20
 219 00be C6       		.byte	-58
 220 00bf 02       		.byte	2
 221 00c0 C8       		.byte	-56
 222 00c1 07       		.byte	7
 223 00c2 C9       		.byte	-55
 224 00c3 FF       		.byte	-1
 225 00c4 CA       		.byte	-54
 226 00c5 FF       		.byte	-1
 227 00c6 CB       		.byte	-53
 228 00c7 FF       		.byte	-1
ARM GAS  C:\Users\laura\AppData\Local\Temp\cc1eKTf6.s 			page 5


 229 00c8 CD       		.byte	-51
 230 00c9 83       		.byte	-125
 231 00ca CE       		.byte	-50
 232 00cb 03       		.byte	3
 233 00cc CF       		.byte	-49
 234 00cd 01       		.byte	1
 235 00ce D0       		.byte	-48
 236 00cf 18       		.byte	24
 237 00d0 D2       		.byte	-46
 238 00d1 83       		.byte	-125
 239 00d2 D4       		.byte	-44
 240 00d3 03       		.byte	3
 241 00d4 D6       		.byte	-42
 242 00d5 04       		.byte	4
 243 00d6 D8       		.byte	-40
 244 00d7 04       		.byte	4
 245 00d8 D9       		.byte	-39
 246 00d9 04       		.byte	4
 247 00da DA       		.byte	-38
 248 00db 04       		.byte	4
 249 00dc DB       		.byte	-37
 250 00dd 04       		.byte	4
 251 00de DC       		.byte	-36
 252 00df 11       		.byte	17
 253 00e0 DD       		.byte	-35
 254 00e1 11       		.byte	17
 255 00e2 DF       		.byte	-33
 256 00e3 01       		.byte	1
 257 00e4 E0       		.byte	-32
 258 00e5 40       		.byte	64
 259 00e6 E2       		.byte	-30
 260 00e7 40       		.byte	64
 261 00e8 E4       		.byte	-28
 262 00e9 40       		.byte	64
 263 00ea E5       		.byte	-27
 264 00eb 40       		.byte	64
 265 00ec E6       		.byte	-26
 266 00ed 80       		.byte	-128
 267 00ee E8       		.byte	-24
 268 00ef 80       		.byte	-128
 269 00f0 EA       		.byte	-22
 270 00f1 80       		.byte	-128
 271 00f2 EC       		.byte	-20
 272 00f3 80       		.byte	-128
 273 00f4 EE       		.byte	-18
 274 00f5 80       		.byte	-128
 275 00f6 05       		.byte	5
 276 00f7 08       		.byte	8
 277 00f8 06       		.byte	6
 278 00f9 80       		.byte	-128
 279 00fa 07       		.byte	7
 280 00fb 09       		.byte	9
 281 00fc 0E       		.byte	14
 282 00fd 2A       		.byte	42
 283 00fe 16       		.byte	22
 284 00ff 40       		.byte	64
 285 0100 17       		.byte	23
ARM GAS  C:\Users\laura\AppData\Local\Temp\cc1eKTf6.s 			page 6


 286 0101 04       		.byte	4
 287 0102 1C       		.byte	28
 288 0103 10       		.byte	16
 289 0104 1D       		.byte	29
 290 0105 48       		.byte	72
 291 0106 1E       		.byte	30
 292 0107 6A       		.byte	106
 293 0108 27       		.byte	39
 294 0109 28       		.byte	40
 295 010a 35       		.byte	53
 296 010b 40       		.byte	64
 297 010c 36       		.byte	54
 298 010d 10       		.byte	16
 299 010e 37       		.byte	55
 300 010f 09       		.byte	9
 301 0110 3E       		.byte	62
 302 0111 10       		.byte	16
 303 0112 40       		.byte	64
 304 0113 10       		.byte	16
 305 0114 42       		.byte	66
 306 0115 80       		.byte	-128
 307 0116 45       		.byte	69
 308 0117 08       		.byte	8
 309 0118 46       		.byte	70
 310 0119 40       		.byte	64
 311 011a 48       		.byte	72
 312 011b 01       		.byte	1
 313 011c 4D       		.byte	77
 314 011d 04       		.byte	4
 315 011e 4F       		.byte	79
 316 011f 81       		.byte	-127
 317 0120 56       		.byte	86
 318 0121 80       		.byte	-128
 319 0122 57       		.byte	87
 320 0123 40       		.byte	64
 321 0124 5D       		.byte	93
 322 0125 04       		.byte	4
 323 0126 5E       		.byte	94
 324 0127 40       		.byte	64
 325 0128 5F       		.byte	95
 326 0129 21       		.byte	33
 327 012a 67       		.byte	103
 328 012b 80       		.byte	-128
 329 012c 6E       		.byte	110
 330 012d 10       		.byte	16
 331 012e 6F       		.byte	111
 332 012f 05       		.byte	5
 333 0130 74       		.byte	116
 334 0131 01       		.byte	1
 335 0132 76       		.byte	118
 336 0133 40       		.byte	64
 337 0134 87       		.byte	-121
 338 0135 40       		.byte	64
 339 0136 C0       		.byte	-64
 340 0137 F0       		.byte	-16
 341 0138 C2       		.byte	-62
 342 0139 E0       		.byte	-32
ARM GAS  C:\Users\laura\AppData\Local\Temp\cc1eKTf6.s 			page 7


 343 013a C4       		.byte	-60
 344 013b 30       		.byte	48
 345 013c CC       		.byte	-52
 346 013d F0       		.byte	-16
 347 013e CE       		.byte	-50
 348 013f 20       		.byte	32
 349 0140 D0       		.byte	-48
 350 0141 C3       		.byte	-61
 351 0142 D2       		.byte	-46
 352 0143 18       		.byte	24
 353 0144 D6       		.byte	-42
 354 0145 F0       		.byte	-16
 355 0146 D8       		.byte	-40
 356 0147 80       		.byte	-128
 357 0148 AF       		.byte	-81
 358 0149 20       		.byte	32
 359 014a BE       		.byte	-66
 360 014b 10       		.byte	16
 361 014c D8       		.byte	-40
 362 014d 04       		.byte	4
 363 014e DF       		.byte	-33
 364 014f 01       		.byte	1
 365 0150 1F       		.byte	31
 366 0151 20       		.byte	32
 367 0152 9D       		.byte	-99
 368 0153 08       		.byte	8
 369 0154 B5       		.byte	-75
 370 0155 08       		.byte	8
 371 0156 32       		.byte	50
 372 0157 80       		.byte	-128
 373 0158 35       		.byte	53
 374 0159 80       		.byte	-128
 375 015a CC       		.byte	-52
 376 015b 30       		.byte	48
 377 015c 9D       		.byte	-99
 378 015d 80       		.byte	-128
 379 015e A3       		.byte	-93
 380 015f 01       		.byte	1
 381 0160 A6       		.byte	-90
 382 0161 80       		.byte	-128
 383 0162 AF       		.byte	-81
 384 0163 01       		.byte	1
 385 0164 EE       		.byte	-18
 386 0165 10       		.byte	16
 387 0166 12       		.byte	18
 388 0167 80       		.byte	-128
 389 0168 63       		.byte	99
 390 0169 02       		.byte	2
 391 016a 85       		.byte	-123
 392 016b 80       		.byte	-128
 393 016c 9D       		.byte	-99
 394 016d 80       		.byte	-128
 395 016e A3       		.byte	-93
 396 016f 01       		.byte	1
 397 0170 A6       		.byte	-90
 398 0171 80       		.byte	-128
 399 0172 C4       		.byte	-60
ARM GAS  C:\Users\laura\AppData\Local\Temp\cc1eKTf6.s 			page 8


 400 0173 10       		.byte	16
 401 0174 D6       		.byte	-42
 402 0175 40       		.byte	64
 403 0176 E2       		.byte	-30
 404 0177 10       		.byte	16
 405 0178 00       		.byte	0
 406 0179 40       		.byte	64
 407 017a C0       		.byte	-64
 408 017b 02       		.byte	2
 409 017c B4       		.byte	-76
 410 017d 40       		.byte	64
 411 017e EA       		.byte	-22
 412 017f 02       		.byte	2
 413 0180 00       		.byte	0
 414 0181 02       		.byte	2
 415 0182 0C       		.byte	12
 416 0183 02       		.byte	2
 417 0184 00       		.byte	0
 418 0185 0F       		.byte	15
 419 0186 00       		.byte	0
 420 0187 00       		.byte	0
 421 0188 00       		.byte	0
 422 0189 01       		.byte	1
 423 018a 01       		.byte	1
 424 018b 00       		.byte	0
 425 018c 00       		.byte	0
 426 018d 00       		.byte	0
 427 018e 00       		.byte	0
 428 018f 00       		.byte	0
 429 0190 04       		.byte	4
 430 0191 00       		.byte	0
 431 0192 00       		.byte	0
 432 0193 0F       		.byte	15
 433 0194 0B       		.byte	11
 434 0195 00       		.byte	0
 435 0196 00       		.byte	0
 436 0197 00       		.byte	0
 437 0198 00       		.byte	0
 438 0199 00       		.byte	0
 439 019a 00       		.byte	0
 440 019b 00       		.byte	0
 441 019c 00       		.byte	0
 442 019d 7F       		.byte	127
 443 019e 7F       		.byte	127
 444 019f 00       		.byte	0
 445 01a0 00       		.byte	0
 446 01a1 00       		.byte	0
 447 01a2 00       		.byte	0
 448 01a3 00       		.byte	0
 449              		.section	.cywolatch,"a",%progbits
 450              		.align	2
 451              		.type	cy_meta_wonvl, %object
 452              		.size	cy_meta_wonvl, 4
 453              	cy_meta_wonvl:
 454 0000 BC       		.byte	-68
 455 0001 90       		.byte	-112
 456 0002 AC       		.byte	-84
ARM GAS  C:\Users\laura\AppData\Local\Temp\cc1eKTf6.s 			page 9


 457 0003 AF       		.byte	-81
 458              		.section	.cycustnvl,"a",%progbits
 459              		.align	2
 460              		.type	cy_meta_custnvl, %object
 461              		.size	cy_meta_custnvl, 4
 462              	cy_meta_custnvl:
 463 0000 00       		.byte	0
 464 0001 00       		.byte	0
 465 0002 40       		.byte	64
 466 0003 05       		.byte	5
 467              		.section	.cymeta,"a",%progbits
 468              		.align	2
 469              		.type	cy_metadata, %object
 470              		.size	cy_metadata, 12
 471              	cy_metadata:
 472 0000 00       		.byte	0
 473 0001 01       		.byte	1
 474 0002 2E       		.byte	46
 475 0003 16       		.byte	22
 476 0004 10       		.byte	16
 477 0005 69       		.byte	105
 478 0006 00       		.byte	0
 479 0007 01       		.byte	1
 480 0008 00       		.byte	0
 481 0009 00       		.byte	0
 482 000a 00       		.byte	0
 483 000b 00       		.byte	0
 484              		.section	.cyflashprotect,"a",%progbits
 485              		.align	2
 486              		.type	cy_meta_flashprotect, %object
 487              		.size	cy_meta_flashprotect, 256
 488              	cy_meta_flashprotect:
 489 0000 00000000 		.space	256
 489      00000000 
 489      00000000 
 489      00000000 
 489      00000000 
 490              		.text
 491              	.Letext0:
 492              		.file 1 "c:\\program files (x86)\\cypress\\psoc creator\\4.4\\psoc creator\\import\\gnu\\arm\\5.4.
 493              		.file 2 "c:\\program files (x86)\\cypress\\psoc creator\\4.4\\psoc creator\\import\\gnu\\arm\\5.4.
 494              		.file 3 "Generated_Source\\PSoC5\\cymetadata.c"
 495              		.section	.debug_info,"",%progbits
 496              	.Ldebug_info0:
 497 0000 31010000 		.4byte	0x131
 498 0004 0400     		.2byte	0x4
 499 0006 00000000 		.4byte	.Ldebug_abbrev0
 500 000a 04       		.byte	0x4
 501 000b 01       		.uleb128 0x1
 502 000c 83000000 		.4byte	.LASF17
 503 0010 0C       		.byte	0xc
 504 0011 DD010000 		.4byte	.LASF18
 505 0015 0A000000 		.4byte	.LASF19
 506 0019 00000000 		.4byte	.Ldebug_line0
 507 001d 02       		.uleb128 0x2
 508 001e 01       		.byte	0x1
 509 001f 06       		.byte	0x6
ARM GAS  C:\Users\laura\AppData\Local\Temp\cc1eKTf6.s 			page 10


 510 0020 D1010000 		.4byte	.LASF0
 511 0024 03       		.uleb128 0x3
 512 0025 00000000 		.4byte	.LASF9
 513 0029 01       		.byte	0x1
 514 002a 1D       		.byte	0x1d
 515 002b 2F000000 		.4byte	0x2f
 516 002f 02       		.uleb128 0x2
 517 0030 01       		.byte	0x1
 518 0031 08       		.byte	0x8
 519 0032 75000000 		.4byte	.LASF1
 520 0036 02       		.uleb128 0x2
 521 0037 02       		.byte	0x2
 522 0038 05       		.byte	0x5
 523 0039 BE010000 		.4byte	.LASF2
 524 003d 02       		.uleb128 0x2
 525 003e 02       		.byte	0x2
 526 003f 07       		.byte	0x7
 527 0040 23010000 		.4byte	.LASF3
 528 0044 02       		.uleb128 0x2
 529 0045 04       		.byte	0x4
 530 0046 05       		.byte	0x5
 531 0047 C8010000 		.4byte	.LASF4
 532 004b 02       		.uleb128 0x2
 533 004c 04       		.byte	0x4
 534 004d 07       		.byte	0x7
 535 004e 11010000 		.4byte	.LASF5
 536 0052 02       		.uleb128 0x2
 537 0053 08       		.byte	0x8
 538 0054 05       		.byte	0x5
 539 0055 B0010000 		.4byte	.LASF6
 540 0059 02       		.uleb128 0x2
 541 005a 08       		.byte	0x8
 542 005b 07       		.byte	0x7
 543 005c 65010000 		.4byte	.LASF7
 544 0060 04       		.uleb128 0x4
 545 0061 04       		.byte	0x4
 546 0062 05       		.byte	0x5
 547 0063 696E7400 		.ascii	"int\000"
 548 0067 02       		.uleb128 0x2
 549 0068 04       		.byte	0x4
 550 0069 07       		.byte	0x7
 551 006a 58010000 		.4byte	.LASF8
 552 006e 03       		.uleb128 0x3
 553 006f 7C010000 		.4byte	.LASF10
 554 0073 02       		.byte	0x2
 555 0074 18       		.byte	0x18
 556 0075 24000000 		.4byte	0x24
 557 0079 05       		.uleb128 0x5
 558 007a 91000000 		.4byte	0x91
 559 007e 8A000000 		.4byte	0x8a
 560 0082 06       		.uleb128 0x6
 561 0083 8A000000 		.4byte	0x8a
 562 0087 A301     		.2byte	0x1a3
 563 0089 00       		.byte	0
 564 008a 02       		.uleb128 0x2
 565 008b 04       		.byte	0x4
 566 008c 07       		.byte	0x7
ARM GAS  C:\Users\laura\AppData\Local\Temp\cc1eKTf6.s 			page 11


 567 008d A7010000 		.4byte	.LASF11
 568 0091 07       		.uleb128 0x7
 569 0092 6E000000 		.4byte	0x6e
 570 0096 08       		.uleb128 0x8
 571 0097 46010000 		.4byte	.LASF12
 572 009b 03       		.byte	0x3
 573 009c 1F       		.byte	0x1f
 574 009d A7000000 		.4byte	0xa7
 575 00a1 05       		.uleb128 0x5
 576 00a2 03       		.byte	0x3
 577 00a3 00000000 		.4byte	cy_meta_configecc
 578 00a7 07       		.uleb128 0x7
 579 00a8 79000000 		.4byte	0x79
 580 00ac 05       		.uleb128 0x5
 581 00ad 91000000 		.4byte	0x91
 582 00b1 BC000000 		.4byte	0xbc
 583 00b5 09       		.uleb128 0x9
 584 00b6 8A000000 		.4byte	0x8a
 585 00ba 03       		.byte	0x3
 586 00bb 00       		.byte	0
 587 00bc 08       		.uleb128 0x8
 588 00bd 36010000 		.4byte	.LASF13
 589 00c1 03       		.byte	0x3
 590 00c2 61       		.byte	0x61
 591 00c3 CD000000 		.4byte	0xcd
 592 00c7 05       		.uleb128 0x5
 593 00c8 03       		.byte	0x3
 594 00c9 00000000 		.4byte	cy_meta_custnvl
 595 00cd 07       		.uleb128 0x7
 596 00ce AC000000 		.4byte	0xac
 597 00d2 08       		.uleb128 0x8
 598 00d3 99010000 		.4byte	.LASF14
 599 00d7 03       		.byte	0x3
 600 00d8 6F       		.byte	0x6f
 601 00d9 E3000000 		.4byte	0xe3
 602 00dd 05       		.uleb128 0x5
 603 00de 03       		.byte	0x3
 604 00df 00000000 		.4byte	cy_meta_wonvl
 605 00e3 07       		.uleb128 0x7
 606 00e4 AC000000 		.4byte	0xac
 607 00e8 05       		.uleb128 0x5
 608 00e9 91000000 		.4byte	0x91
 609 00ed F8000000 		.4byte	0xf8
 610 00f1 09       		.uleb128 0x9
 611 00f2 8A000000 		.4byte	0x8a
 612 00f6 FF       		.byte	0xff
 613 00f7 00       		.byte	0
 614 00f8 08       		.uleb128 0x8
 615 00f9 84010000 		.4byte	.LASF15
 616 00fd 03       		.byte	0x3
 617 00fe 7D       		.byte	0x7d
 618 00ff 09010000 		.4byte	0x109
 619 0103 05       		.uleb128 0x5
 620 0104 03       		.byte	0x3
 621 0105 00000000 		.4byte	cy_meta_flashprotect
 622 0109 07       		.uleb128 0x7
 623 010a E8000000 		.4byte	0xe8
ARM GAS  C:\Users\laura\AppData\Local\Temp\cc1eKTf6.s 			page 12


 624 010e 05       		.uleb128 0x5
 625 010f 91000000 		.4byte	0x91
 626 0113 1E010000 		.4byte	0x11e
 627 0117 09       		.uleb128 0x9
 628 0118 8A000000 		.4byte	0x8a
 629 011c 0B       		.byte	0xb
 630 011d 00       		.byte	0
 631 011e 08       		.uleb128 0x8
 632 011f 69000000 		.4byte	.LASF16
 633 0123 03       		.byte	0x3
 634 0124 AA       		.byte	0xaa
 635 0125 2F010000 		.4byte	0x12f
 636 0129 05       		.uleb128 0x5
 637 012a 03       		.byte	0x3
 638 012b 00000000 		.4byte	cy_metadata
 639 012f 07       		.uleb128 0x7
 640 0130 0E010000 		.4byte	0x10e
 641 0134 00       		.byte	0
 642              		.section	.debug_abbrev,"",%progbits
 643              	.Ldebug_abbrev0:
 644 0000 01       		.uleb128 0x1
 645 0001 11       		.uleb128 0x11
 646 0002 01       		.byte	0x1
 647 0003 25       		.uleb128 0x25
 648 0004 0E       		.uleb128 0xe
 649 0005 13       		.uleb128 0x13
 650 0006 0B       		.uleb128 0xb
 651 0007 03       		.uleb128 0x3
 652 0008 0E       		.uleb128 0xe
 653 0009 1B       		.uleb128 0x1b
 654 000a 0E       		.uleb128 0xe
 655 000b 10       		.uleb128 0x10
 656 000c 17       		.uleb128 0x17
 657 000d 00       		.byte	0
 658 000e 00       		.byte	0
 659 000f 02       		.uleb128 0x2
 660 0010 24       		.uleb128 0x24
 661 0011 00       		.byte	0
 662 0012 0B       		.uleb128 0xb
 663 0013 0B       		.uleb128 0xb
 664 0014 3E       		.uleb128 0x3e
 665 0015 0B       		.uleb128 0xb
 666 0016 03       		.uleb128 0x3
 667 0017 0E       		.uleb128 0xe
 668 0018 00       		.byte	0
 669 0019 00       		.byte	0
 670 001a 03       		.uleb128 0x3
 671 001b 16       		.uleb128 0x16
 672 001c 00       		.byte	0
 673 001d 03       		.uleb128 0x3
 674 001e 0E       		.uleb128 0xe
 675 001f 3A       		.uleb128 0x3a
 676 0020 0B       		.uleb128 0xb
 677 0021 3B       		.uleb128 0x3b
 678 0022 0B       		.uleb128 0xb
 679 0023 49       		.uleb128 0x49
 680 0024 13       		.uleb128 0x13
ARM GAS  C:\Users\laura\AppData\Local\Temp\cc1eKTf6.s 			page 13


 681 0025 00       		.byte	0
 682 0026 00       		.byte	0
 683 0027 04       		.uleb128 0x4
 684 0028 24       		.uleb128 0x24
 685 0029 00       		.byte	0
 686 002a 0B       		.uleb128 0xb
 687 002b 0B       		.uleb128 0xb
 688 002c 3E       		.uleb128 0x3e
 689 002d 0B       		.uleb128 0xb
 690 002e 03       		.uleb128 0x3
 691 002f 08       		.uleb128 0x8
 692 0030 00       		.byte	0
 693 0031 00       		.byte	0
 694 0032 05       		.uleb128 0x5
 695 0033 01       		.uleb128 0x1
 696 0034 01       		.byte	0x1
 697 0035 49       		.uleb128 0x49
 698 0036 13       		.uleb128 0x13
 699 0037 01       		.uleb128 0x1
 700 0038 13       		.uleb128 0x13
 701 0039 00       		.byte	0
 702 003a 00       		.byte	0
 703 003b 06       		.uleb128 0x6
 704 003c 21       		.uleb128 0x21
 705 003d 00       		.byte	0
 706 003e 49       		.uleb128 0x49
 707 003f 13       		.uleb128 0x13
 708 0040 2F       		.uleb128 0x2f
 709 0041 05       		.uleb128 0x5
 710 0042 00       		.byte	0
 711 0043 00       		.byte	0
 712 0044 07       		.uleb128 0x7
 713 0045 26       		.uleb128 0x26
 714 0046 00       		.byte	0
 715 0047 49       		.uleb128 0x49
 716 0048 13       		.uleb128 0x13
 717 0049 00       		.byte	0
 718 004a 00       		.byte	0
 719 004b 08       		.uleb128 0x8
 720 004c 34       		.uleb128 0x34
 721 004d 00       		.byte	0
 722 004e 03       		.uleb128 0x3
 723 004f 0E       		.uleb128 0xe
 724 0050 3A       		.uleb128 0x3a
 725 0051 0B       		.uleb128 0xb
 726 0052 3B       		.uleb128 0x3b
 727 0053 0B       		.uleb128 0xb
 728 0054 49       		.uleb128 0x49
 729 0055 13       		.uleb128 0x13
 730 0056 3F       		.uleb128 0x3f
 731 0057 19       		.uleb128 0x19
 732 0058 02       		.uleb128 0x2
 733 0059 18       		.uleb128 0x18
 734 005a 00       		.byte	0
 735 005b 00       		.byte	0
 736 005c 09       		.uleb128 0x9
 737 005d 21       		.uleb128 0x21
ARM GAS  C:\Users\laura\AppData\Local\Temp\cc1eKTf6.s 			page 14


 738 005e 00       		.byte	0
 739 005f 49       		.uleb128 0x49
 740 0060 13       		.uleb128 0x13
 741 0061 2F       		.uleb128 0x2f
 742 0062 0B       		.uleb128 0xb
 743 0063 00       		.byte	0
 744 0064 00       		.byte	0
 745 0065 00       		.byte	0
 746              		.section	.debug_aranges,"",%progbits
 747 0000 14000000 		.4byte	0x14
 748 0004 0200     		.2byte	0x2
 749 0006 00000000 		.4byte	.Ldebug_info0
 750 000a 04       		.byte	0x4
 751 000b 00       		.byte	0
 752 000c 0000     		.2byte	0
 753 000e 0000     		.2byte	0
 754 0010 00000000 		.4byte	0
 755 0014 00000000 		.4byte	0
 756              		.section	.debug_line,"",%progbits
 757              	.Ldebug_line0:
 758 0000 3D010000 		.section	.debug_str,"MS",%progbits,1
 758      02003701 
 758      00000201 
 758      FB0E0D00 
 758      01010101 
 759              	.LASF9:
 760 0000 5F5F7569 		.ascii	"__uint8_t\000"
 760      6E74385F 
 760      7400
 761              	.LASF19:
 762 000a 433A5C55 		.ascii	"C:\\Users\\laura\\Downloads\\Practica 9\\Practica 9"
 762      73657273 
 762      5C6C6175 
 762      72615C44 
 762      6F776E6C 
 763 0038 5C507261 		.ascii	"\\Practica 9\\Practica 9_TemperaturaYHumedad.cydsn\000"
 763      63746963 
 763      6120395C 
 763      50726163 
 763      74696361 
 764              	.LASF16:
 765 0069 63795F6D 		.ascii	"cy_metadata\000"
 765      65746164 
 765      61746100 
 766              	.LASF1:
 767 0075 756E7369 		.ascii	"unsigned char\000"
 767      676E6564 
 767      20636861 
 767      7200
 768              	.LASF17:
 769 0083 474E5520 		.ascii	"GNU C11 5.4.1 20160609 (release) [ARM/embedded-5-br"
 769      43313120 
 769      352E342E 
 769      31203230 
 769      31363036 
 770 00b6 616E6368 		.ascii	"anch revision 237715] -mcpu=cortex-m3 -mthumb -g -O"
 770      20726576 
ARM GAS  C:\Users\laura\AppData\Local\Temp\cc1eKTf6.s 			page 15


 770      6973696F 
 770      6E203233 
 770      37373135 
 771 00e9 67202D66 		.ascii	"g -ffunction-sections -ffat-lto-objects\000"
 771      66756E63 
 771      74696F6E 
 771      2D736563 
 771      74696F6E 
 772              	.LASF5:
 773 0111 6C6F6E67 		.ascii	"long unsigned int\000"
 773      20756E73 
 773      69676E65 
 773      6420696E 
 773      7400
 774              	.LASF3:
 775 0123 73686F72 		.ascii	"short unsigned int\000"
 775      7420756E 
 775      7369676E 
 775      65642069 
 775      6E7400
 776              	.LASF13:
 777 0136 63795F6D 		.ascii	"cy_meta_custnvl\000"
 777      6574615F 
 777      63757374 
 777      6E766C00 
 778              	.LASF12:
 779 0146 63795F6D 		.ascii	"cy_meta_configecc\000"
 779      6574615F 
 779      636F6E66 
 779      69676563 
 779      6300
 780              	.LASF8:
 781 0158 756E7369 		.ascii	"unsigned int\000"
 781      676E6564 
 781      20696E74 
 781      00
 782              	.LASF7:
 783 0165 6C6F6E67 		.ascii	"long long unsigned int\000"
 783      206C6F6E 
 783      6720756E 
 783      7369676E 
 783      65642069 
 784              	.LASF10:
 785 017c 75696E74 		.ascii	"uint8_t\000"
 785      385F7400 
 786              	.LASF15:
 787 0184 63795F6D 		.ascii	"cy_meta_flashprotect\000"
 787      6574615F 
 787      666C6173 
 787      6870726F 
 787      74656374 
 788              	.LASF14:
 789 0199 63795F6D 		.ascii	"cy_meta_wonvl\000"
 789      6574615F 
 789      776F6E76 
 789      6C00
 790              	.LASF11:
ARM GAS  C:\Users\laura\AppData\Local\Temp\cc1eKTf6.s 			page 16


 791 01a7 73697A65 		.ascii	"sizetype\000"
 791      74797065 
 791      00
 792              	.LASF6:
 793 01b0 6C6F6E67 		.ascii	"long long int\000"
 793      206C6F6E 
 793      6720696E 
 793      7400
 794              	.LASF2:
 795 01be 73686F72 		.ascii	"short int\000"
 795      7420696E 
 795      7400
 796              	.LASF4:
 797 01c8 6C6F6E67 		.ascii	"long int\000"
 797      20696E74 
 797      00
 798              	.LASF0:
 799 01d1 7369676E 		.ascii	"signed char\000"
 799      65642063 
 799      68617200 
 800              	.LASF18:
 801 01dd 47656E65 		.ascii	"Generated_Source\\PSoC5\\cymetadata.c\000"
 801      72617465 
 801      645F536F 
 801      75726365 
 801      5C50536F 
 802              		.ident	"GCC: (GNU Tools for ARM Embedded Processors) 5.4.1 20160609 (release) [ARM/embedded-5-bran
